#
# There is insufficient memory for the Java Runtime Environment to continue.
# Native memory allocation (malloc) failed to allocate 101744 bytes for Chunk::new
# Possible reasons:
#   The system is out of physical RAM or swap space
#   The process is running with CompressedOops enabled, and the Java Heap may be blocking the growth of the native heap
# Possible solutions:
#   Reduce memory load on the system
#   Increase physical memory or swap space
#   Check if swap backing store is full
#   Decrease Java heap size (-Xmx/-Xms)
#   Decrease number of Java threads
#   Decrease Java thread stack sizes (-Xss)
#   Set larger code cache with -XX:ReservedCodeCacheSize=
#   JVM is running with Zero Based Compressed Oops mode in which the Java heap is
#     placed in the first 32GB address space. The Java Heap base address is the
#     maximum limit for the native heap growth. Please use -XX:HeapBaseMinAddress
#     to set the Java Heap base and to place the Java Heap above 32GB virtual address.
# This output file may be truncated or incomplete.
#
#  Out of Memory Error (arena.cpp:189), pid=14160, tid=7636
#
# JRE version: OpenJDK Runtime Environment (17.0.2+8) (build 17.0.2+8-86)
# Java VM: OpenJDK 64-Bit Server VM (17.0.2+8-86, mixed mode, sharing, tiered, compressed oops, compressed class ptrs, g1 gc, windows-amd64)
# No core dump will be written. Minidumps are not enabled by default on client versions of Windows
#

---------------  S U M M A R Y ------------

Command Line: -Dfile.encoding=UTF-8 -Duser.country=KR -Duser.language=ko -Duser.variant org.example.fourtreesproject.ProjectApplication

Host: Intel(R) Core(TM) i7-8565U CPU @ 1.80GHz, 8 cores, 15G,  Windows 10 , 64 bit Build 19041 (10.0.19041.4597)
Time: Tue Jul 23 17:07:18 2024  Windows 10 , 64 bit Build 19041 (10.0.19041.4597) elapsed time: 80.828498 seconds (0d 0h 1m 20s)

---------------  T H R E A D  ---------------

Current thread (0x000001b758e89060):  JavaThread "C2 CompilerThread1" daemon [_thread_in_native, id=7636, stack(0x000000291b900000,0x000000291ba00000)]


Current CompileTask:
C2:  80828 9561   !   4       java.util.concurrent.ConcurrentHashMap::replaceNode (437 bytes)

Stack: [0x000000291b900000,0x000000291ba00000]
Native frames: (J=compiled Java code, j=interpreted, Vv=VM code, C=native code)
V  [jvm.dll+0x670baa]
V  [jvm.dll+0x7cfcb4]
V  [jvm.dll+0x7d145e]
V  [jvm.dll+0x7d1ac3]
V  [jvm.dll+0x242bc5]
V  [jvm.dll+0xaa57b]
V  [jvm.dll+0xaab0c]
V  [jvm.dll+0x35fd07]
V  [jvm.dll+0x1b9982]
V  [jvm.dll+0x215de9]
V  [jvm.dll+0x2150b1]
V  [jvm.dll+0x1a1bbd]
V  [jvm.dll+0x224908]
V  [jvm.dll+0x222a6c]
V  [jvm.dll+0x7859bb]
V  [jvm.dll+0x77ff7a]
V  [jvm.dll+0x66fa35]
C  [ucrtbase.dll+0x21bb2]
C  [KERNEL32.DLL+0x17374]
C  [ntdll.dll+0x4cc91]


---------------  P R O C E S S  ---------------

Threads class SMR info:
_java_thread_list=0x000001b752c00d30, length=30, elements={
0x000001b74f7605f0, 0x000001b74f761370, 0x000001b74f77d020, 0x000001b74f77dbd0,
0x000001b74f7815a0, 0x000001b74f782f60, 0x000001b74f783c40, 0x000001b74f786640,
0x000001b75004bfe0, 0x000001b7501e17b0, 0x000001b7501ee0d0, 0x000001b7510685f0,
0x000001b750f1d100, 0x000001b757242bd0, 0x000001b7572430a0, 0x000001b752860000,
0x000001b754752400, 0x000001b752eafba0, 0x000001b752eb2220, 0x000001b752eaed30,
0x000001b752eb0a10, 0x000001b752eaf6d0, 0x000001b752eb0ee0, 0x000001b752eb0070,
0x000001b752eb0540, 0x000001b752eb13b0, 0x000001b752eb1880, 0x000001b752eaf200,
0x000001b752eb1d50, 0x000001b758e89060
}

Java Threads: ( => current thread )
  0x000001b74f7605f0 JavaThread "Reference Handler" daemon [_thread_blocked, id=19844, stack(0x000000291c300000,0x000000291c400000)]
  0x000001b74f761370 JavaThread "Finalizer" daemon [_thread_blocked, id=9448, stack(0x000000291c400000,0x000000291c500000)]
  0x000001b74f77d020 JavaThread "Signal Dispatcher" daemon [_thread_blocked, id=15216, stack(0x000000291c500000,0x000000291c600000)]
  0x000001b74f77dbd0 JavaThread "Attach Listener" daemon [_thread_blocked, id=18508, stack(0x000000291c600000,0x000000291c700000)]
  0x000001b74f7815a0 JavaThread "Service Thread" daemon [_thread_blocked, id=17728, stack(0x000000291c700000,0x000000291c800000)]
  0x000001b74f782f60 JavaThread "Monitor Deflation Thread" daemon [_thread_blocked, id=19240, stack(0x000000291c800000,0x000000291c900000)]
  0x000001b74f783c40 JavaThread "C2 CompilerThread0" daemon [_thread_in_native, id=21828, stack(0x000000291c900000,0x000000291ca00000)]
  0x000001b74f786640 JavaThread "C1 CompilerThread0" daemon [_thread_blocked, id=19592, stack(0x000000291ca00000,0x000000291cb00000)]
  0x000001b75004bfe0 JavaThread "Sweeper thread" daemon [_thread_blocked, id=12244, stack(0x000000291cb00000,0x000000291cc00000)]
  0x000001b7501e17b0 JavaThread "Notification Thread" daemon [_thread_blocked, id=9208, stack(0x000000291cc00000,0x000000291cd00000)]
  0x000001b7501ee0d0 JavaThread "Common-Cleaner" daemon [_thread_blocked, id=1620, stack(0x000000291ce00000,0x000000291cf00000)]
  0x000001b7510685f0 JavaThread "HikariPool-1 housekeeper" daemon [_thread_blocked, id=22140, stack(0x000000291da00000,0x000000291db00000)]
  0x000001b750f1d100 JavaThread "Catalina-utility-1" [_thread_blocked, id=21080, stack(0x000000291dc00000,0x000000291dd00000)]
  0x000001b757242bd0 JavaThread "Catalina-utility-2" [_thread_blocked, id=20568, stack(0x000000291dd00000,0x000000291de00000)]
  0x000001b7572430a0 JavaThread "container-0" [_thread_blocked, id=21496, stack(0x000000291de00000,0x000000291df00000)]
  0x000001b752860000 JavaThread "java-sdk-http-connection-reaper" daemon [_thread_blocked, id=12292, stack(0x000000291df00000,0x000000291e000000)]
  0x000001b754752400 JavaThread "http-nio-8080-exec-1" daemon [_thread_blocked, id=22136, stack(0x000000291db00000,0x000000291dc00000)]
  0x000001b752eafba0 JavaThread "http-nio-8080-exec-2" daemon [_thread_blocked, id=20116, stack(0x000000291e000000,0x000000291e100000)]
  0x000001b752eb2220 JavaThread "http-nio-8080-exec-3" daemon [_thread_blocked, id=7004, stack(0x000000291e100000,0x000000291e200000)]
  0x000001b752eaed30 JavaThread "http-nio-8080-exec-4" daemon [_thread_blocked, id=9568, stack(0x000000291e200000,0x000000291e300000)]
  0x000001b752eb0a10 JavaThread "http-nio-8080-exec-5" daemon [_thread_blocked, id=16964, stack(0x000000291e300000,0x000000291e400000)]
  0x000001b752eaf6d0 JavaThread "http-nio-8080-exec-6" daemon [_thread_blocked, id=17812, stack(0x000000291e400000,0x000000291e500000)]
  0x000001b752eb0ee0 JavaThread "http-nio-8080-exec-7" daemon [_thread_blocked, id=20916, stack(0x000000291e500000,0x000000291e600000)]
  0x000001b752eb0070 JavaThread "http-nio-8080-exec-8" daemon [_thread_blocked, id=17856, stack(0x000000291e600000,0x000000291e700000)]
  0x000001b752eb0540 JavaThread "http-nio-8080-exec-9" daemon [_thread_blocked, id=20280, stack(0x000000291e700000,0x000000291e800000)]
  0x000001b752eb13b0 JavaThread "http-nio-8080-exec-10" daemon [_thread_blocked, id=17480, stack(0x000000291e800000,0x000000291e900000)]
  0x000001b752eb1880 JavaThread "http-nio-8080-Poller" daemon [_thread_in_native, id=20756, stack(0x000000291e900000,0x000000291ea00000)]
  0x000001b752eaf200 JavaThread "http-nio-8080-Acceptor" daemon [_thread_in_native, id=16128, stack(0x000000291ea00000,0x000000291eb00000)]
  0x000001b752eb1d50 JavaThread "DestroyJavaVM" [_thread_blocked, id=9796, stack(0x000000291bc00000,0x000000291bd00000)]
=>0x000001b758e89060 JavaThread "C2 CompilerThread1" daemon [_thread_in_native, id=7636, stack(0x000000291b900000,0x000000291ba00000)]

Other Threads:
  0x000001b750042410 VMThread "VM Thread" [stack: 0x000000291c200000,0x000000291c300000] [id=13536]
  0x000001b72cbd95d0 WatcherThread [stack: 0x000000291cd00000,0x000000291ce00000] [id=21032]
  0x000001b72cba9340 GCTaskThread "GC Thread#0" [stack: 0x000000291bd00000,0x000000291be00000] [id=10492]
  0x000001b750dbab20 GCTaskThread "GC Thread#1" [stack: 0x000000291d100000,0x000000291d200000] [id=15844]
  0x000001b751112af0 GCTaskThread "GC Thread#2" [stack: 0x000000291d200000,0x000000291d300000] [id=17916]
  0x000001b751112da0 GCTaskThread "GC Thread#3" [stack: 0x000000291d300000,0x000000291d400000] [id=3796]
  0x000001b751113050 GCTaskThread "GC Thread#4" [stack: 0x000000291d400000,0x000000291d500000] [id=16340]
  0x000001b751113300 GCTaskThread "GC Thread#5" [stack: 0x000000291d500000,0x000000291d600000] [id=18820]
  0x000001b7515018f0 GCTaskThread "GC Thread#6" [stack: 0x000000291d700000,0x000000291d800000] [id=17536]
  0x000001b752e1de90 GCTaskThread "GC Thread#7" [stack: 0x000000291d600000,0x000000291d700000] [id=22184]
  0x000001b72cbbaf60 ConcurrentGCThread "G1 Main Marker" [stack: 0x000000291be00000,0x000000291bf00000] [id=12084]
  0x000001b72cbbb970 ConcurrentGCThread "G1 Conc#0" [stack: 0x000000291bf00000,0x000000291c000000] [id=21800]
  0x000001b754290df0 ConcurrentGCThread "G1 Conc#1" [stack: 0x000000291d800000,0x000000291d900000] [id=9252]
  0x000001b72cc0de80 ConcurrentGCThread "G1 Refine#0" [stack: 0x000000291c000000,0x000000291c100000] [id=20440]
  0x000001b72cc0e8a0 ConcurrentGCThread "G1 Service" [stack: 0x000000291c100000,0x000000291c200000] [id=21688]

Threads with active compile tasks:
C2 CompilerThread0    80854 9546       4       jdk.internal.loader.URLClassPath::findResource (38 bytes)
C2 CompilerThread1    80855 9561   !   4       java.util.concurrent.ConcurrentHashMap::replaceNode (437 bytes)

VM state: not at safepoint (normal execution)

VM Mutex/Monitor currently owned by a thread: None

Heap address: 0x0000000703200000, size: 4046 MB, Compressed Oops mode: Zero based, Oop shift amount: 3

CDS archive(s) mapped at: [0x0000000800000000-0x0000000800bc0000-0x0000000800bc0000), size 12320768, SharedBaseAddress: 0x0000000800000000, ArchiveRelocationMode: 0.
Compressed class space mapped at: 0x0000000800c00000-0x0000000840c00000, reserved size: 1073741824
Narrow klass base: 0x0000000800000000, Narrow klass shift: 0, Narrow klass range: 0x100000000

GC Precious Log:
 CPUs: 8 total, 8 available
 Memory: 16178M
 Large Page Support: Disabled
 NUMA Support: Disabled
 Compressed Oops: Enabled (Zero based)
 Heap Region Size: 2M
 Heap Min Capacity: 8M
 Heap Initial Capacity: 254M
 Heap Max Capacity: 4046M
 Pre-touch: Disabled
 Parallel Workers: 8
 Concurrent Workers: 2
 Concurrent Refinement Workers: 8
 Periodic GC: Disabled

Heap:
 garbage-first heap   total 583680K, used 116993K [0x0000000703200000, 0x0000000800000000)
  region size 2048K, 18 young (36864K), 1 survivors (2048K)
 Metaspace       used 90005K, committed 90688K, reserved 1130496K
  class space    used 12155K, committed 12480K, reserved 1048576K

Heap Regions: E=young(eden), S=young(survivor), O=old, HS=humongous(starts), HC=humongous(continues), CS=collection set, F=free, OA=open archive, CA=closed archive, TAMS=top-at-mark-start (previous, next)
|   0|0x0000000703200000, 0x0000000703400000, 0x0000000703400000|100%| O|  |TAMS 0x0000000703400000, 0x0000000703200000| Untracked 
|   1|0x0000000703400000, 0x0000000703600000, 0x0000000703600000|100%| O|  |TAMS 0x0000000703600000, 0x0000000703400000| Untracked 
|   2|0x0000000703600000, 0x0000000703800000, 0x0000000703800000|100%| O|  |TAMS 0x0000000703800000, 0x0000000703600000| Untracked 
|   3|0x0000000703800000, 0x0000000703a00000, 0x0000000703a00000|100%| O|  |TAMS 0x0000000703a00000, 0x0000000703800000| Untracked 
|   4|0x0000000703a00000, 0x0000000703ae9e00, 0x0000000703c00000| 45%| O|  |TAMS 0x0000000703ae9e00, 0x0000000703a00000| Untracked 
|   5|0x0000000703c00000, 0x0000000703e00000, 0x0000000703e00000|100%| O|  |TAMS 0x0000000703e00000, 0x0000000703c00000| Untracked 
|   6|0x0000000703e00000, 0x0000000704000000, 0x0000000704000000|100%| O|  |TAMS 0x0000000704000000, 0x0000000703e00000| Untracked 
|   7|0x0000000704000000, 0x0000000704200000, 0x0000000704200000|100%| O|  |TAMS 0x0000000704200000, 0x0000000704000000| Untracked 
|   8|0x0000000704200000, 0x0000000704400000, 0x0000000704400000|100%| O|  |TAMS 0x0000000704400000, 0x0000000704200000| Untracked 
|   9|0x0000000704400000, 0x0000000704600000, 0x0000000704600000|100%| O|  |TAMS 0x0000000704600000, 0x0000000704400000| Untracked 
|  10|0x0000000704600000, 0x0000000704800000, 0x0000000704800000|100%| O|  |TAMS 0x0000000704800000, 0x0000000704600000| Untracked 
|  11|0x0000000704800000, 0x0000000704a00000, 0x0000000704a00000|100%| O|  |TAMS 0x0000000704a00000, 0x0000000704800000| Untracked 
|  12|0x0000000704a00000, 0x0000000704c00000, 0x0000000704c00000|100%| O|  |TAMS 0x0000000704c00000, 0x0000000704a00000| Untracked 
|  13|0x0000000704c00000, 0x0000000704e00000, 0x0000000704e00000|100%| O|  |TAMS 0x0000000704e00000, 0x0000000704c00000| Untracked 
|  14|0x0000000704e00000, 0x0000000705000000, 0x0000000705000000|100%| O|  |TAMS 0x0000000705000000, 0x0000000704e00000| Untracked 
|  15|0x0000000705000000, 0x0000000705200000, 0x0000000705200000|100%| O|  |TAMS 0x0000000705200000, 0x0000000705000000| Untracked 
|  16|0x0000000705200000, 0x0000000705400000, 0x0000000705400000|100%| O|  |TAMS 0x0000000705400000, 0x0000000705200000| Untracked 
|  17|0x0000000705400000, 0x0000000705600000, 0x0000000705600000|100%| O|  |TAMS 0x0000000705600000, 0x0000000705400000| Untracked 
|  18|0x0000000705600000, 0x0000000705800000, 0x0000000705800000|100%| O|  |TAMS 0x0000000705800000, 0x0000000705600000| Untracked 
|  19|0x0000000705800000, 0x0000000705a00000, 0x0000000705a00000|100%| O|  |TAMS 0x0000000705a00000, 0x0000000705800000| Untracked 
|  20|0x0000000705a00000, 0x0000000705c00000, 0x0000000705c00000|100%| O|  |TAMS 0x0000000705c00000, 0x0000000705a00000| Untracked 
|  21|0x0000000705c00000, 0x0000000705e00000, 0x0000000705e00000|100%| O|  |TAMS 0x0000000705e00000, 0x0000000705c00000| Untracked 
|  22|0x0000000705e00000, 0x0000000706000000, 0x0000000706000000|100%| O|  |TAMS 0x0000000706000000, 0x0000000705e00000| Untracked 
|  23|0x0000000706000000, 0x0000000706200000, 0x0000000706200000|100%| O|  |TAMS 0x0000000706200000, 0x0000000706000000| Untracked 
|  24|0x0000000706200000, 0x0000000706400000, 0x0000000706400000|100%| O|  |TAMS 0x0000000706400000, 0x0000000706200000| Untracked 
|  25|0x0000000706400000, 0x0000000706600000, 0x0000000706600000|100%| O|  |TAMS 0x0000000706400000, 0x0000000706400000| Untracked 
|  26|0x0000000706600000, 0x0000000706800000, 0x0000000706800000|100%| O|  |TAMS 0x0000000706600000, 0x0000000706600000| Untracked 
|  27|0x0000000706800000, 0x0000000706a00000, 0x0000000706a00000|100%| O|  |TAMS 0x0000000706800000, 0x0000000706800000| Untracked 
|  28|0x0000000706a00000, 0x0000000706a00000, 0x0000000706c00000|  0%| F|  |TAMS 0x0000000706a00000, 0x0000000706a00000| Untracked 
|  29|0x0000000706c00000, 0x0000000706e00000, 0x0000000706e00000|100%| O|  |TAMS 0x0000000706c00000, 0x0000000706c00000| Untracked 
|  30|0x0000000706e00000, 0x0000000707000000, 0x0000000707000000|100%| O|  |TAMS 0x0000000706e00000, 0x0000000706e00000| Untracked 
|  31|0x0000000707000000, 0x0000000707000000, 0x0000000707200000|  0%| F|  |TAMS 0x0000000707000000, 0x0000000707000000| Untracked 
|  32|0x0000000707200000, 0x0000000707200000, 0x0000000707400000|  0%| F|  |TAMS 0x0000000707200000, 0x0000000707200000| Untracked 
|  33|0x0000000707400000, 0x0000000707400000, 0x0000000707600000|  0%| F|  |TAMS 0x0000000707400000, 0x0000000707400000| Untracked 
|  34|0x0000000707600000, 0x0000000707600000, 0x0000000707800000|  0%| F|  |TAMS 0x0000000707600000, 0x0000000707600000| Untracked 
|  35|0x0000000707800000, 0x0000000707800000, 0x0000000707a00000|  0%| F|  |TAMS 0x0000000707800000, 0x0000000707800000| Untracked 
|  36|0x0000000707a00000, 0x0000000707c00000, 0x0000000707c00000|100%| O|  |TAMS 0x0000000707a00000, 0x0000000707a00000| Untracked 
|  37|0x0000000707c00000, 0x0000000707c00000, 0x0000000707e00000|  0%| F|  |TAMS 0x0000000707c00000, 0x0000000707c00000| Untracked 
|  38|0x0000000707e00000, 0x0000000707e00000, 0x0000000708000000|  0%| F|  |TAMS 0x0000000707e00000, 0x0000000707e00000| Untracked 
|  39|0x0000000708000000, 0x0000000708000000, 0x0000000708200000|  0%| F|  |TAMS 0x0000000708000000, 0x0000000708000000| Untracked 
|  40|0x0000000708200000, 0x0000000708400000, 0x0000000708400000|100%| O|  |TAMS 0x0000000708400000, 0x0000000708200000| Untracked 
|  41|0x0000000708400000, 0x0000000708600000, 0x0000000708600000|100%| O|  |TAMS 0x0000000708600000, 0x0000000708400000| Untracked 
|  42|0x0000000708600000, 0x0000000708800000, 0x0000000708800000|100%| O|  |TAMS 0x0000000708800000, 0x0000000708600000| Untracked 
|  43|0x0000000708800000, 0x0000000708a00000, 0x0000000708a00000|100%| O|  |TAMS 0x0000000708a00000, 0x0000000708800000| Untracked 
|  44|0x0000000708a00000, 0x0000000708c00000, 0x0000000708c00000|100%| O|  |TAMS 0x0000000708b6c400, 0x0000000708a00000| Untracked 
|  45|0x0000000708c00000, 0x0000000708e00000, 0x0000000708e00000|100%| O|  |TAMS 0x0000000708c00000, 0x0000000708c00000| Untracked 
|  46|0x0000000708e00000, 0x0000000709000000, 0x0000000709000000|100%| O|  |TAMS 0x0000000708e00000, 0x0000000708e00000| Untracked 
|  47|0x0000000709000000, 0x0000000709200000, 0x0000000709200000|100%| O|  |TAMS 0x0000000709000000, 0x0000000709000000| Untracked 
|  48|0x0000000709200000, 0x0000000709400000, 0x0000000709400000|100%| O|  |TAMS 0x0000000709200000, 0x0000000709200000| Untracked 
|  49|0x0000000709400000, 0x0000000709600000, 0x0000000709600000|100%| O|  |TAMS 0x0000000709400000, 0x0000000709400000| Untracked 
|  50|0x0000000709600000, 0x0000000709632a00, 0x0000000709800000|  9%| O|  |TAMS 0x0000000709600000, 0x0000000709600000| Untracked 
|  51|0x0000000709800000, 0x0000000709800000, 0x0000000709a00000|  0%| F|  |TAMS 0x0000000709800000, 0x0000000709800000| Untracked 
|  52|0x0000000709a00000, 0x0000000709a00000, 0x0000000709c00000|  0%| F|  |TAMS 0x0000000709a00000, 0x0000000709a00000| Untracked 
|  53|0x0000000709c00000, 0x0000000709c00000, 0x0000000709e00000|  0%| F|  |TAMS 0x0000000709c00000, 0x0000000709c00000| Untracked 
|  54|0x0000000709e00000, 0x0000000709e00000, 0x000000070a000000|  0%| F|  |TAMS 0x0000000709e00000, 0x0000000709e00000| Untracked 
|  55|0x000000070a000000, 0x000000070a000000, 0x000000070a200000|  0%| F|  |TAMS 0x000000070a000000, 0x000000070a000000| Untracked 
|  56|0x000000070a200000, 0x000000070a200000, 0x000000070a400000|  0%| F|  |TAMS 0x000000070a200000, 0x000000070a200000| Untracked 
|  57|0x000000070a400000, 0x000000070a400000, 0x000000070a600000|  0%| F|  |TAMS 0x000000070a400000, 0x000000070a400000| Untracked 
|  58|0x000000070a600000, 0x000000070a600000, 0x000000070a800000|  0%| F|  |TAMS 0x000000070a600000, 0x000000070a600000| Untracked 
|  59|0x000000070a800000, 0x000000070a800000, 0x000000070aa00000|  0%| F|  |TAMS 0x000000070a800000, 0x000000070a800000| Untracked 
|  60|0x000000070aa00000, 0x000000070aa00000, 0x000000070ac00000|  0%| F|  |TAMS 0x000000070aa00000, 0x000000070aa00000| Untracked 
|  61|0x000000070ac00000, 0x000000070ac00000, 0x000000070ae00000|  0%| F|  |TAMS 0x000000070ac00000, 0x000000070ac00000| Untracked 
|  62|0x000000070ae00000, 0x000000070ae00000, 0x000000070b000000|  0%| F|  |TAMS 0x000000070ae00000, 0x000000070ae00000| Untracked 
|  63|0x000000070b000000, 0x000000070b000000, 0x000000070b200000|  0%| F|  |TAMS 0x000000070b000000, 0x000000070b000000| Untracked 
|  64|0x000000070b200000, 0x000000070b200000, 0x000000070b400000|  0%| F|  |TAMS 0x000000070b200000, 0x000000070b200000| Untracked 
|  65|0x000000070b400000, 0x000000070b400000, 0x000000070b600000|  0%| F|  |TAMS 0x000000070b400000, 0x000000070b400000| Untracked 
|  66|0x000000070b600000, 0x000000070b600000, 0x000000070b800000|  0%| F|  |TAMS 0x000000070b600000, 0x000000070b600000| Untracked 
|  67|0x000000070b800000, 0x000000070b800000, 0x000000070ba00000|  0%| F|  |TAMS 0x000000070b800000, 0x000000070b800000| Untracked 
|  68|0x000000070ba00000, 0x000000070ba00000, 0x000000070bc00000|  0%| F|  |TAMS 0x000000070ba00000, 0x000000070ba00000| Untracked 
|  69|0x000000070bc00000, 0x000000070bc00000, 0x000000070be00000|  0%| F|  |TAMS 0x000000070bc00000, 0x000000070bc00000| Untracked 
|  70|0x000000070be00000, 0x000000070be00000, 0x000000070c000000|  0%| F|  |TAMS 0x000000070be00000, 0x000000070be00000| Untracked 
|  71|0x000000070c000000, 0x000000070c000000, 0x000000070c200000|  0%| F|  |TAMS 0x000000070c000000, 0x000000070c000000| Untracked 
|  72|0x000000070c200000, 0x000000070c200000, 0x000000070c400000|  0%| F|  |TAMS 0x000000070c200000, 0x000000070c200000| Untracked 
|  73|0x000000070c400000, 0x000000070c400000, 0x000000070c600000|  0%| F|  |TAMS 0x000000070c400000, 0x000000070c400000| Untracked 
|  74|0x000000070c600000, 0x000000070c600000, 0x000000070c800000|  0%| F|  |TAMS 0x000000070c600000, 0x000000070c600000| Untracked 
|  75|0x000000070c800000, 0x000000070c800000, 0x000000070ca00000|  0%| F|  |TAMS 0x000000070c800000, 0x000000070c800000| Untracked 
|  76|0x000000070ca00000, 0x000000070ca00000, 0x000000070cc00000|  0%| F|  |TAMS 0x000000070ca00000, 0x000000070ca00000| Untracked 
|  77|0x000000070cc00000, 0x000000070cc00000, 0x000000070ce00000|  0%| F|  |TAMS 0x000000070cc00000, 0x000000070cc00000| Untracked 
|  78|0x000000070ce00000, 0x000000070ce00000, 0x000000070d000000|  0%| F|  |TAMS 0x000000070ce00000, 0x000000070ce00000| Untracked 
|  79|0x000000070d000000, 0x000000070d000000, 0x000000070d200000|  0%| F|  |TAMS 0x000000070d000000, 0x000000070d000000| Untracked 
|  80|0x000000070d200000, 0x000000070d200000, 0x000000070d400000|  0%| F|  |TAMS 0x000000070d200000, 0x000000070d200000| Untracked 
|  81|0x000000070d400000, 0x000000070d400000, 0x000000070d600000|  0%| F|  |TAMS 0x000000070d400000, 0x000000070d400000| Untracked 
|  82|0x000000070d600000, 0x000000070d600000, 0x000000070d800000|  0%| F|  |TAMS 0x000000070d600000, 0x000000070d600000| Untracked 
|  83|0x000000070d800000, 0x000000070d800000, 0x000000070da00000|  0%| F|  |TAMS 0x000000070d800000, 0x000000070d800000| Untracked 
|  84|0x000000070da00000, 0x000000070da00000, 0x000000070dc00000|  0%| F|  |TAMS 0x000000070da00000, 0x000000070da00000| Untracked 
|  85|0x000000070dc00000, 0x000000070dc00000, 0x000000070de00000|  0%| F|  |TAMS 0x000000070dc00000, 0x000000070dc00000| Untracked 
|  86|0x000000070de00000, 0x000000070de00000, 0x000000070e000000|  0%| F|  |TAMS 0x000000070de00000, 0x000000070de00000| Untracked 
|  87|0x000000070e000000, 0x000000070e000000, 0x000000070e200000|  0%| F|  |TAMS 0x000000070e000000, 0x000000070e000000| Untracked 
|  88|0x000000070e200000, 0x000000070e200000, 0x000000070e400000|  0%| F|  |TAMS 0x000000070e200000, 0x000000070e200000| Untracked 
|  89|0x000000070e400000, 0x000000070e400000, 0x000000070e600000|  0%| F|  |TAMS 0x000000070e400000, 0x000000070e400000| Untracked 
|  90|0x000000070e600000, 0x000000070e600000, 0x000000070e800000|  0%| F|  |TAMS 0x000000070e600000, 0x000000070e600000| Untracked 
|  91|0x000000070e800000, 0x000000070e800000, 0x000000070ea00000|  0%| F|  |TAMS 0x000000070e800000, 0x000000070e800000| Untracked 
|  92|0x000000070ea00000, 0x000000070ea00000, 0x000000070ec00000|  0%| F|  |TAMS 0x000000070ea00000, 0x000000070ea00000| Untracked 
|  93|0x000000070ec00000, 0x000000070ec00000, 0x000000070ee00000|  0%| F|  |TAMS 0x000000070ec00000, 0x000000070ec00000| Untracked 
|  94|0x000000070ee00000, 0x000000070ee00000, 0x000000070f000000|  0%| F|  |TAMS 0x000000070ee00000, 0x000000070ee00000| Untracked 
|  95|0x000000070f000000, 0x000000070f000000, 0x000000070f200000|  0%| F|  |TAMS 0x000000070f000000, 0x000000070f000000| Untracked 
|  96|0x000000070f200000, 0x000000070f200000, 0x000000070f400000|  0%| F|  |TAMS 0x000000070f200000, 0x000000070f200000| Untracked 
|  97|0x000000070f400000, 0x000000070f400000, 0x000000070f600000|  0%| F|  |TAMS 0x000000070f400000, 0x000000070f400000| Untracked 
|  98|0x000000070f600000, 0x000000070f600000, 0x000000070f800000|  0%| F|  |TAMS 0x000000070f600000, 0x000000070f600000| Untracked 
|  99|0x000000070f800000, 0x000000070f800000, 0x000000070fa00000|  0%| F|  |TAMS 0x000000070f800000, 0x000000070f800000| Untracked 
| 100|0x000000070fa00000, 0x000000070fa00000, 0x000000070fc00000|  0%| F|  |TAMS 0x000000070fa00000, 0x000000070fa00000| Untracked 
| 101|0x000000070fc00000, 0x000000070fc00000, 0x000000070fe00000|  0%| F|  |TAMS 0x000000070fc00000, 0x000000070fc00000| Untracked 
| 102|0x000000070fe00000, 0x000000070fe00000, 0x0000000710000000|  0%| F|  |TAMS 0x000000070fe00000, 0x000000070fe00000| Untracked 
| 103|0x0000000710000000, 0x0000000710000000, 0x0000000710200000|  0%| F|  |TAMS 0x0000000710000000, 0x0000000710000000| Untracked 
| 104|0x0000000710200000, 0x0000000710200000, 0x0000000710400000|  0%| F|  |TAMS 0x0000000710200000, 0x0000000710200000| Untracked 
| 105|0x0000000710400000, 0x0000000710400000, 0x0000000710600000|  0%| F|  |TAMS 0x0000000710400000, 0x0000000710400000| Untracked 
| 106|0x0000000710600000, 0x0000000710600000, 0x0000000710800000|  0%| F|  |TAMS 0x0000000710600000, 0x0000000710600000| Untracked 
| 107|0x0000000710800000, 0x0000000710800000, 0x0000000710a00000|  0%| F|  |TAMS 0x0000000710800000, 0x0000000710800000| Untracked 
| 108|0x0000000710a00000, 0x0000000710a00000, 0x0000000710c00000|  0%| F|  |TAMS 0x0000000710a00000, 0x0000000710a00000| Untracked 
| 109|0x0000000710c00000, 0x0000000710c00000, 0x0000000710e00000|  0%| F|  |TAMS 0x0000000710c00000, 0x0000000710c00000| Untracked 
| 110|0x0000000710e00000, 0x0000000710f23d40, 0x0000000711000000| 56%| S|CS|TAMS 0x0000000710e00000, 0x0000000710e00000| Complete 
| 111|0x0000000711000000, 0x0000000711000000, 0x0000000711200000|  0%| F|  |TAMS 0x0000000711000000, 0x0000000711000000| Untracked 
| 112|0x0000000711200000, 0x0000000711200000, 0x0000000711400000|  0%| F|  |TAMS 0x0000000711200000, 0x0000000711200000| Untracked 
| 113|0x0000000711400000, 0x0000000711400000, 0x0000000711600000|  0%| F|  |TAMS 0x0000000711400000, 0x0000000711400000| Untracked 
| 114|0x0000000711600000, 0x0000000711600000, 0x0000000711800000|  0%| F|  |TAMS 0x0000000711600000, 0x0000000711600000| Untracked 
| 115|0x0000000711800000, 0x0000000711800000, 0x0000000711a00000|  0%| F|  |TAMS 0x0000000711800000, 0x0000000711800000| Untracked 
| 116|0x0000000711a00000, 0x0000000711a00000, 0x0000000711c00000|  0%| F|  |TAMS 0x0000000711a00000, 0x0000000711a00000| Untracked 
| 117|0x0000000711c00000, 0x0000000711c00000, 0x0000000711e00000|  0%| F|  |TAMS 0x0000000711c00000, 0x0000000711c00000| Untracked 
| 118|0x0000000711e00000, 0x0000000711e00000, 0x0000000712000000|  0%| F|  |TAMS 0x0000000711e00000, 0x0000000711e00000| Untracked 
| 119|0x0000000712000000, 0x0000000712000000, 0x0000000712200000|  0%| F|  |TAMS 0x0000000712000000, 0x0000000712000000| Untracked 
| 120|0x0000000712200000, 0x0000000712200000, 0x0000000712400000|  0%| F|  |TAMS 0x0000000712200000, 0x0000000712200000| Untracked 
| 121|0x0000000712400000, 0x0000000712400000, 0x0000000712600000|  0%| F|  |TAMS 0x0000000712400000, 0x0000000712400000| Untracked 
| 122|0x0000000712600000, 0x0000000712600000, 0x0000000712800000|  0%| F|  |TAMS 0x0000000712600000, 0x0000000712600000| Untracked 
| 123|0x0000000712800000, 0x0000000712800000, 0x0000000712a00000|  0%| F|  |TAMS 0x0000000712800000, 0x0000000712800000| Untracked 
| 124|0x0000000712a00000, 0x0000000712a00000, 0x0000000712c00000|  0%| F|  |TAMS 0x0000000712a00000, 0x0000000712a00000| Untracked 
| 125|0x0000000712c00000, 0x0000000712c00000, 0x0000000712e00000|  0%| F|  |TAMS 0x0000000712c00000, 0x0000000712c00000| Untracked 
| 126|0x0000000712e00000, 0x0000000712e00000, 0x0000000713000000|  0%| F|  |TAMS 0x0000000712e00000, 0x0000000712e00000| Untracked 
| 127|0x0000000713000000, 0x0000000713000000, 0x0000000713200000|  0%| F|  |TAMS 0x0000000713000000, 0x0000000713000000| Untracked 
| 128|0x0000000713200000, 0x0000000713200000, 0x0000000713400000|  0%| F|  |TAMS 0x0000000713200000, 0x0000000713200000| Untracked 
| 129|0x0000000713400000, 0x0000000713400000, 0x0000000713600000|  0%| F|  |TAMS 0x0000000713400000, 0x0000000713400000| Untracked 
| 130|0x0000000713600000, 0x0000000713600000, 0x0000000713800000|  0%| F|  |TAMS 0x0000000713600000, 0x0000000713600000| Untracked 
| 131|0x0000000713800000, 0x0000000713800000, 0x0000000713a00000|  0%| F|  |TAMS 0x0000000713800000, 0x0000000713800000| Untracked 
| 132|0x0000000713a00000, 0x0000000713a00000, 0x0000000713c00000|  0%| F|  |TAMS 0x0000000713a00000, 0x0000000713a00000| Untracked 
| 133|0x0000000713c00000, 0x0000000713c00000, 0x0000000713e00000|  0%| F|  |TAMS 0x0000000713c00000, 0x0000000713c00000| Untracked 
| 134|0x0000000713e00000, 0x0000000713e00000, 0x0000000714000000|  0%| F|  |TAMS 0x0000000713e00000, 0x0000000713e00000| Untracked 
| 135|0x0000000714000000, 0x0000000714000000, 0x0000000714200000|  0%| F|  |TAMS 0x0000000714000000, 0x0000000714000000| Untracked 
| 136|0x0000000714200000, 0x0000000714200000, 0x0000000714400000|  0%| F|  |TAMS 0x0000000714200000, 0x0000000714200000| Untracked 
| 137|0x0000000714400000, 0x0000000714400000, 0x0000000714600000|  0%| F|  |TAMS 0x0000000714400000, 0x0000000714400000| Untracked 
| 138|0x0000000714600000, 0x0000000714600000, 0x0000000714800000|  0%| F|  |TAMS 0x0000000714600000, 0x0000000714600000| Untracked 
| 139|0x0000000714800000, 0x0000000714800000, 0x0000000714a00000|  0%| F|  |TAMS 0x0000000714800000, 0x0000000714800000| Untracked 
| 140|0x0000000714a00000, 0x0000000714a00000, 0x0000000714c00000|  0%| F|  |TAMS 0x0000000714a00000, 0x0000000714a00000| Untracked 
| 141|0x0000000714c00000, 0x0000000714c00000, 0x0000000714e00000|  0%| F|  |TAMS 0x0000000714c00000, 0x0000000714c00000| Untracked 
| 142|0x0000000714e00000, 0x0000000714e00000, 0x0000000715000000|  0%| F|  |TAMS 0x0000000714e00000, 0x0000000714e00000| Untracked 
| 143|0x0000000715000000, 0x0000000715000000, 0x0000000715200000|  0%| F|  |TAMS 0x0000000715000000, 0x0000000715000000| Untracked 
| 144|0x0000000715200000, 0x0000000715200000, 0x0000000715400000|  0%| F|  |TAMS 0x0000000715200000, 0x0000000715200000| Untracked 
| 145|0x0000000715400000, 0x0000000715400000, 0x0000000715600000|  0%| F|  |TAMS 0x0000000715400000, 0x0000000715400000| Untracked 
| 146|0x0000000715600000, 0x0000000715600000, 0x0000000715800000|  0%| F|  |TAMS 0x0000000715600000, 0x0000000715600000| Untracked 
| 147|0x0000000715800000, 0x0000000715800000, 0x0000000715a00000|  0%| F|  |TAMS 0x0000000715800000, 0x0000000715800000| Untracked 
| 148|0x0000000715a00000, 0x0000000715a00000, 0x0000000715c00000|  0%| F|  |TAMS 0x0000000715a00000, 0x0000000715a00000| Untracked 
| 149|0x0000000715c00000, 0x0000000715c00000, 0x0000000715e00000|  0%| F|  |TAMS 0x0000000715c00000, 0x0000000715c00000| Untracked 
| 150|0x0000000715e00000, 0x0000000715e00000, 0x0000000716000000|  0%| F|  |TAMS 0x0000000715e00000, 0x0000000715e00000| Untracked 
| 151|0x0000000716000000, 0x0000000716000000, 0x0000000716200000|  0%| F|  |TAMS 0x0000000716000000, 0x0000000716000000| Untracked 
| 152|0x0000000716200000, 0x0000000716200000, 0x0000000716400000|  0%| F|  |TAMS 0x0000000716200000, 0x0000000716200000| Untracked 
| 153|0x0000000716400000, 0x0000000716400000, 0x0000000716600000|  0%| F|  |TAMS 0x0000000716400000, 0x0000000716400000| Untracked 
| 154|0x0000000716600000, 0x0000000716600000, 0x0000000716800000|  0%| F|  |TAMS 0x0000000716600000, 0x0000000716600000| Untracked 
| 155|0x0000000716800000, 0x0000000716800000, 0x0000000716a00000|  0%| F|  |TAMS 0x0000000716800000, 0x0000000716800000| Untracked 
| 156|0x0000000716a00000, 0x0000000716a00000, 0x0000000716c00000|  0%| F|  |TAMS 0x0000000716a00000, 0x0000000716a00000| Untracked 
| 157|0x0000000716c00000, 0x0000000716c00000, 0x0000000716e00000|  0%| F|  |TAMS 0x0000000716c00000, 0x0000000716c00000| Untracked 
| 158|0x0000000716e00000, 0x0000000716e00000, 0x0000000717000000|  0%| F|  |TAMS 0x0000000716e00000, 0x0000000716e00000| Untracked 
| 159|0x0000000717000000, 0x0000000717000000, 0x0000000717200000|  0%| F|  |TAMS 0x0000000717000000, 0x0000000717000000| Untracked 
| 160|0x0000000717200000, 0x0000000717200000, 0x0000000717400000|  0%| F|  |TAMS 0x0000000717200000, 0x0000000717200000| Untracked 
| 161|0x0000000717400000, 0x0000000717400000, 0x0000000717600000|  0%| F|  |TAMS 0x0000000717400000, 0x0000000717400000| Untracked 
| 162|0x0000000717600000, 0x0000000717600000, 0x0000000717800000|  0%| F|  |TAMS 0x0000000717600000, 0x0000000717600000| Untracked 
| 163|0x0000000717800000, 0x0000000717800000, 0x0000000717a00000|  0%| F|  |TAMS 0x0000000717800000, 0x0000000717800000| Untracked 
| 164|0x0000000717a00000, 0x0000000717a00000, 0x0000000717c00000|  0%| F|  |TAMS 0x0000000717a00000, 0x0000000717a00000| Untracked 
| 165|0x0000000717c00000, 0x0000000717c00000, 0x0000000717e00000|  0%| F|  |TAMS 0x0000000717c00000, 0x0000000717c00000| Untracked 
| 166|0x0000000717e00000, 0x0000000717e00000, 0x0000000718000000|  0%| F|  |TAMS 0x0000000717e00000, 0x0000000717e00000| Untracked 
| 167|0x0000000718000000, 0x0000000718000000, 0x0000000718200000|  0%| F|  |TAMS 0x0000000718000000, 0x0000000718000000| Untracked 
| 168|0x0000000718200000, 0x0000000718200000, 0x0000000718400000|  0%| F|  |TAMS 0x0000000718200000, 0x0000000718200000| Untracked 
| 169|0x0000000718400000, 0x0000000718400000, 0x0000000718600000|  0%| F|  |TAMS 0x0000000718400000, 0x0000000718400000| Untracked 
| 170|0x0000000718600000, 0x0000000718600000, 0x0000000718800000|  0%| F|  |TAMS 0x0000000718600000, 0x0000000718600000| Untracked 
| 171|0x0000000718800000, 0x0000000718800000, 0x0000000718a00000|  0%| F|  |TAMS 0x0000000718800000, 0x0000000718800000| Untracked 
| 172|0x0000000718a00000, 0x0000000718a00000, 0x0000000718c00000|  0%| F|  |TAMS 0x0000000718a00000, 0x0000000718a00000| Untracked 
| 173|0x0000000718c00000, 0x0000000718c00000, 0x0000000718e00000|  0%| F|  |TAMS 0x0000000718c00000, 0x0000000718c00000| Untracked 
| 174|0x0000000718e00000, 0x0000000718e00000, 0x0000000719000000|  0%| F|  |TAMS 0x0000000718e00000, 0x0000000718e00000| Untracked 
| 175|0x0000000719000000, 0x0000000719000000, 0x0000000719200000|  0%| F|  |TAMS 0x0000000719000000, 0x0000000719000000| Untracked 
| 176|0x0000000719200000, 0x0000000719200000, 0x0000000719400000|  0%| F|  |TAMS 0x0000000719200000, 0x0000000719200000| Untracked 
| 177|0x0000000719400000, 0x0000000719400000, 0x0000000719600000|  0%| F|  |TAMS 0x0000000719400000, 0x0000000719400000| Untracked 
| 178|0x0000000719600000, 0x0000000719600000, 0x0000000719800000|  0%| F|  |TAMS 0x0000000719600000, 0x0000000719600000| Untracked 
| 179|0x0000000719800000, 0x0000000719800000, 0x0000000719a00000|  0%| F|  |TAMS 0x0000000719800000, 0x0000000719800000| Untracked 
| 180|0x0000000719a00000, 0x0000000719a00000, 0x0000000719c00000|  0%| F|  |TAMS 0x0000000719a00000, 0x0000000719a00000| Untracked 
| 181|0x0000000719c00000, 0x0000000719c00000, 0x0000000719e00000|  0%| F|  |TAMS 0x0000000719c00000, 0x0000000719c00000| Untracked 
| 182|0x0000000719e00000, 0x0000000719e00000, 0x000000071a000000|  0%| F|  |TAMS 0x0000000719e00000, 0x0000000719e00000| Untracked 
| 183|0x000000071a000000, 0x000000071a000000, 0x000000071a200000|  0%| F|  |TAMS 0x000000071a000000, 0x000000071a000000| Untracked 
| 184|0x000000071a200000, 0x000000071a200000, 0x000000071a400000|  0%| F|  |TAMS 0x000000071a200000, 0x000000071a200000| Untracked 
| 185|0x000000071a400000, 0x000000071a400000, 0x000000071a600000|  0%| F|  |TAMS 0x000000071a400000, 0x000000071a400000| Untracked 
| 186|0x000000071a600000, 0x000000071a600000, 0x000000071a800000|  0%| F|  |TAMS 0x000000071a600000, 0x000000071a600000| Untracked 
| 187|0x000000071a800000, 0x000000071a800000, 0x000000071aa00000|  0%| F|  |TAMS 0x000000071a800000, 0x000000071a800000| Untracked 
| 188|0x000000071aa00000, 0x000000071aa00000, 0x000000071ac00000|  0%| F|  |TAMS 0x000000071aa00000, 0x000000071aa00000| Untracked 
| 189|0x000000071ac00000, 0x000000071ac00000, 0x000000071ae00000|  0%| F|  |TAMS 0x000000071ac00000, 0x000000071ac00000| Untracked 
| 190|0x000000071ae00000, 0x000000071ae00000, 0x000000071b000000|  0%| F|  |TAMS 0x000000071ae00000, 0x000000071ae00000| Untracked 
| 191|0x000000071b000000, 0x000000071b000000, 0x000000071b200000|  0%| F|  |TAMS 0x000000071b000000, 0x000000071b000000| Untracked 
| 192|0x000000071b200000, 0x000000071b200000, 0x000000071b400000|  0%| F|  |TAMS 0x000000071b200000, 0x000000071b200000| Untracked 
| 193|0x000000071b400000, 0x000000071b400000, 0x000000071b600000|  0%| F|  |TAMS 0x000000071b400000, 0x000000071b400000| Untracked 
| 194|0x000000071b600000, 0x000000071b600000, 0x000000071b800000|  0%| F|  |TAMS 0x000000071b600000, 0x000000071b600000| Untracked 
| 195|0x000000071b800000, 0x000000071b800000, 0x000000071ba00000|  0%| F|  |TAMS 0x000000071b800000, 0x000000071b800000| Untracked 
| 196|0x000000071ba00000, 0x000000071ba00000, 0x000000071bc00000|  0%| F|  |TAMS 0x000000071ba00000, 0x000000071ba00000| Untracked 
| 197|0x000000071bc00000, 0x000000071bc00000, 0x000000071be00000|  0%| F|  |TAMS 0x000000071bc00000, 0x000000071bc00000| Untracked 
| 198|0x000000071be00000, 0x000000071be00000, 0x000000071c000000|  0%| F|  |TAMS 0x000000071be00000, 0x000000071be00000| Untracked 
| 199|0x000000071c000000, 0x000000071c000000, 0x000000071c200000|  0%| F|  |TAMS 0x000000071c000000, 0x000000071c000000| Untracked 
| 200|0x000000071c200000, 0x000000071c200000, 0x000000071c400000|  0%| F|  |TAMS 0x000000071c200000, 0x000000071c200000| Untracked 
| 201|0x000000071c400000, 0x000000071c400000, 0x000000071c600000|  0%| F|  |TAMS 0x000000071c400000, 0x000000071c400000| Untracked 
| 202|0x000000071c600000, 0x000000071c600000, 0x000000071c800000|  0%| F|  |TAMS 0x000000071c600000, 0x000000071c600000| Untracked 
| 203|0x000000071c800000, 0x000000071c800000, 0x000000071ca00000|  0%| F|  |TAMS 0x000000071c800000, 0x000000071c800000| Untracked 
| 204|0x000000071ca00000, 0x000000071ca00000, 0x000000071cc00000|  0%| F|  |TAMS 0x000000071ca00000, 0x000000071ca00000| Untracked 
| 205|0x000000071cc00000, 0x000000071cc00000, 0x000000071ce00000|  0%| F|  |TAMS 0x000000071cc00000, 0x000000071cc00000| Untracked 
| 206|0x000000071ce00000, 0x000000071ce00000, 0x000000071d000000|  0%| F|  |TAMS 0x000000071ce00000, 0x000000071ce00000| Untracked 
| 207|0x000000071d000000, 0x000000071d000000, 0x000000071d200000|  0%| F|  |TAMS 0x000000071d000000, 0x000000071d000000| Untracked 
| 208|0x000000071d200000, 0x000000071d200000, 0x000000071d400000|  0%| F|  |TAMS 0x000000071d200000, 0x000000071d200000| Untracked 
| 209|0x000000071d400000, 0x000000071d400000, 0x000000071d600000|  0%| F|  |TAMS 0x000000071d400000, 0x000000071d400000| Untracked 
| 210|0x000000071d600000, 0x000000071d600000, 0x000000071d800000|  0%| F|  |TAMS 0x000000071d600000, 0x000000071d600000| Untracked 
| 211|0x000000071d800000, 0x000000071d800000, 0x000000071da00000|  0%| F|  |TAMS 0x000000071d800000, 0x000000071d800000| Untracked 
| 212|0x000000071da00000, 0x000000071da00000, 0x000000071dc00000|  0%| F|  |TAMS 0x000000071da00000, 0x000000071da00000| Untracked 
| 213|0x000000071dc00000, 0x000000071dc00000, 0x000000071de00000|  0%| F|  |TAMS 0x000000071dc00000, 0x000000071dc00000| Untracked 
| 214|0x000000071de00000, 0x000000071de00000, 0x000000071e000000|  0%| F|  |TAMS 0x000000071de00000, 0x000000071de00000| Untracked 
| 215|0x000000071e000000, 0x000000071e000000, 0x000000071e200000|  0%| F|  |TAMS 0x000000071e000000, 0x000000071e000000| Untracked 
| 216|0x000000071e200000, 0x000000071e200000, 0x000000071e400000|  0%| F|  |TAMS 0x000000071e200000, 0x000000071e200000| Untracked 
| 217|0x000000071e400000, 0x000000071e400000, 0x000000071e600000|  0%| F|  |TAMS 0x000000071e400000, 0x000000071e400000| Untracked 
| 218|0x000000071e600000, 0x000000071e600000, 0x000000071e800000|  0%| F|  |TAMS 0x000000071e600000, 0x000000071e600000| Untracked 
| 219|0x000000071e800000, 0x000000071e800000, 0x000000071ea00000|  0%| F|  |TAMS 0x000000071e800000, 0x000000071e800000| Untracked 
| 220|0x000000071ea00000, 0x000000071ea00000, 0x000000071ec00000|  0%| F|  |TAMS 0x000000071ea00000, 0x000000071ea00000| Untracked 
| 221|0x000000071ec00000, 0x000000071ec00000, 0x000000071ee00000|  0%| F|  |TAMS 0x000000071ec00000, 0x000000071ec00000| Untracked 
| 222|0x000000071ee00000, 0x000000071ee00000, 0x000000071f000000|  0%| F|  |TAMS 0x000000071ee00000, 0x000000071ee00000| Untracked 
| 223|0x000000071f000000, 0x000000071f000000, 0x000000071f200000|  0%| F|  |TAMS 0x000000071f000000, 0x000000071f000000| Untracked 
| 224|0x000000071f200000, 0x000000071f200000, 0x000000071f400000|  0%| F|  |TAMS 0x000000071f200000, 0x000000071f200000| Untracked 
| 225|0x000000071f400000, 0x000000071f400000, 0x000000071f600000|  0%| F|  |TAMS 0x000000071f400000, 0x000000071f400000| Untracked 
| 226|0x000000071f600000, 0x000000071f600000, 0x000000071f800000|  0%| F|  |TAMS 0x000000071f600000, 0x000000071f600000| Untracked 
| 227|0x000000071f800000, 0x000000071f800000, 0x000000071fa00000|  0%| F|  |TAMS 0x000000071f800000, 0x000000071f800000| Untracked 
| 228|0x000000071fa00000, 0x000000071fa00000, 0x000000071fc00000|  0%| F|  |TAMS 0x000000071fa00000, 0x000000071fa00000| Untracked 
| 229|0x000000071fc00000, 0x000000071fc00000, 0x000000071fe00000|  0%| F|  |TAMS 0x000000071fc00000, 0x000000071fc00000| Untracked 
| 230|0x000000071fe00000, 0x000000071fe00000, 0x0000000720000000|  0%| F|  |TAMS 0x000000071fe00000, 0x000000071fe00000| Untracked 
| 231|0x0000000720000000, 0x0000000720000000, 0x0000000720200000|  0%| F|  |TAMS 0x0000000720000000, 0x0000000720000000| Untracked 
| 232|0x0000000720200000, 0x0000000720200000, 0x0000000720400000|  0%| F|  |TAMS 0x0000000720200000, 0x0000000720200000| Untracked 
| 233|0x0000000720400000, 0x0000000720400000, 0x0000000720600000|  0%| F|  |TAMS 0x0000000720400000, 0x0000000720400000| Untracked 
| 234|0x0000000720600000, 0x0000000720600000, 0x0000000720800000|  0%| F|  |TAMS 0x0000000720600000, 0x0000000720600000| Untracked 
| 235|0x0000000720800000, 0x0000000720800000, 0x0000000720a00000|  0%| F|  |TAMS 0x0000000720800000, 0x0000000720800000| Untracked 
| 236|0x0000000720a00000, 0x0000000720a00000, 0x0000000720c00000|  0%| F|  |TAMS 0x0000000720a00000, 0x0000000720a00000| Untracked 
| 237|0x0000000720c00000, 0x0000000720c00000, 0x0000000720e00000|  0%| F|  |TAMS 0x0000000720c00000, 0x0000000720c00000| Untracked 
| 238|0x0000000720e00000, 0x0000000720e00000, 0x0000000721000000|  0%| F|  |TAMS 0x0000000720e00000, 0x0000000720e00000| Untracked 
| 239|0x0000000721000000, 0x0000000721000000, 0x0000000721200000|  0%| F|  |TAMS 0x0000000721000000, 0x0000000721000000| Untracked 
| 240|0x0000000721200000, 0x0000000721200000, 0x0000000721400000|  0%| F|  |TAMS 0x0000000721200000, 0x0000000721200000| Untracked 
| 241|0x0000000721400000, 0x0000000721400000, 0x0000000721600000|  0%| F|  |TAMS 0x0000000721400000, 0x0000000721400000| Untracked 
| 242|0x0000000721600000, 0x0000000721600000, 0x0000000721800000|  0%| F|  |TAMS 0x0000000721600000, 0x0000000721600000| Untracked 
| 243|0x0000000721800000, 0x0000000721800000, 0x0000000721a00000|  0%| F|  |TAMS 0x0000000721800000, 0x0000000721800000| Untracked 
| 244|0x0000000721a00000, 0x0000000721a00000, 0x0000000721c00000|  0%| F|  |TAMS 0x0000000721a00000, 0x0000000721a00000| Untracked 
| 245|0x0000000721c00000, 0x0000000721c00000, 0x0000000721e00000|  0%| F|  |TAMS 0x0000000721c00000, 0x0000000721c00000| Untracked 
| 246|0x0000000721e00000, 0x0000000721e00000, 0x0000000722000000|  0%| F|  |TAMS 0x0000000721e00000, 0x0000000721e00000| Untracked 
| 247|0x0000000722000000, 0x0000000722000000, 0x0000000722200000|  0%| F|  |TAMS 0x0000000722000000, 0x0000000722000000| Untracked 
| 248|0x0000000722200000, 0x0000000722200000, 0x0000000722400000|  0%| F|  |TAMS 0x0000000722200000, 0x0000000722200000| Untracked 
| 249|0x0000000722400000, 0x0000000722400000, 0x0000000722600000|  0%| F|  |TAMS 0x0000000722400000, 0x0000000722400000| Untracked 
| 250|0x0000000722600000, 0x0000000722600000, 0x0000000722800000|  0%| F|  |TAMS 0x0000000722600000, 0x0000000722600000| Untracked 
| 251|0x0000000722800000, 0x0000000722800000, 0x0000000722a00000|  0%| F|  |TAMS 0x0000000722800000, 0x0000000722800000| Untracked 
| 252|0x0000000722a00000, 0x0000000722a00000, 0x0000000722c00000|  0%| F|  |TAMS 0x0000000722a00000, 0x0000000722a00000| Untracked 
| 253|0x0000000722c00000, 0x0000000722c00000, 0x0000000722e00000|  0%| F|  |TAMS 0x0000000722c00000, 0x0000000722c00000| Untracked 
| 254|0x0000000722e00000, 0x0000000722e00000, 0x0000000723000000|  0%| F|  |TAMS 0x0000000722e00000, 0x0000000722e00000| Untracked 
| 255|0x0000000723000000, 0x0000000723000000, 0x0000000723200000|  0%| F|  |TAMS 0x0000000723000000, 0x0000000723000000| Untracked 
| 256|0x0000000723200000, 0x0000000723200000, 0x0000000723400000|  0%| F|  |TAMS 0x0000000723200000, 0x0000000723200000| Untracked 
| 257|0x0000000723400000, 0x0000000723400000, 0x0000000723600000|  0%| F|  |TAMS 0x0000000723400000, 0x0000000723400000| Untracked 
| 258|0x0000000723600000, 0x0000000723600000, 0x0000000723800000|  0%| F|  |TAMS 0x0000000723600000, 0x0000000723600000| Untracked 
| 259|0x0000000723800000, 0x0000000723800000, 0x0000000723a00000|  0%| F|  |TAMS 0x0000000723800000, 0x0000000723800000| Untracked 
| 260|0x0000000723a00000, 0x0000000723a00000, 0x0000000723c00000|  0%| F|  |TAMS 0x0000000723a00000, 0x0000000723a00000| Untracked 
| 261|0x0000000723c00000, 0x0000000723c00000, 0x0000000723e00000|  0%| F|  |TAMS 0x0000000723c00000, 0x0000000723c00000| Untracked 
| 262|0x0000000723e00000, 0x0000000723e00000, 0x0000000724000000|  0%| F|  |TAMS 0x0000000723e00000, 0x0000000723e00000| Untracked 
| 263|0x0000000724000000, 0x0000000724000000, 0x0000000724200000|  0%| F|  |TAMS 0x0000000724000000, 0x0000000724000000| Untracked 
| 264|0x0000000724200000, 0x0000000724200000, 0x0000000724400000|  0%| F|  |TAMS 0x0000000724200000, 0x0000000724200000| Untracked 
| 265|0x0000000724400000, 0x0000000724400000, 0x0000000724600000|  0%| F|  |TAMS 0x0000000724400000, 0x0000000724400000| Untracked 
| 266|0x0000000724600000, 0x0000000724600000, 0x0000000724800000|  0%| F|  |TAMS 0x0000000724600000, 0x0000000724600000| Untracked 
| 267|0x0000000724800000, 0x0000000724800000, 0x0000000724a00000|  0%| F|  |TAMS 0x0000000724800000, 0x0000000724800000| Untracked 
| 268|0x0000000724a00000, 0x0000000724ad5c48, 0x0000000724c00000| 41%| E|  |TAMS 0x0000000724a00000, 0x0000000724a00000| Complete 
| 269|0x0000000724c00000, 0x0000000724e00000, 0x0000000724e00000|100%| E|CS|TAMS 0x0000000724c00000, 0x0000000724c00000| Complete 
| 270|0x0000000724e00000, 0x0000000725000000, 0x0000000725000000|100%| E|CS|TAMS 0x0000000724e00000, 0x0000000724e00000| Complete 
| 271|0x0000000725000000, 0x0000000725200000, 0x0000000725200000|100%| E|CS|TAMS 0x0000000725000000, 0x0000000725000000| Complete 
| 272|0x0000000725200000, 0x0000000725400000, 0x0000000725400000|100%| E|CS|TAMS 0x0000000725200000, 0x0000000725200000| Complete 
| 273|0x0000000725400000, 0x0000000725600000, 0x0000000725600000|100%| E|CS|TAMS 0x0000000725400000, 0x0000000725400000| Complete 
| 274|0x0000000725600000, 0x0000000725800000, 0x0000000725800000|100%| E|CS|TAMS 0x0000000725600000, 0x0000000725600000| Complete 
| 275|0x0000000725800000, 0x0000000725a00000, 0x0000000725a00000|100%| E|CS|TAMS 0x0000000725800000, 0x0000000725800000| Complete 
| 276|0x0000000725a00000, 0x0000000725c00000, 0x0000000725c00000|100%| E|CS|TAMS 0x0000000725a00000, 0x0000000725a00000| Complete 
| 277|0x0000000725c00000, 0x0000000725e00000, 0x0000000725e00000|100%| E|CS|TAMS 0x0000000725c00000, 0x0000000725c00000| Complete 
| 278|0x0000000725e00000, 0x0000000726000000, 0x0000000726000000|100%| E|CS|TAMS 0x0000000725e00000, 0x0000000725e00000| Complete 
| 279|0x0000000726000000, 0x0000000726200000, 0x0000000726200000|100%| E|CS|TAMS 0x0000000726000000, 0x0000000726000000| Complete 
| 280|0x0000000726200000, 0x0000000726400000, 0x0000000726400000|100%| E|CS|TAMS 0x0000000726200000, 0x0000000726200000| Complete 
| 281|0x0000000726400000, 0x0000000726600000, 0x0000000726600000|100%| E|CS|TAMS 0x0000000726400000, 0x0000000726400000| Complete 
| 282|0x0000000726600000, 0x0000000726800000, 0x0000000726800000|100%| E|CS|TAMS 0x0000000726600000, 0x0000000726600000| Complete 
| 283|0x0000000726800000, 0x0000000726a00000, 0x0000000726a00000|100%| E|CS|TAMS 0x0000000726800000, 0x0000000726800000| Complete 
| 284|0x0000000726a00000, 0x0000000726c00000, 0x0000000726c00000|100%| E|CS|TAMS 0x0000000726a00000, 0x0000000726a00000| Complete 

Card table byte_map: [0x000001b743ea0000,0x000001b744690000] _byte_map_base: 0x000001b740687000

Marking Bits (Prev, Next): (CMBitMap*) 0x000001b72cbaa960, (CMBitMap*) 0x000001b72cbaa9a0
 Prev Bits: [0x000001b744e80000, 0x000001b748db8000)
 Next Bits: [0x000001b748dc0000, 0x000001b74ccf8000)

Polling page: 0x000001b72ab00000

Metaspace:

Usage:
  Non-class:     76.03 MB used.
      Class:     11.87 MB used.
       Both:     87.90 MB used.

Virtual space:
  Non-class space:       80.00 MB reserved,      76.38 MB ( 95%) committed,  10 nodes.
      Class space:        1.00 GB reserved,      12.19 MB (  1%) committed,  1 nodes.
             Both:        1.08 GB reserved,      88.56 MB (  8%) committed. 

Chunk freelists:
   Non-Class:  3.20 MB
       Class:  3.81 MB
        Both:  7.02 MB

MaxMetaspaceSize: unlimited
CompressedClassSpaceSize: 1.00 GB
Initial GC threshold: 21.00 MB
Current GC threshold: 140.25 MB
CDS: on
MetaspaceReclaimPolicy: balanced
 - commit_granule_bytes: 65536.
 - commit_granule_words: 8192.
 - virtual_space_node_default_size: 1048576.
 - enlarge_chunks_in_place: 1.
 - new_chunks_are_fully_committed: 0.
 - uncommit_free_chunks: 1.
 - use_allocation_guard: 0.
 - handle_deallocations: 1.


Internal statistics:

num_allocs_failed_limit: 9.
num_arena_births: 1008.
num_arena_deaths: 0.
num_vsnodes_births: 11.
num_vsnodes_deaths: 0.
num_space_committed: 1417.
num_space_uncommitted: 0.
num_chunks_returned_to_freelist: 9.
num_chunks_taken_from_freelist: 4382.
num_chunk_merges: 6.
num_chunk_splits: 3141.
num_chunks_enlarged: 2425.
num_purges: 0.
num_inconsistent_stats: 0.

CodeHeap 'non-profiled nmethods': size=120000Kb used=6097Kb max_used=6097Kb free=113903Kb
 bounds [0x000001b73be50000, 0x000001b73c450000, 0x000001b743380000]
CodeHeap 'profiled nmethods': size=120000Kb used=16695Kb max_used=16695Kb free=103304Kb
 bounds [0x000001b734920000, 0x000001b735980000, 0x000001b73be50000]
CodeHeap 'non-nmethods': size=5760Kb used=1407Kb max_used=1495Kb free=4353Kb
 bounds [0x000001b734380000, 0x000001b7345f0000, 0x000001b734920000]
 total_blobs=8881 nmethods=8131 adapters=658
 compilation: enabled
              stopped_count=0, restarted_count=0
 full_count=0

Compilation events (20 events):
Event: 80.782 Thread 0x000001b74f786640 nmethod 9577 0x000001b73595fd10 code [0x000001b73595ff60, 0x000001b7359609b8]
Event: 80.782 Thread 0x000001b74f786640 9576       3       org.apache.tomcat.util.buf.MessageBytes::equalsIgnoreCase (78 bytes)
Event: 80.782 Thread 0x000001b74f786640 nmethod 9576 0x000001b735960e10 code [0x000001b735961000, 0x000001b7359613a8]
Event: 80.793 Thread 0x000001b74f786640 9578       3       jdk.internal.misc.Unsafe::alignToHeapWordSize (29 bytes)
Event: 80.793 Thread 0x000001b74f786640 nmethod 9578 0x000001b735961510 code [0x000001b7359616c0, 0x000001b735961968]
Event: 80.803 Thread 0x000001b74f786640 9579       3       java.util.regex.Pattern::createGroup (86 bytes)
Event: 80.804 Thread 0x000001b74f786640 nmethod 9579 0x000001b735961a90 code [0x000001b735961c80, 0x000001b7359624f8]
Event: 80.804 Thread 0x000001b74f786640 9582       3       java.util.regex.Pattern::clazz (450 bytes)
Event: 80.804 Thread 0x000001b758e89060 9561   !   4       java.util.concurrent.ConcurrentHashMap::replaceNode (437 bytes)
Event: 80.808 Thread 0x000001b74f786640 nmethod 9582 0x000001b735962790 code [0x000001b735962ba0, 0x000001b7359649f8]
Event: 80.808 Thread 0x000001b74f786640 9580       3       java.util.regex.Pattern::accept (43 bytes)
Event: 80.808 Thread 0x000001b74f786640 nmethod 9580 0x000001b735965410 code [0x000001b7359655e0, 0x000001b7359658f8]
Event: 80.809 Thread 0x000001b74f786640 9584       1       org.springframework.web.servlet.mvc.condition.PathPatternsRequestCondition::getContent (5 bytes)
Event: 80.809 Thread 0x000001b74f786640 nmethod 9584 0x000001b73c443d90 code [0x000001b73c443f20, 0x000001b73c443ff8]
Event: 80.810 Thread 0x000001b74f786640 9585       3       java.lang.invoke.DelegatingMethodHandle$Holder::delegate (25 bytes)
Event: 80.810 Thread 0x000001b74f786640 nmethod 9585 0x000001b735965a90 code [0x000001b735965c60, 0x000001b735966208]
Event: 80.810 Thread 0x000001b74f786640 9587       3       java.lang.invoke.StringConcatFactory::generateMHInlineCopy (622 bytes)
Event: 80.815 Thread 0x000001b74f786640 nmethod 9587 0x000001b735966390 code [0x000001b735966a40, 0x000001b73596ae78]
Event: 80.815 Thread 0x000001b74f786640 9586   !   3       java.lang.invoke.StringConcatFactory::makeConcatWithConstants (251 bytes)
Event: 80.818 Thread 0x000001b74f786640 nmethod 9586 0x000001b73596c410 code [0x000001b73596c980, 0x000001b73596ef88]

GC Heap History (20 events):
Event: 10.776 GC heap before
{Heap before GC invocations=19 (full 0):
 garbage-first heap   total 110592K, used 84492K [0x0000000703200000, 0x0000000800000000)
  region size 2048K, 21 young (43008K), 2 survivors (4096K)
 Metaspace       used 85174K, committed 85824K, reserved 1130496K
  class space    used 11538K, committed 11840K, reserved 1048576K
}
Event: 10.782 GC heap after
{Heap after GC invocations=20 (full 0):
 garbage-first heap   total 110592K, used 50228K [0x0000000703200000, 0x0000000800000000)
  region size 2048K, 3 young (6144K), 3 survivors (6144K)
 Metaspace       used 85174K, committed 85824K, reserved 1130496K
  class space    used 11538K, committed 11840K, reserved 1048576K
}
Event: 10.931 GC heap before
{Heap before GC invocations=20 (full 0):
 garbage-first heap   total 110592K, used 85044K [0x0000000703200000, 0x0000000800000000)
  region size 2048K, 20 young (40960K), 3 survivors (6144K)
 Metaspace       used 85248K, committed 85888K, reserved 1130496K
  class space    used 11538K, committed 11840K, reserved 1048576K
}
Event: 10.939 GC heap after
{Heap after GC invocations=21 (full 0):
 garbage-first heap   total 110592K, used 57753K [0x0000000703200000, 0x0000000800000000)
  region size 2048K, 3 young (6144K), 3 survivors (6144K)
 Metaspace       used 85248K, committed 85888K, reserved 1130496K
  class space    used 11538K, committed 11840K, reserved 1048576K
}
Event: 11.097 GC heap before
{Heap before GC invocations=21 (full 0):
 garbage-first heap   total 110592K, used 84377K [0x0000000703200000, 0x0000000800000000)
  region size 2048K, 16 young (32768K), 3 survivors (6144K)
 Metaspace       used 85433K, committed 86144K, reserved 1130496K
  class space    used 11551K, committed 11904K, reserved 1048576K
}
Event: 11.104 GC heap after
{Heap after GC invocations=22 (full 0):
 garbage-first heap   total 133120K, used 65610K [0x0000000703200000, 0x0000000800000000)
  region size 2048K, 2 young (4096K), 2 survivors (4096K)
 Metaspace       used 85433K, committed 86144K, reserved 1130496K
  class space    used 11551K, committed 11904K, reserved 1048576K
}
Event: 11.243 GC heap before
{Heap before GC invocations=23 (full 0):
 garbage-first heap   total 153600K, used 96330K [0x0000000703200000, 0x0000000800000000)
  region size 2048K, 18 young (36864K), 2 survivors (4096K)
 Metaspace       used 85461K, committed 86144K, reserved 1130496K
  class space    used 11551K, committed 11904K, reserved 1048576K
}
Event: 11.250 GC heap after
{Heap after GC invocations=24 (full 0):
 garbage-first heap   total 153600K, used 73037K [0x0000000703200000, 0x0000000800000000)
  region size 2048K, 3 young (6144K), 3 survivors (6144K)
 Metaspace       used 85461K, committed 86144K, reserved 1130496K
  class space    used 11551K, committed 11904K, reserved 1048576K
}
Event: 11.415 GC heap before
{Heap before GC invocations=24 (full 0):
 garbage-first heap   total 153600K, used 109901K [0x0000000703200000, 0x0000000800000000)
  region size 2048K, 22 young (45056K), 3 survivors (6144K)
 Metaspace       used 85477K, committed 86144K, reserved 1130496K
  class space    used 11551K, committed 11904K, reserved 1048576K
}
Event: 11.424 GC heap after
{Heap after GC invocations=25 (full 0):
 garbage-first heap   total 153600K, used 84691K [0x0000000703200000, 0x0000000800000000)
  region size 2048K, 3 young (6144K), 3 survivors (6144K)
 Metaspace       used 85477K, committed 86144K, reserved 1130496K
  class space    used 11551K, committed 11904K, reserved 1048576K
}
Event: 11.556 GC heap before
{Heap before GC invocations=26 (full 0):
 garbage-first heap   total 172032K, used 111315K [0x0000000703200000, 0x0000000800000000)
  region size 2048K, 18 young (36864K), 3 survivors (6144K)
 Metaspace       used 85488K, committed 86144K, reserved 1130496K
  class space    used 11551K, committed 11904K, reserved 1048576K
}
Event: 11.562 GC heap after
{Heap after GC invocations=27 (full 0):
 garbage-first heap   total 172032K, used 90046K [0x0000000703200000, 0x0000000800000000)
  region size 2048K, 3 young (6144K), 3 survivors (6144K)
 Metaspace       used 85488K, committed 86144K, reserved 1130496K
  class space    used 11551K, committed 11904K, reserved 1048576K
}
Event: 11.567 GC heap before
{Heap before GC invocations=27 (full 0):
 garbage-first heap   total 172032K, used 92094K [0x0000000703200000, 0x0000000800000000)
  region size 2048K, 4 young (8192K), 3 survivors (6144K)
 Metaspace       used 85488K, committed 86144K, reserved 1130496K
  class space    used 11551K, committed 11904K, reserved 1048576K
}
Event: 11.571 GC heap after
{Heap after GC invocations=28 (full 0):
 garbage-first heap   total 172032K, used 81714K [0x0000000703200000, 0x0000000800000000)
  region size 2048K, 1 young (2048K), 1 survivors (2048K)
 Metaspace       used 85488K, committed 86144K, reserved 1130496K
  class space    used 11551K, committed 11904K, reserved 1048576K
}
Event: 11.708 GC heap before
{Heap before GC invocations=28 (full 0):
 garbage-first heap   total 172032K, used 122674K [0x0000000703200000, 0x0000000800000000)
  region size 2048K, 22 young (45056K), 1 survivors (2048K)
 Metaspace       used 85504K, committed 86208K, reserved 1130496K
  class space    used 11553K, committed 11904K, reserved 1048576K
}
Event: 11.715 GC heap after
{Heap after GC invocations=29 (full 0):
 garbage-first heap   total 172032K, used 91844K [0x0000000703200000, 0x0000000800000000)
  region size 2048K, 3 young (6144K), 3 survivors (6144K)
 Metaspace       used 85504K, committed 86208K, reserved 1130496K
  class space    used 11553K, committed 11904K, reserved 1048576K
}
Event: 12.039 GC heap before
{Heap before GC invocations=30 (full 0):
 garbage-first heap   total 194560K, used 124612K [0x0000000703200000, 0x0000000800000000)
  region size 2048K, 21 young (43008K), 3 survivors (6144K)
 Metaspace       used 86382K, committed 87040K, reserved 1130496K
  class space    used 11707K, committed 12032K, reserved 1048576K
}
Event: 12.050 GC heap after
{Heap after GC invocations=31 (full 0):
 garbage-first heap   total 194560K, used 99172K [0x0000000703200000, 0x0000000800000000)
  region size 2048K, 3 young (6144K), 3 survivors (6144K)
 Metaspace       used 86382K, committed 87040K, reserved 1130496K
  class space    used 11707K, committed 12032K, reserved 1048576K
}
Event: 12.087 GC heap before
{Heap before GC invocations=31 (full 0):
 garbage-first heap   total 194560K, used 99172K [0x0000000703200000, 0x0000000800000000)
  region size 2048K, 4 young (8192K), 3 survivors (6144K)
 Metaspace       used 86577K, committed 87168K, reserved 1130496K
  class space    used 11741K, committed 12032K, reserved 1048576K
}
Event: 12.095 GC heap after
{Heap after GC invocations=32 (full 0):
 garbage-first heap   total 583680K, used 84225K [0x0000000703200000, 0x0000000800000000)
  region size 2048K, 1 young (2048K), 1 survivors (2048K)
 Metaspace       used 86577K, committed 87168K, reserved 1130496K
  class space    used 11741K, committed 12032K, reserved 1048576K
}

Deoptimization events (20 events):
Event: 80.757 Thread 0x000001b754752400 Uncommon trap: trap_request=0xffffff45 fr.pc=0x000001b73c36c030 relative=0x0000000000000390
Event: 80.757 Thread 0x000001b754752400 Uncommon trap: reason=unstable_if action=reinterpret pc=0x000001b73c36c030 method=java.lang.String.indexOf(Ljava/lang/String;)I @ 47 c2
Event: 80.757 Thread 0x000001b754752400 DEOPT PACKING pc=0x000001b73c36c030 sp=0x000000291dbfd7c0
Event: 80.757 Thread 0x000001b754752400 DEOPT UNPACKING pc=0x000001b7343d23a3 sp=0x000000291dbfd6f0 mode 2
Event: 80.757 Thread 0x000001b754752400 Uncommon trap: trap_request=0xffffff45 fr.pc=0x000001b73bf71f60 relative=0x0000000000000360
Event: 80.757 Thread 0x000001b754752400 Uncommon trap: reason=unstable_if action=reinterpret pc=0x000001b73bf71f60 method=java.lang.String.indexOf(Ljava/lang/String;)I @ 47 c2
Event: 80.757 Thread 0x000001b754752400 DEOPT PACKING pc=0x000001b73bf71f60 sp=0x000000291dbfd750
Event: 80.757 Thread 0x000001b754752400 DEOPT UNPACKING pc=0x000001b7343d23a3 sp=0x000000291dbfd6e8 mode 2
Event: 80.768 Thread 0x000001b754752400 Uncommon trap: trap_request=0xffffff45 fr.pc=0x000001b73bf2008c relative=0x000000000000024c
Event: 80.768 Thread 0x000001b754752400 Uncommon trap: reason=unstable_if action=reinterpret pc=0x000001b73bf2008c method=org.springframework.util.AntPathMatcher.skipSegment(Ljava/lang/String;ILjava/lang/String;)I @ 60 c2
Event: 80.768 Thread 0x000001b754752400 DEOPT PACKING pc=0x000001b73bf2008c sp=0x000000291dbfcb00
Event: 80.768 Thread 0x000001b754752400 DEOPT UNPACKING pc=0x000001b7343d23a3 sp=0x000000291dbfca78 mode 2
Event: 80.809 Thread 0x000001b754752400 Uncommon trap: trap_request=0xffffff45 fr.pc=0x000001b73beeae94 relative=0x00000000000002f4
Event: 80.809 Thread 0x000001b754752400 Uncommon trap: reason=unstable_if action=reinterpret pc=0x000001b73beeae94 method=java.util.stream.StreamOpFlag.fromCharacteristics(Ljava/util/Spliterator;)I @ 10 c2
Event: 80.809 Thread 0x000001b754752400 DEOPT PACKING pc=0x000001b73beeae94 sp=0x000000291dbfb070
Event: 80.809 Thread 0x000001b754752400 DEOPT UNPACKING pc=0x000001b7343d23a3 sp=0x000000291dbfafc0 mode 2
Event: 80.810 Thread 0x000001b754752400 Uncommon trap: trap_request=0xffffff45 fr.pc=0x000001b73c018650 relative=0x0000000000000050
Event: 80.810 Thread 0x000001b754752400 Uncommon trap: reason=unstable_if action=reinterpret pc=0x000001b73c018650 method=java.util.stream.StreamOpFlag.fromCharacteristics(Ljava/util/Spliterator;)I @ 10 c2
Event: 80.810 Thread 0x000001b754752400 DEOPT PACKING pc=0x000001b73c018650 sp=0x000000291dbfb010
Event: 80.810 Thread 0x000001b754752400 DEOPT UNPACKING pc=0x000001b7343d23a3 sp=0x000000291dbfafa8 mode 2

Classes unloaded (0 events):
No events

Classes redefined (0 events):
No events

Internal exceptions (20 events):
Event: 11.624 Thread 0x000001b751c7c5e0 Exception <a 'sun/nio/fs/WindowsException'{0x000000070cc87bb8}> (0x000000070cc87bb8) 
thrown [t:\workspace\open\src\hotspot\share\prims\jni.cpp, line 516]
Event: 11.624 Thread 0x000001b751c7c5e0 Exception <a 'sun/nio/fs/WindowsException'{0x000000070cc884d0}> (0x000000070cc884d0) 
thrown [t:\workspace\open\src\hotspot\share\prims\jni.cpp, line 516]
Event: 11.624 Thread 0x000001b7547528d0 Exception <a 'sun/nio/fs/WindowsException'{0x000000070cc74410}> (0x000000070cc74410) 
thrown [t:\workspace\open\src\hotspot\share\prims\jni.cpp, line 516]
Event: 11.624 Thread 0x000001b751c7c5e0 Exception <a 'sun/nio/fs/WindowsException'{0x000000070cc887a0}> (0x000000070cc887a0) 
thrown [t:\workspace\open\src\hotspot\share\prims\jni.cpp, line 516]
Event: 11.624 Thread 0x000001b7547528d0 Exception <a 'sun/nio/fs/WindowsException'{0x000000070cc746e0}> (0x000000070cc746e0) 
thrown [t:\workspace\open\src\hotspot\share\prims\jni.cpp, line 516]
Event: 11.624 Thread 0x000001b751c7c5e0 Exception <a 'sun/nio/fs/WindowsException'{0x000000070cc890a8}> (0x000000070cc890a8) 
thrown [t:\workspace\open\src\hotspot\share\prims\jni.cpp, line 516]
Event: 11.624 Thread 0x000001b751c7c5e0 Exception <a 'sun/nio/fs/WindowsException'{0x000000070cc89378}> (0x000000070cc89378) 
thrown [t:\workspace\open\src\hotspot\share\prims\jni.cpp, line 516]
Event: 11.624 Thread 0x000001b7547528d0 Exception <a 'sun/nio/fs/WindowsException'{0x000000070cc74ff8}> (0x000000070cc74ff8) 
thrown [t:\workspace\open\src\hotspot\share\prims\jni.cpp, line 516]
Event: 11.624 Thread 0x000001b7547528d0 Exception <a 'sun/nio/fs/WindowsException'{0x000000070cc752e0}> (0x000000070cc752e0) 
thrown [t:\workspace\open\src\hotspot\share\prims\jni.cpp, line 516]
Event: 11.625 Thread 0x000001b7547528d0 Exception <a 'sun/nio/fs/WindowsException'{0x000000070cc75bf0}> (0x000000070cc75bf0) 
thrown [t:\workspace\open\src\hotspot\share\prims\jni.cpp, line 516]
Event: 11.625 Thread 0x000001b7547528d0 Exception <a 'sun/nio/fs/WindowsException'{0x000000070cc75ed0}> (0x000000070cc75ed0) 
thrown [t:\workspace\open\src\hotspot\share\prims\jni.cpp, line 516]
Event: 11.951 Thread 0x000001b72cb58dc0 Implicit null exception at 0x000001b73c05f4ec to 0x000001b73c05f59c
Event: 11.951 Thread 0x000001b72cb58dc0 Implicit null exception at 0x000001b73c05f4ec to 0x000001b73c05f59c
Event: 12.059 Thread 0x000001b72cb58dc0 Exception <a 'java/lang/NoSuchMethodError'{0x0000000712e4d0b8}: 'void java.lang.invoke.DirectMethodHandle$Holder.invokeVirtual(java.lang.Object, java.lang.Object, long)'> (0x0000000712e4d0b8) 
thrown [t:\workspace\open\src\hotspot\share\interpreter\linkResolver.cpp, line 766]
Event: 12.275 Thread 0x000001b72cb58dc0 Exception <a 'java/lang/IncompatibleClassChangeError'{0x000000072628e7f8}: Found class java.lang.Object, but interface was expected> (0x000000072628e7f8) 
thrown [t:\workspace\open\src\hotspot\share\interpreter\linkResolver.cpp, line 833]
Event: 12.288 Thread 0x000001b72cb58dc0 Implicit null exception at 0x000001b73bff2440 to 0x000001b73bff2658
Event: 12.384 Thread 0x000001b72cb58dc0 Exception <a 'java/lang/NoSuchMethodError'{0x0000000725ac6390}: 'java.lang.Object java.lang.invoke.DirectMethodHandle$Holder.newInvokeSpecial(java.lang.Object, java.lang.Object, int, java.lang.Object, java.lang.Object)'> (0x0000000725ac6390) 
thrown [t:\workspace\open\src\hotspot\share\interpreter\linkResolver.cpp, line 766]
Event: 80.681 Thread 0x000001b754752400 Exception <a 'java/lang/NoSuchMethodError'{0x0000000724e5f468}: 'java.lang.Object java.lang.invoke.DirectMethodHandle$Holder.invokeSpecial(java.lang.Object, java.lang.Object, java.lang.Object, java.lang.Object, java.lang.Object, long)'> (0x0000000724e5f468) 
thrown [t:\workspace\open\src\hotspot\share\interpreter\linkResolver.cpp, line 766]
Event: 80.681 Thread 0x000001b754752400 Exception <a 'java/lang/NoSuchMethodError'{0x0000000724e62ea8}: 'java.lang.Object java.lang.invoke.Invokers$Holder.linkToTargetMethod(java.lang.Object, java.lang.Object, java.lang.Object, long, java.lang.Object)'> (0x0000000724e62ea8) 
thrown [t:\workspace\open\src\hotspot\share\interpreter\linkResolver.cpp, line 766]
Event: 80.754 Thread 0x000001b754752400 Exception <a 'java/lang/NoSuchMethodError'{0x0000000724c506b0}: 'java.lang.Object java.lang.invoke.DirectMethodHandle$Holder.invokeStatic(java.lang.Object, int, int)'> (0x0000000724c506b0) 
thrown [t:\workspace\open\src\hotspot\share\interpreter\linkResolver.cpp, line 766]

VM Operations (20 events):
Event: 12.389 Executing VM operation: HandshakeAllThreads
Event: 12.389 Executing VM operation: HandshakeAllThreads done
Event: 12.391 Executing VM operation: HandshakeAllThreads
Event: 12.391 Executing VM operation: HandshakeAllThreads done
Event: 12.409 Executing VM operation: HandshakeAllThreads
Event: 12.409 Executing VM operation: HandshakeAllThreads done
Event: 13.418 Executing VM operation: Cleanup
Event: 13.418 Executing VM operation: Cleanup done
Event: 34.647 Executing VM operation: Cleanup
Event: 34.647 Executing VM operation: Cleanup done
Event: 42.728 Executing VM operation: Cleanup
Event: 42.729 Executing VM operation: Cleanup done
Event: 79.112 Executing VM operation: Cleanup
Event: 79.112 Executing VM operation: Cleanup done
Event: 80.696 Executing VM operation: HandshakeAllThreads
Event: 80.696 Executing VM operation: HandshakeAllThreads done
Event: 80.696 Executing VM operation: Cleanup
Event: 80.696 Executing VM operation: Cleanup done
Event: 80.706 Executing VM operation: HandshakeAllThreads
Event: 80.707 Executing VM operation: HandshakeAllThreads done

Events (20 events):
Event: 80.634 loading class java/nio/channels/SelectionKey done
Event: 80.634 loading class java/nio/channels/spi/AbstractSelectionKey done
Event: 80.634 loading class sun/nio/ch/SelectionKeyImpl done
Event: 80.634 loading class java/lang/invoke/ConstantBootstraps
Event: 80.634 loading class java/lang/invoke/ConstantBootstraps done
Event: 80.687 loading class sun/nio/cs/ThreadLocalCoders
Event: 80.687 loading class sun/nio/cs/ThreadLocalCoders done
Event: 80.687 loading class sun/nio/cs/ThreadLocalCoders$1
Event: 80.687 loading class sun/nio/cs/ThreadLocalCoders$Cache
Event: 80.687 loading class sun/nio/cs/ThreadLocalCoders$Cache done
Event: 80.687 loading class sun/nio/cs/ThreadLocalCoders$1 done
Event: 80.687 loading class sun/nio/cs/ThreadLocalCoders$2
Event: 80.687 loading class sun/nio/cs/ThreadLocalCoders$2 done
Event: 80.754 loading class java/util/ArrayList$SubList$2
Event: 80.754 loading class java/util/ArrayList$SubList$2 done
Event: 80.804 Thread 0x000001b758e89060 Thread added: 0x000001b758e89060
Event: 80.809 loading class java/util/TreeMap$KeySpliterator
Event: 80.809 loading class java/util/TreeMap$KeySpliterator done
Event: 80.823 loading class java/time/format/DateTimeFormatterBuilder$ZoneTextPrinterParser
Event: 80.823 loading class java/time/format/DateTimeFormatterBuilder$ZoneTextPrinterParser done


Dynamic libraries:
0x00007ff620060000 - 0x00007ff62006e000 	C:\jdk-17.0.2\bin\java.exe
0x00007fffc5d50000 - 0x00007fffc5f48000 	C:\WINDOWS\SYSTEM32\ntdll.dll
0x00007fffc5a80000 - 0x00007fffc5b41000 	C:\WINDOWS\System32\KERNEL32.DLL
0x00007fffc3970000 - 0x00007fffc3c66000 	C:\WINDOWS\System32\KERNELBASE.dll
0x00007fffc3870000 - 0x00007fffc3970000 	C:\WINDOWS\System32\ucrtbase.dll
0x00007fffbc6c0000 - 0x00007fffbc6d8000 	C:\jdk-17.0.2\bin\jli.dll
0x00007fffbc6a0000 - 0x00007fffbc6ba000 	C:\jdk-17.0.2\bin\VCRUNTIME140.dll
0x00007fffc5130000 - 0x00007fffc52cf000 	C:\WINDOWS\System32\USER32.dll
0x00007fffc3840000 - 0x00007fffc3862000 	C:\WINDOWS\System32\win32u.dll
0x00007fffc3fc0000 - 0x00007fffc3feb000 	C:\WINDOWS\System32\GDI32.dll
0x00007fffa72d0000 - 0x00007fffa756a000 	C:\WINDOWS\WinSxS\amd64_microsoft.windows.common-controls_6595b64144ccf1df_6.0.19041.4355_none_60b8b9eb71f62e16\COMCTL32.dll
0x00007fffc3720000 - 0x00007fffc3837000 	C:\WINDOWS\System32\gdi32full.dll
0x00007fffc5750000 - 0x00007fffc57ee000 	C:\WINDOWS\System32\msvcrt.dll
0x00007fffc3680000 - 0x00007fffc371d000 	C:\WINDOWS\System32\msvcp_win.dll
0x00007fffc5030000 - 0x00007fffc505f000 	C:\WINDOWS\System32\IMM32.DLL
0x00007fffbf2e0000 - 0x00007fffbf2ec000 	C:\jdk-17.0.2\bin\vcruntime140_1.dll
0x00007fffbc610000 - 0x00007fffbc69d000 	C:\jdk-17.0.2\bin\msvcp140.dll
0x00007fff5aca0000 - 0x00007fff5b861000 	C:\jdk-17.0.2\bin\server\jvm.dll
0x00007fffc5b50000 - 0x00007fffc5c00000 	C:\WINDOWS\System32\ADVAPI32.dll
0x00007fffc3de0000 - 0x00007fffc3e80000 	C:\WINDOWS\System32\sechost.dll
0x00007fffc5950000 - 0x00007fffc5a73000 	C:\WINDOWS\System32\RPCRT4.dll
0x00007fffc3c70000 - 0x00007fffc3c97000 	C:\WINDOWS\System32\bcrypt.dll
0x00007fffc52d0000 - 0x00007fffc52d8000 	C:\WINDOWS\System32\PSAPI.DLL
0x00007fffbf380000 - 0x00007fffbf389000 	C:\WINDOWS\SYSTEM32\WSOCK32.dll
0x00007fffbb340000 - 0x00007fffbb34a000 	C:\WINDOWS\SYSTEM32\VERSION.dll
0x00007fffc4fc0000 - 0x00007fffc502b000 	C:\WINDOWS\System32\WS2_32.dll
0x00007fffadaf0000 - 0x00007fffadb17000 	C:\WINDOWS\SYSTEM32\WINMM.dll
0x00007fffc1c10000 - 0x00007fffc1c22000 	C:\WINDOWS\SYSTEM32\kernel.appcore.dll
0x00007fffbc750000 - 0x00007fffbc75a000 	C:\jdk-17.0.2\bin\jimage.dll
0x00007fffc0fe0000 - 0x00007fffc11c4000 	C:\WINDOWS\SYSTEM32\DBGHELP.DLL
0x00007fffc0fa0000 - 0x00007fffc0fd4000 	C:\WINDOWS\SYSTEM32\dbgcore.DLL
0x00007fffc3cf0000 - 0x00007fffc3d72000 	C:\WINDOWS\System32\bcryptPrimitives.dll
0x00007fffbc5e0000 - 0x00007fffbc605000 	C:\jdk-17.0.2\bin\java.dll
0x00007fff6e850000 - 0x00007fff6e926000 	C:\jdk-17.0.2\bin\jsvml.dll
0x00007fffc47d0000 - 0x00007fffc4f3c000 	C:\WINDOWS\System32\SHELL32.dll
0x00007fffc1460000 - 0x00007fffc1bfe000 	C:\WINDOWS\SYSTEM32\windows.storage.dll
0x00007fffc4180000 - 0x00007fffc44d3000 	C:\WINDOWS\System32\combase.dll
0x00007fffc2d50000 - 0x00007fffc2d7e000 	C:\WINDOWS\SYSTEM32\Wldp.dll
0x00007fffc5060000 - 0x00007fffc512d000 	C:\WINDOWS\System32\OLEAUT32.dll
0x00007fffc57f0000 - 0x00007fffc589d000 	C:\WINDOWS\System32\SHCORE.dll
0x00007fffc3f60000 - 0x00007fffc3fb5000 	C:\WINDOWS\System32\shlwapi.dll
0x00007fffc3330000 - 0x00007fffc3354000 	C:\WINDOWS\SYSTEM32\profapi.dll
0x00007fff9c550000 - 0x00007fff9c569000 	C:\jdk-17.0.2\bin\net.dll
0x00007fffc0bf0000 - 0x00007fffc0cfa000 	C:\WINDOWS\SYSTEM32\WINHTTP.dll
0x00007fffc2ab0000 - 0x00007fffc2b1a000 	C:\WINDOWS\system32\mswsock.dll
0x00007fff98ea0000 - 0x00007fff98eb6000 	C:\jdk-17.0.2\bin\nio.dll
0x00007fffb3d50000 - 0x00007fffb3d68000 	C:\jdk-17.0.2\bin\zip.dll
0x00007fff9e500000 - 0x00007fff9e510000 	C:\jdk-17.0.2\bin\verify.dll
0x00007fff9c490000 - 0x00007fff9c49e000 	C:\jdk-17.0.2\bin\sunmscapi.dll
0x00007fffc3470000 - 0x00007fffc35ce000 	C:\WINDOWS\System32\CRYPT32.dll
0x00007fffc2dc0000 - 0x00007fffc2de9000 	C:\WINDOWS\SYSTEM32\ncrypt.dll
0x00007fffc2d80000 - 0x00007fffc2dbb000 	C:\WINDOWS\SYSTEM32\NTASN1.dll
0x00007fffc2ca0000 - 0x00007fffc2cb8000 	C:\WINDOWS\SYSTEM32\CRYPTSP.dll
0x00007fffc23d0000 - 0x00007fffc2404000 	C:\WINDOWS\system32\rsaenh.dll
0x00007fffc32e0000 - 0x00007fffc330e000 	C:\WINDOWS\SYSTEM32\USERENV.dll
0x00007fffc2cc0000 - 0x00007fffc2ccc000 	C:\WINDOWS\SYSTEM32\CRYPTBASE.dll
0x00007fffc2790000 - 0x00007fffc27cb000 	C:\WINDOWS\SYSTEM32\IPHLPAPI.DLL
0x00007fffc47c0000 - 0x00007fffc47c8000 	C:\WINDOWS\System32\NSI.dll
0x00007fffbb920000 - 0x00007fffbb937000 	C:\WINDOWS\SYSTEM32\dhcpcsvc6.DLL
0x00007fffbb850000 - 0x00007fffbb86d000 	C:\WINDOWS\SYSTEM32\dhcpcsvc.DLL
0x00007fffc27d0000 - 0x00007fffc289a000 	C:\WINDOWS\SYSTEM32\DNSAPI.dll
0x00007fff9e1d0000 - 0x00007fff9e1d9000 	C:\jdk-17.0.2\bin\management.dll
0x00007fff9dca0000 - 0x00007fff9dcab000 	C:\jdk-17.0.2\bin\management_ext.dll
0x00007fffb3dd0000 - 0x00007fffb3dd7000 	C:\WINDOWS\system32\wshunix.dll

dbghelp: loaded successfully - version: 4.0.5 - missing functions: none
symbol engine: initialized successfully - sym options: 0x614 - pdb path: .;C:\jdk-17.0.2\bin;C:\WINDOWS\SYSTEM32;C:\WINDOWS\WinSxS\amd64_microsoft.windows.common-controls_6595b64144ccf1df_6.0.19041.4355_none_60b8b9eb71f62e16;C:\jdk-17.0.2\bin\server

VM Arguments:
jvm_args: -Dfile.encoding=UTF-8 -Duser.country=KR -Duser.language=ko -Duser.variant 
java_command: org.example.fourtreesproject.ProjectApplication
java_class_path (initial): C:\be06-2nd-4TREES-0909\project\build\classes\java\main;C:\be06-2nd-4TREES-0909\project\build\resources\main;C:\Users\COM\.gradle\caches\modules-2\files-2.1\org.springdoc\springdoc-openapi-starter-webmvc-ui\2.0.2\264da79c9d4a53feab8c5c6d0e0cb143bd099d4\springdoc-openapi-starter-webmvc-ui-2.0.2.jar;C:\Users\COM\.gradle\caches\modules-2\files-2.1\org.springframework.boot\spring-boot-starter-web\3.3.1\ec812e82a010d089438b6ac98ebe294f2e540f71\spring-boot-starter-web-3.3.1.jar;C:\Users\COM\.gradle\caches\modules-2\files-2.1\org.springframework.boot\spring-boot-starter-security\3.3.1\8bd079c5339fc519fce243858cb3db819a983e9b\spring-boot-starter-security-3.3.1.jar;C:\Users\COM\.gradle\caches\modules-2\files-2.1\org.springframework.boot\spring-boot-starter-mail\3.3.1\e7eb808264e0a80457766afb0c552806fc30918e\spring-boot-starter-mail-3.3.1.jar;C:\Users\COM\.gradle\caches\modules-2\files-2.1\org.springframework.boot\spring-boot-starter-json\3.3.1\b78d1ce67c3a44e8a2c2799b70e8c216166d0f5b\spring-boot-starter-json-3.3.1.jar;C:\Users\COM\.gradle\caches\modules-2\files-2.1\org.springframework.boot\spring-boot-starter-data-jpa\3.3.1\f12725d58a944eaf4d44334a6a7b0fe14ed08577\spring-boot-starter-data-jpa-3.3.1.jar;C:\Users\COM\.gradle\caches\modules-2\files-2.1\org.springframework.boot\spring-boot-starter-aop\3.3.1\19da2c8abacda5bed6fadfe3e76e4b61e9cc0f09\spring-boot-starter-aop-3.3.1.jar;C:\Users\COM\.gradle\caches\modules-2\files-2.1\org.springframework.boot\spring-boot-starter-jdbc\3.3.1\73e79247180d277b68801ff5f4f9e9ab66210335\spring-boot-starter-jdbc-3.3.1.jar;C:\Users\COM\.gradle\caches\modules-2\files-2.1\org.springframework.boot\spring-boot-starter\3.3.1\30e0ac13cfa51c77db60909ea28572a1e973f186\spring-boot-starter-3.3.1.jar;C:\Users\COM\.gradle\caches\modules-2\files-2.1\org.springframework.security\spring-security-oauth2-client\6.3.1\395023fa3fd09e51d39f36bcb60050f22ae4757d\spring-security-oauth2-client-6.3.1.jar;C:\Users\COM\.gradle\caches\modules-
Launcher Type: SUN_STANDARD

[Global flags]
     intx CICompilerCount                          = 4                                         {product} {ergonomic}
     uint ConcGCThreads                            = 2                                         {product} {ergonomic}
     uint G1ConcRefinementThreads                  = 8                                         {product} {ergonomic}
   size_t G1HeapRegionSize                         = 2097152                                   {product} {ergonomic}
    uintx GCDrainStackTargetSize                   = 64                                        {product} {ergonomic}
   size_t InitialHeapSize                          = 266338304                                 {product} {ergonomic}
   size_t MarkStackSize                            = 4194304                                   {product} {ergonomic}
   size_t MaxHeapSize                              = 4242538496                                {product} {ergonomic}
   size_t MaxNewSize                               = 2543845376                                {product} {ergonomic}
   size_t MinHeapDeltaBytes                        = 2097152                                   {product} {ergonomic}
   size_t MinHeapSize                              = 8388608                                   {product} {ergonomic}
    uintx NonNMethodCodeHeapSize                   = 5839372                                {pd product} {ergonomic}
    uintx NonProfiledCodeHeapSize                  = 122909434                              {pd product} {ergonomic}
    uintx ProfiledCodeHeapSize                     = 122909434                              {pd product} {ergonomic}
    uintx ReservedCodeCacheSize                    = 251658240                              {pd product} {ergonomic}
     bool SegmentedCodeCache                       = true                                      {product} {ergonomic}
   size_t SoftMaxHeapSize                          = 4242538496                             {manageable} {ergonomic}
     bool UseCompressedClassPointers               = true                           {product lp64_product} {ergonomic}
     bool UseCompressedOops                        = true                           {product lp64_product} {ergonomic}
     bool UseG1GC                                  = true                                      {product} {ergonomic}
     bool UseLargePagesIndividualAllocation        = false                                  {pd product} {ergonomic}

Logging:
Log output configuration:
 #0: stdout all=warning uptime,level,tags
 #1: stderr all=off uptime,level,tags

Environment Variables:
JAVA_HOME=C:\jdk-17.0.2
PATH=C:\Program Files (x86)\VMware\VMware Workstation\bin\;C:\WINDOWS\system32;C:\WINDOWS;C:\WINDOWS\System32\Wbem;C:\WINDOWS\System32\WindowsPowerShell\v1.0\;C:\WINDOWS\System32\OpenSSH\;C:\jdk-17.0.2\bin;C:\Program Files\Git\cmd;C:\Program Files\nodejs\;C:\Users\COM\AppData\Local\Programs\Python\Python312\Scripts\;C:\Users\COM\AppData\Local\Programs\Python\Python312\;C:\Users\COM\AppData\Local\Microsoft\WindowsApps;C:\Users\COM\Desktop\WEB\Microsoft VS Code\bin;C:\Users\COM\AppData\Roaming\npm
USERNAME=COM
OS=Windows_NT
PROCESSOR_IDENTIFIER=Intel64 Family 6 Model 142 Stepping 12, GenuineIntel



---------------  S Y S T E M  ---------------

OS:
 Windows 10 , 64 bit Build 19041 (10.0.19041.4597)
OS uptime: 7 days 17:18 hours

CPU: total 8 (initial active 8) (4 cores per cpu, 2 threads per core) family 6 model 142 stepping 12 microcode 0xb8, cx8, cmov, fxsr, ht, mmx, 3dnowpref, sse, sse2, sse3, ssse3, sse4.1, sse4.2, popcnt, lzcnt, tsc, tscinvbit, avx, avx2, aes, erms, clmul, bmi1, bmi2, adx, fma, vzeroupper, clflush, clflushopt

Memory: 4k page, system-wide physical 16178M (2346M free)
TotalPageFile size 17714M (AvailPageFile size 0M)
current process WorkingSet (physical memory assigned to process): 424M, peak: 473M
current process commit charge ("private bytes"): 850M, peak: 895M

vm_info: OpenJDK 64-Bit Server VM (17.0.2+8-86) for windows-amd64 JRE (17.0.2+8-86), built on Dec  7 2021 21:49:10 by "mach5one" with MS VC++ 16.8 / 16.9 (VS2019)

END.
