#
# There is insufficient memory for the Java Runtime Environment to continue.
# Native memory allocation (mmap) failed to map 266338304 bytes for G1 virtual space
# Possible reasons:
#   The system is out of physical RAM or swap space
#   The process is running with CompressedOops enabled, and the Java Heap may be blocking the growth of the native heap
# Possible solutions:
#   Reduce memory load on the system
#   Increase physical memory or swap space
#   Check if swap backing store is full
#   Decrease Java heap size (-Xmx/-Xms)
#   Decrease number of Java threads
#   Decrease Java thread stack sizes (-Xss)
#   Set larger code cache with -XX:ReservedCodeCacheSize=
#   JVM is running with Zero Based Compressed Oops mode in which the Java heap is
#     placed in the first 32GB address space. The Java Heap base address is the
#     maximum limit for the native heap growth. Please use -XX:HeapBaseMinAddress
#     to set the Java Heap base and to place the Java Heap above 32GB virtual address.
# This output file may be truncated or incomplete.
#
#  Out of Memory Error (os_windows.cpp:3532), pid=12204, tid=13488
#
# JRE version:  (17.0.2+8) (build )
# Java VM: OpenJDK 64-Bit Server VM (17.0.2+8-86, mixed mode, sharing, tiered, compressed oops, compressed class ptrs, g1 gc, windows-amd64)
# No core dump will be written. Minidumps are not enabled by default on client versions of Windows
#

---------------  S U M M A R Y ------------

Command Line: -agentlib:jdwp=transport=dt_socket,server=n,suspend=y,address=127.0.0.1:10284 -Dfile.encoding=UTF-8 -Duser.country=KR -Duser.language=ko -Duser.variant org.example.fourtreesproject.ProjectApplication

Host: Intel(R) Core(TM) i7-8565U CPU @ 1.80GHz, 8 cores, 15G,  Windows 10 , 64 bit Build 19041 (10.0.19041.4597)
Time: Tue Aug  6 18:17:44 2024  Windows 10 , 64 bit Build 19041 (10.0.19041.4597) elapsed time: 0.023429 seconds (0d 0h 0m 0s)

---------------  T H R E A D  ---------------

Current thread (0x0000020e156fb640):  JavaThread "Unknown thread" [_thread_in_vm, id=13488, stack(0x000000427ce00000,0x000000427cf00000)]

Stack: [0x000000427ce00000,0x000000427cf00000]
Native frames: (J=compiled Java code, j=interpreted, Vv=VM code, C=native code)
V  [jvm.dll+0x670baa]
V  [jvm.dll+0x7cfcb4]
V  [jvm.dll+0x7d145e]
V  [jvm.dll+0x7d1ac3]
V  [jvm.dll+0x242bc5]
V  [jvm.dll+0x66dac9]
V  [jvm.dll+0x662412]
V  [jvm.dll+0x300c0b]
V  [jvm.dll+0x3081a6]
V  [jvm.dll+0x357d0e]
V  [jvm.dll+0x357f3f]
V  [jvm.dll+0x2d7ec8]
V  [jvm.dll+0x2d8e34]
V  [jvm.dll+0x7a18c1]
V  [jvm.dll+0x365a91]
V  [jvm.dll+0x780d2c]
V  [jvm.dll+0x3e845f]
V  [jvm.dll+0x3e9f01]
C  [jli.dll+0x527b]
C  [ucrtbase.dll+0x21bb2]
C  [KERNEL32.DLL+0x17374]
C  [ntdll.dll+0x4cc91]


---------------  P R O C E S S  ---------------

Threads class SMR info:
_java_thread_list=0x00007ff81f7f9858, length=0, elements={
}

Java Threads: ( => current thread )

Other Threads:
  0x0000020e15751c20 GCTaskThread "GC Thread#0" [stack: 0x000000427cf00000,0x000000427d000000] [id=2824]
  0x0000020e15763750 ConcurrentGCThread "G1 Main Marker" [stack: 0x000000427d000000,0x000000427d100000] [id=12324]
  0x0000020e15764810 ConcurrentGCThread "G1 Conc#0" [stack: 0x000000427d100000,0x000000427d200000] [id=1100]

[error occurred during error reporting (printing all threads), id 0xc0000005, EXCEPTION_ACCESS_VIOLATION (0xc0000005) at pc=0x00007ff81f0488a7]

VM state: not at safepoint (not fully initialized)

VM Mutex/Monitor currently owned by a thread:  ([mutex/lock_event])
[0x0000020e135cb000] Heap_lock - owner thread: 0x0000020e156fb640

Heap address: 0x0000000703200000, size: 4046 MB, Compressed Oops mode: Zero based, Oop shift amount: 3

CDS archive(s) mapped at: [0x0000000000000000-0x0000000000000000-0x0000000000000000), size 0, SharedBaseAddress: 0x0000000800000000, ArchiveRelocationMode: 0.
Narrow klass base: 0x0000000000000000, Narrow klass shift: 0, Narrow klass range: 0x0

GC Precious Log:
<Empty>

Heap:
 garbage-first heap   total 0K, used 0K [0x0000000703200000, 0x0000000800000000)
  region size 2048K, 0 young (0K), 0 survivors (0K)

[error occurred during error reporting (printing heap information), id 0xc0000005, EXCEPTION_ACCESS_VIOLATION (0xc0000005) at pc=0x00007ff81f429f19]

GC Heap History (0 events):
No events

Deoptimization events (0 events):
No events

Classes unloaded (0 events):
No events

Classes redefined (0 events):
No events

Internal exceptions (0 events):
No events

VM Operations (0 events):
No events

Events (1 events):
Event: 0.014 Loaded shared library C:\jdk-17.0.2\bin\java.dll


Dynamic libraries:
0x00007ff758a70000 - 0x00007ff758a7e000 	C:\jdk-17.0.2\bin\java.exe
0x00007ff890890000 - 0x00007ff890a88000 	C:\WINDOWS\SYSTEM32\ntdll.dll
0x00007ff88fbc0000 - 0x00007ff88fc81000 	C:\WINDOWS\System32\KERNEL32.DLL
0x00007ff88e5c0000 - 0x00007ff88e8b6000 	C:\WINDOWS\System32\KERNELBASE.dll
0x00007ff88e410000 - 0x00007ff88e510000 	C:\WINDOWS\System32\ucrtbase.dll
0x00007ff852c60000 - 0x00007ff852c78000 	C:\jdk-17.0.2\bin\jli.dll
0x00007ff842140000 - 0x00007ff84215a000 	C:\jdk-17.0.2\bin\VCRUNTIME140.dll
0x00007ff88e9f0000 - 0x00007ff88eb8f000 	C:\WINDOWS\System32\USER32.dll
0x00007ff88df40000 - 0x00007ff88df62000 	C:\WINDOWS\System32\win32u.dll
0x00007ff8758d0000 - 0x00007ff875b6a000 	C:\WINDOWS\WinSxS\amd64_microsoft.windows.common-controls_6595b64144ccf1df_6.0.19041.4355_none_60b8b9eb71f62e16\COMCTL32.dll
0x00007ff88f850000 - 0x00007ff88f87b000 	C:\WINDOWS\System32\GDI32.dll
0x00007ff88fdc0000 - 0x00007ff88fe5e000 	C:\WINDOWS\System32\msvcrt.dll
0x00007ff88e0d0000 - 0x00007ff88e1e7000 	C:\WINDOWS\System32\gdi32full.dll
0x00007ff88e030000 - 0x00007ff88e0cd000 	C:\WINDOWS\System32\msvcp_win.dll
0x00007ff88ff30000 - 0x00007ff88ff5f000 	C:\WINDOWS\System32\IMM32.DLL
0x00007ff865c90000 - 0x00007ff865c9c000 	C:\jdk-17.0.2\bin\vcruntime140_1.dll
0x00007ff831590000 - 0x00007ff83161d000 	C:\jdk-17.0.2\bin\msvcp140.dll
0x00007ff81ed60000 - 0x00007ff81f921000 	C:\jdk-17.0.2\bin\server\jvm.dll
0x00007ff88fa60000 - 0x00007ff88fb10000 	C:\WINDOWS\System32\ADVAPI32.dll
0x00007ff88fb20000 - 0x00007ff88fbc0000 	C:\WINDOWS\System32\sechost.dll
0x00007ff88fc90000 - 0x00007ff88fdb3000 	C:\WINDOWS\System32\RPCRT4.dll
0x00007ff88e1f0000 - 0x00007ff88e217000 	C:\WINDOWS\System32\bcrypt.dll
0x00007ff88fb10000 - 0x00007ff88fb18000 	C:\WINDOWS\System32\PSAPI.DLL
0x00007ff88ade0000 - 0x00007ff88ade9000 	C:\WINDOWS\SYSTEM32\WSOCK32.dll
0x00007ff885d70000 - 0x00007ff885d7a000 	C:\WINDOWS\SYSTEM32\VERSION.dll
0x00007ff87a6f0000 - 0x00007ff87a717000 	C:\WINDOWS\SYSTEM32\WINMM.dll
0x00007ff88f8e0000 - 0x00007ff88f94b000 	C:\WINDOWS\System32\WS2_32.dll
0x00007ff88c750000 - 0x00007ff88c762000 	C:\WINDOWS\SYSTEM32\kernel.appcore.dll
0x00007ff8655b0000 - 0x00007ff8655ba000 	C:\jdk-17.0.2\bin\jimage.dll
0x00007ff88bb20000 - 0x00007ff88bd04000 	C:\WINDOWS\SYSTEM32\DBGHELP.DLL
0x00007ff88bae0000 - 0x00007ff88bb14000 	C:\WINDOWS\SYSTEM32\dbgcore.DLL
0x00007ff88e220000 - 0x00007ff88e2a2000 	C:\WINDOWS\System32\bcryptPrimitives.dll
0x00007ff868890000 - 0x00007ff8688cb000 	C:\jdk-17.0.2\bin\jdwp.dll
0x00007ff841680000 - 0x00007ff8416a5000 	C:\jdk-17.0.2\bin\java.dll

dbghelp: loaded successfully - version: 4.0.5 - missing functions: none
symbol engine: initialized successfully - sym options: 0x614 - pdb path: .;C:\jdk-17.0.2\bin;C:\WINDOWS\SYSTEM32;C:\WINDOWS\WinSxS\amd64_microsoft.windows.common-controls_6595b64144ccf1df_6.0.19041.4355_none_60b8b9eb71f62e16;C:\jdk-17.0.2\bin\server

VM Arguments:
jvm_args: -agentlib:jdwp=transport=dt_socket,server=n,suspend=y,address=127.0.0.1:10284 -Dfile.encoding=UTF-8 -Duser.country=KR -Duser.language=ko -Duser.variant 
java_command: org.example.fourtreesproject.ProjectApplication
java_class_path (initial): C:\0909Project\be06-2nd-4TREES-0909\project\build\classes\java\main;C:\0909Project\be06-2nd-4TREES-0909\project\build\resources\main;C:\Users\COM\.gradle\caches\modules-2\files-2.1\org.springdoc\springdoc-openapi-starter-webmvc-ui\2.0.2\264da79c9d4a53feab8c5c6d0e0cb143bd099d4\springdoc-openapi-starter-webmvc-ui-2.0.2.jar;C:\Users\COM\.gradle\caches\modules-2\files-2.1\org.springframework.boot\spring-boot-starter-web\3.3.1\ec812e82a010d089438b6ac98ebe294f2e540f71\spring-boot-starter-web-3.3.1.jar;C:\Users\COM\.gradle\caches\modules-2\files-2.1\org.springframework.boot\spring-boot-starter-security\3.3.1\8bd079c5339fc519fce243858cb3db819a983e9b\spring-boot-starter-security-3.3.1.jar;C:\Users\COM\.gradle\caches\modules-2\files-2.1\org.springframework.boot\spring-boot-starter-mail\3.3.1\e7eb808264e0a80457766afb0c552806fc30918e\spring-boot-starter-mail-3.3.1.jar;C:\Users\COM\.gradle\caches\modules-2\files-2.1\org.springframework.boot\spring-boot-starter-json\3.3.1\b78d1ce67c3a44e8a2c2799b70e8c216166d0f5b\spring-boot-starter-json-3.3.1.jar;C:\Users\COM\.gradle\caches\modules-2\files-2.1\org.springframework.boot\spring-boot-starter-data-jpa\3.3.1\f12725d58a944eaf4d44334a6a7b0fe14ed08577\spring-boot-starter-data-jpa-3.3.1.jar;C:\Users\COM\.gradle\caches\modules-2\files-2.1\org.springframework.boot\spring-boot-starter-aop\3.3.1\19da2c8abacda5bed6fadfe3e76e4b61e9cc0f09\spring-boot-starter-aop-3.3.1.jar;C:\Users\COM\.gradle\caches\modules-2\files-2.1\org.springframework.boot\spring-boot-starter-jdbc\3.3.1\73e79247180d277b68801ff5f4f9e9ab66210335\spring-boot-starter-jdbc-3.3.1.jar;C:\Users\COM\.gradle\caches\modules-2\files-2.1\org.springframework.boot\spring-boot-starter\3.3.1\30e0ac13cfa51c77db60909ea28572a1e973f186\spring-boot-starter-3.3.1.jar;C:\Users\COM\.gradle\caches\modules-2\files-2.1\org.springframework.security\spring-security-oauth2-client\6.3.1\395023fa3fd09e51d39f36bcb60050f22ae4757d\spring-security-oauth2-client-6.3.1.jar;C:\Users\COM
Launcher Type: SUN_STANDARD

[Global flags]
     intx CICompilerCount                          = 4                                         {product} {ergonomic}
     uint ConcGCThreads                            = 2                                         {product} {ergonomic}
     uint G1ConcRefinementThreads                  = 8                                         {product} {ergonomic}
   size_t G1HeapRegionSize                         = 2097152                                   {product} {ergonomic}
    uintx GCDrainStackTargetSize                   = 64                                        {product} {ergonomic}
   size_t InitialHeapSize                          = 266338304                                 {product} {ergonomic}
   size_t MarkStackSize                            = 4194304                                   {product} {ergonomic}
   size_t MaxHeapSize                              = 4242538496                                {product} {ergonomic}
   size_t MinHeapDeltaBytes                        = 2097152                                   {product} {ergonomic}
   size_t MinHeapSize                              = 8388608                                   {product} {ergonomic}
    uintx NonNMethodCodeHeapSize                   = 5839372                                {pd product} {ergonomic}
    uintx NonProfiledCodeHeapSize                  = 122909434                              {pd product} {ergonomic}
    uintx ProfiledCodeHeapSize                     = 122909434                              {pd product} {ergonomic}
    uintx ReservedCodeCacheSize                    = 251658240                              {pd product} {ergonomic}
     bool SegmentedCodeCache                       = true                                      {product} {ergonomic}
   size_t SoftMaxHeapSize                          = 4242538496                             {manageable} {ergonomic}
     bool UseCompressedClassPointers               = true                           {product lp64_product} {ergonomic}
     bool UseCompressedOops                        = true                           {product lp64_product} {ergonomic}
     bool UseG1GC                                  = true                                      {product} {ergonomic}
     bool UseLargePagesIndividualAllocation        = false                                  {pd product} {ergonomic}

Logging:
Log output configuration:
 #0: stdout all=warning uptime,level,tags
 #1: stderr all=off uptime,level,tags

Environment Variables:
JAVA_HOME=C:\jdk-17.0.2
PATH=C:\Program Files (x86)\VMware\VMware Workstation\bin\;C:\WINDOWS\system32;C:\WINDOWS;C:\WINDOWS\System32\Wbem;C:\WINDOWS\System32\WindowsPowerShell\v1.0\;C:\WINDOWS\System32\OpenSSH\;C:\jdk-17.0.2\bin;C:\Program Files\Git\cmd;C:\Program Files\nodejs\;C:\Users\COM\AppData\Local\Programs\Python\Python312\Scripts\;C:\Users\COM\AppData\Local\Programs\Python\Python312\;C:\Users\COM\AppData\Local\Microsoft\WindowsApps;C:\Users\COM\Desktop\WEB\Microsoft VS Code\bin;C:\Users\COM\AppData\Roaming\npm
USERNAME=COM
OS=Windows_NT
PROCESSOR_IDENTIFIER=Intel64 Family 6 Model 142 Stepping 12, GenuineIntel



---------------  S Y S T E M  ---------------

OS:
 Windows 10 , 64 bit Build 19041 (10.0.19041.4597)
OS uptime: 3 days 18:43 hours

CPU: total 8 (initial active 8) (4 cores per cpu, 2 threads per core) family 6 model 142 stepping 12 microcode 0xb8, cx8, cmov, fxsr, ht, mmx, 3dnowpref, sse, sse2, sse3, ssse3, sse4.1, sse4.2, popcnt, lzcnt, tsc, tscinvbit, avx, avx2, aes, erms, clmul, bmi1, bmi2, adx, fma, vzeroupper, clflush, clflushopt

Memory: 4k page, system-wide physical 16178M (3095M free)
TotalPageFile size 17714M (AvailPageFile size 196M)
current process WorkingSet (physical memory assigned to process): 11M, peak: 11M
current process commit charge ("private bytes"): 60M, peak: 314M

vm_info: OpenJDK 64-Bit Server VM (17.0.2+8-86) for windows-amd64 JRE (17.0.2+8-86), built on Dec  7 2021 21:49:10 by "mach5one" with MS VC++ 16.8 / 16.9 (VS2019)

END.
