#
# There is insufficient memory for the Java Runtime Environment to continue.
# Native memory allocation (malloc) failed to allocate 796416 bytes for Chunk::new
# Possible reasons:
#   The system is out of physical RAM or swap space
#   The process is running with CompressedOops enabled, and the Java Heap may be blocking the growth of the native heap
# Possible solutions:
#   Reduce memory load on the system
#   Increase physical memory or swap space
#   Check if swap backing store is full
#   Decrease Java heap size (-Xmx/-Xms)
#   Decrease number of Java threads
#   Decrease Java thread stack sizes (-Xss)
#   Set larger code cache with -XX:ReservedCodeCacheSize=
#   JVM is running with Unscaled Compressed Oops mode in which the Java heap is
#     placed in the first 4GB address space. The Java Heap base address is the
#     maximum limit for the native heap growth. Please use -XX:HeapBaseMinAddress
#     to set the Java Heap base and to place the Java Heap above 4GB virtual address.
# This output file may be truncated or incomplete.
#
#  Out of Memory Error (arena.cpp:189), pid=19128, tid=19848
#
# JRE version: OpenJDK Runtime Environment (17.0.2+8) (build 17.0.2+8-86)
# Java VM: OpenJDK 64-Bit Server VM (17.0.2+8-86, mixed mode, sharing, tiered, compressed oops, compressed class ptrs, g1 gc, windows-amd64)
# No core dump will be written. Minidumps are not enabled by default on client versions of Windows
#

---------------  S U M M A R Y ------------

Command Line: --add-opens=java.base/java.util.concurrent.atomic=ALL-UNNAMED -XX:MaxMetaspaceSize=384m -XX:+HeapDumpOnOutOfMemoryError --add-opens=java.base/java.util=ALL-UNNAMED --add-opens=java.base/java.lang=ALL-UNNAMED --add-opens=java.base/java.lang.invoke=ALL-UNNAMED --add-opens=java.prefs/java.util.prefs=ALL-UNNAMED --add-opens=java.base/java.nio.charset=ALL-UNNAMED --add-opens=java.base/java.net=ALL-UNNAMED --add-opens=java.base/java.util.concurrent.atomic=ALL-UNNAMED -Xms256m -Xmx512m -Dfile.encoding=UTF-8 -Duser.country=KR -Duser.language=ko -Duser.variant -javaagent:C:\Users\COM\.gradle\wrapper\dists\gradle-8.8-bin\dl7vupf4psengwqhwktix4v1\gradle-8.8\lib\agents\gradle-instrumentation-agent-8.8.jar org.gradle.launcher.daemon.bootstrap.GradleDaemon 8.8

Host: Intel(R) Core(TM) i7-8565U CPU @ 1.80GHz, 8 cores, 15G,  Windows 10 , 64 bit Build 19041 (10.0.19041.4597)
Time: Mon Aug  5 16:47:40 2024  Windows 10 , 64 bit Build 19041 (10.0.19041.4597) elapsed time: 2892.985056 seconds (0d 0h 48m 12s)

---------------  T H R E A D  ---------------

Current thread (0x000001e25f771440):  JavaThread "C2 CompilerThread0" daemon [_thread_in_native, id=19848, stack(0x0000007de4400000,0x0000007de4500000)]


Current CompileTask:
C2:2892985 13004       4       org.gradle.launcher.daemon.context.DefaultDaemonContext$Serializer::read (219 bytes)

Stack: [0x0000007de4400000,0x0000007de4500000]
Native frames: (J=compiled Java code, j=interpreted, Vv=VM code, C=native code)
V  [jvm.dll+0x670baa]
V  [jvm.dll+0x7cfcb4]
V  [jvm.dll+0x7d145e]
V  [jvm.dll+0x7d1ac3]
V  [jvm.dll+0x242bc5]
V  [jvm.dll+0xaa57b]
V  [jvm.dll+0xaab0c]
V  [jvm.dll+0x35fd07]
V  [jvm.dll+0x32a331]
V  [jvm.dll+0x3297da]
V  [jvm.dll+0x215c91]
V  [jvm.dll+0x2150b1]
V  [jvm.dll+0x1a1bbd]
V  [jvm.dll+0x224908]
V  [jvm.dll+0x222a6c]
V  [jvm.dll+0x7859bb]
V  [jvm.dll+0x77ff7a]
V  [jvm.dll+0x66fa35]
C  [ucrtbase.dll+0x21bb2]
C  [KERNEL32.DLL+0x17374]
C  [ntdll.dll+0x4cc91]


---------------  P R O C E S S  ---------------

Threads class SMR info:
_java_thread_list=0x000001e2626aab80, length=136, elements={
0x000001e244ed92b0, 0x000001e25f744040, 0x000001e25f745560, 0x000001e25f764f60,
0x000001e25f767830, 0x000001e25f768890, 0x000001e25f76a160, 0x000001e25f771440,
0x000001e25f7734f0, 0x000001e25f777e20, 0x000001e25f72f210, 0x000001e2601ed060,
0x000001e261dd3170, 0x000001e261b7afc0, 0x000001e26072bca0, 0x000001e262057e90,
0x000001e260fa9480, 0x000001e260cdac20, 0x000001e26150e9f0, 0x000001e261db4450,
0x000001e261ced370, 0x000001e261cec030, 0x000001e261ce9e80, 0x000001e261ceb690,
0x000001e261cec500, 0x000001e261ced840, 0x000001e261ceb1c0, 0x000001e261cebb60,
0x000001e261cecea0, 0x000001e261cea350, 0x000001e261cea820, 0x000001e263c9dae0,
0x000001e263c9be00, 0x000001e263c9c2d0, 0x000001e263c9d610, 0x000001e263c9b930,
0x000001e263c9d140, 0x000001e263c9aac0, 0x000001e263c9af90, 0x000001e261479670,
0x000001e261478cd0, 0x000001e26147a4e0, 0x000001e26147c690, 0x000001e26147ae80,
0x000001e261479b40, 0x000001e261477990, 0x000001e26147b350, 0x000001e26147cb60,
0x000001e26147a010, 0x000001e261478800, 0x000001e261477e60, 0x000001e261478330,
0x000001e2614791a0, 0x000001e26147a9b0, 0x000001e26147b820, 0x000001e26147bcf0,
0x000001e26147c1c0, 0x000001e26147d030, 0x000001e26147d500, 0x000001e261476650,
0x000001e26147d9d0, 0x000001e26147dea0, 0x000001e261476b20, 0x000001e261476ff0,
0x000001e2614774c0, 0x000001e265d4ee60, 0x000001e265d50b40, 0x000001e265d531c0,
0x000001e265d501a0, 0x000001e265d4f330, 0x000001e265d50670, 0x000001e265d55840,
0x000001e265d54500, 0x000001e265d561e0, 0x000001e265d55d10, 0x000001e265d4f800,
0x000001e265d51010, 0x000001e265d51e80, 0x000001e265d52820, 0x000001e265d53b60,
0x000001e265d54ea0, 0x000001e265d549d0, 0x000001e265d4fcd0, 0x000001e265d514e0,
0x000001e265d519b0, 0x000001e265d52350, 0x000001e265d52cf0, 0x000001e265d54030,
0x000001e267570e70, 0x000001e2675704d0, 0x000001e267571810, 0x000001e26756f190,
0x000001e26756c170, 0x000001e26756e7f0, 0x000001e26756e320, 0x000001e26756ecc0,
0x000001e26756de50, 0x000001e26756f660, 0x000001e26756ae30, 0x000001e26756b7d0,
0x000001e267570000, 0x000001e26756c640, 0x000001e26756bca0, 0x000001e26756fb30,
0x000001e26756cb10, 0x000001e2675721b0, 0x000001e26756cfe0, 0x000001e2675709a0,
0x000001e26756d4b0, 0x000001e267572680, 0x000001e26756d980, 0x000001e267571340,
0x000001e267571ce0, 0x000001e26756b300, 0x000001e265e5ca60, 0x000001e265e5c590,
0x000001e265e5d400, 0x000001e265e5d8d0, 0x000001e265e5ad80, 0x000001e265d5d850,
0x000001e265d5ceb0, 0x000001e265d5a830, 0x000001e265d5b6a0, 0x000001e265d599c0,
0x000001e265d56e70, 0x000001e265d57340, 0x000001e265d5d380, 0x000001e265d57810,
0x000001e265d5dd20, 0x000001e265d5bb70, 0x000001e265d5e1f0, 0x000001e265d57ce0,
0x000001e265d5c510, 0x000001e265d5b1d0, 0x000001e265d594f0, 0x000001e265d59e90
}

Java Threads: ( => current thread )
  0x000001e244ed92b0 JavaThread "main" [_thread_blocked, id=17792, stack(0x0000007de3700000,0x0000007de3800000)]
  0x000001e25f744040 JavaThread "Reference Handler" daemon [_thread_blocked, id=9576, stack(0x0000007de3e00000,0x0000007de3f00000)]
  0x000001e25f745560 JavaThread "Finalizer" daemon [_thread_blocked, id=4496, stack(0x0000007de3f00000,0x0000007de4000000)]
  0x000001e25f764f60 JavaThread "Signal Dispatcher" daemon [_thread_blocked, id=3444, stack(0x0000007de4000000,0x0000007de4100000)]
  0x000001e25f767830 JavaThread "Attach Listener" daemon [_thread_blocked, id=8008, stack(0x0000007de4100000,0x0000007de4200000)]
  0x000001e25f768890 JavaThread "Service Thread" daemon [_thread_blocked, id=9168, stack(0x0000007de4200000,0x0000007de4300000)]
  0x000001e25f76a160 JavaThread "Monitor Deflation Thread" daemon [_thread_blocked, id=2828, stack(0x0000007de4300000,0x0000007de4400000)]
=>0x000001e25f771440 JavaThread "C2 CompilerThread0" daemon [_thread_in_native, id=19848, stack(0x0000007de4400000,0x0000007de4500000)]
  0x000001e25f7734f0 JavaThread "C1 CompilerThread0" daemon [_thread_blocked, id=17092, stack(0x0000007de4500000,0x0000007de4600000)]
  0x000001e25f777e20 JavaThread "Sweeper thread" daemon [_thread_blocked, id=20424, stack(0x0000007de4600000,0x0000007de4700000)]
  0x000001e25f72f210 JavaThread "Common-Cleaner" daemon [_thread_blocked, id=8276, stack(0x0000007de4700000,0x0000007de4800000)]
  0x000001e2601ed060 JavaThread "Notification Thread" daemon [_thread_blocked, id=7664, stack(0x0000007de4800000,0x0000007de4900000)]
  0x000001e261dd3170 JavaThread "Daemon health stats" [_thread_blocked, id=6684, stack(0x0000007de4b00000,0x0000007de4c00000)]
  0x000001e261b7afc0 JavaThread "Incoming local TCP Connector on port 12894" [_thread_in_native, id=5776, stack(0x0000007de4a00000,0x0000007de4b00000)]
  0x000001e26072bca0 JavaThread "Daemon periodic checks" [_thread_blocked, id=17596, stack(0x0000007de5100000,0x0000007de5200000)]
  0x000001e262057e90 JavaThread "Daemon" [_thread_blocked, id=14716, stack(0x0000007de5200000,0x0000007de5300000)]
  0x000001e260fa9480 JavaThread "Handler for socket connection from /127.0.0.1:12894 to /127.0.0.1:12895" [_thread_in_native, id=19056, stack(0x0000007de5300000,0x0000007de5400000)]
  0x000001e260cdac20 JavaThread "Cancel handler" [_thread_blocked, id=9988, stack(0x0000007de5400000,0x0000007de5500000)]
  0x000001e26150e9f0 JavaThread "Daemon worker" [_thread_blocked, id=1648, stack(0x0000007de5500000,0x0000007de5600000)]
  0x000001e261db4450 JavaThread "Asynchronous log dispatcher for DefaultDaemonConnection: socket connection from /127.0.0.1:12894 to /127.0.0.1:12895" [_thread_blocked, id=16436, stack(0x0000007de5600000,0x0000007de5700000)]
  0x000001e261ced370 JavaThread "Stdin handler" [_thread_blocked, id=3824, stack(0x0000007de5700000,0x0000007de5800000)]
  0x000001e261cec030 JavaThread "Daemon client event forwarder" [_thread_blocked, id=7068, stack(0x0000007de5800000,0x0000007de5900000)]
  0x000001e261ce9e80 JavaThread "Cache worker for journal cache (C:\Users\COM\.gradle\caches\journal-1)" [_thread_blocked, id=19824, stack(0x0000007de5a00000,0x0000007de5b00000)]
  0x000001e261ceb690 JavaThread "File lock request listener" [_thread_in_native, id=3796, stack(0x0000007de5b00000,0x0000007de5c00000)]
  0x000001e261cec500 JavaThread "Cache worker for file hash cache (C:\Users\COM\.gradle\caches\8.8\fileHashes)" [_thread_blocked, id=21372, stack(0x0000007de5c00000,0x0000007de5d00000)]
  0x000001e261ced840 JavaThread "Cache worker for file hash cache (C:\0909Project\be06-2nd-4TREES-0909\project\.gradle\8.8\fileHashes)" [_thread_blocked, id=17588, stack(0x0000007de5e00000,0x0000007de5f00000)]
  0x000001e261ceb1c0 JavaThread "File watcher server" daemon [_thread_in_native, id=2092, stack(0x0000007de5f00000,0x0000007de6000000)]
  0x000001e261cebb60 JavaThread "File watcher consumer" daemon [_thread_blocked, id=20820, stack(0x0000007de6200000,0x0000007de6300000)]
  0x000001e261cecea0 JavaThread "Cache worker for checksums cache (C:\0909Project\be06-2nd-4TREES-0909\project\.gradle\8.8\checksums)" [_thread_blocked, id=18048, stack(0x0000007de6400000,0x0000007de6500000)]
  0x000001e261cea350 JavaThread "Cache worker for file content cache (C:\Users\COM\.gradle\caches\8.8\fileContent)" [_thread_blocked, id=18532, stack(0x0000007de6500000,0x0000007de6600000)]
  0x000001e261cea820 JavaThread "Cache worker for cache directory md-rule (C:\Users\COM\.gradle\caches\8.8\md-rule)" [_thread_blocked, id=18576, stack(0x0000007de6600000,0x0000007de6700000)]
  0x000001e263c9dae0 JavaThread "Cache worker for cache directory md-supplier (C:\Users\COM\.gradle\caches\8.8\md-supplier)" [_thread_blocked, id=14140, stack(0x0000007de6700000,0x0000007de6800000)]
  0x000001e263c9be00 JavaThread "jar transforms" [_thread_blocked, id=18572, stack(0x0000007de6800000,0x0000007de6900000)]
  0x000001e263c9c2d0 JavaThread "jar transforms Thread 2" [_thread_blocked, id=20528, stack(0x0000007de6900000,0x0000007de6a00000)]
  0x000001e263c9d610 JavaThread "jar transforms Thread 3" [_thread_blocked, id=3276, stack(0x0000007de6a00000,0x0000007de6b00000)]
  0x000001e263c9b930 JavaThread "Unconstrained build operations" [_thread_blocked, id=1928, stack(0x0000007de6b00000,0x0000007de6c00000)]
  0x000001e263c9d140 JavaThread "Unconstrained build operations Thread 2" [_thread_blocked, id=7684, stack(0x0000007de6c00000,0x0000007de6d00000)]
  0x000001e263c9aac0 JavaThread "jar transforms Thread 4" [_thread_blocked, id=9780, stack(0x0000007de6d00000,0x0000007de6e00000)]
  0x000001e263c9af90 JavaThread "jar transforms Thread 5" [_thread_blocked, id=20992, stack(0x0000007de6e00000,0x0000007de6f00000)]
  0x000001e261479670 JavaThread "jar transforms Thread 6" [_thread_blocked, id=11900, stack(0x0000007de6f00000,0x0000007de7000000)]
  0x000001e261478cd0 JavaThread "jar transforms Thread 7" [_thread_blocked, id=14620, stack(0x0000007de7000000,0x0000007de7100000)]
  0x000001e26147a4e0 JavaThread "jar transforms Thread 8" [_thread_blocked, id=20732, stack(0x0000007de7100000,0x0000007de7200000)]
  0x000001e26147c690 JavaThread "Cache worker for Build Output Cleanup Cache (C:\0909Project\be06-2nd-4TREES-0909\project\.gradle\buildOutputCleanup)" [_thread_blocked, id=13112, stack(0x0000007de7200000,0x0000007de7300000)]
  0x000001e26147ae80 JavaThread "Unconstrained build operations Thread 3" [_thread_blocked, id=1832, stack(0x0000007de7300000,0x0000007de7400000)]
  0x000001e261479b40 JavaThread "Unconstrained build operations Thread 4" [_thread_blocked, id=15640, stack(0x0000007de7400000,0x0000007de7500000)]
  0x000001e261477990 JavaThread "Unconstrained build operations Thread 5" [_thread_blocked, id=7424, stack(0x0000007de7500000,0x0000007de7600000)]
  0x000001e26147b350 JavaThread "Unconstrained build operations Thread 6" [_thread_blocked, id=964, stack(0x0000007de7600000,0x0000007de7700000)]
  0x000001e26147cb60 JavaThread "Unconstrained build operations Thread 7" [_thread_blocked, id=10892, stack(0x0000007de7700000,0x0000007de7800000)]
  0x000001e26147a010 JavaThread "Unconstrained build operations Thread 8" [_thread_blocked, id=15948, stack(0x0000007de7800000,0x0000007de7900000)]
  0x000001e261478800 JavaThread "Unconstrained build operations Thread 9" [_thread_blocked, id=7764, stack(0x0000007de7900000,0x0000007de7a00000)]
  0x000001e261477e60 JavaThread "Unconstrained build operations Thread 10" [_thread_blocked, id=12932, stack(0x0000007de7a00000,0x0000007de7b00000)]
  0x000001e261478330 JavaThread "Unconstrained build operations Thread 11" [_thread_blocked, id=18444, stack(0x0000007de7b00000,0x0000007de7c00000)]
  0x000001e2614791a0 JavaThread "Unconstrained build operations Thread 12" [_thread_blocked, id=17040, stack(0x0000007de7c00000,0x0000007de7d00000)]
  0x000001e26147a9b0 JavaThread "Unconstrained build operations Thread 13" [_thread_blocked, id=6796, stack(0x0000007de7d00000,0x0000007de7e00000)]
  0x000001e26147b820 JavaThread "Unconstrained build operations Thread 14" [_thread_blocked, id=9716, stack(0x0000007de7e00000,0x0000007de7f00000)]
  0x000001e26147bcf0 JavaThread "Unconstrained build operations Thread 15" [_thread_blocked, id=11372, stack(0x0000007de7f00000,0x0000007de8000000)]
  0x000001e26147c1c0 JavaThread "Unconstrained build operations Thread 16" [_thread_blocked, id=17176, stack(0x0000007de8000000,0x0000007de8100000)]
  0x000001e26147d030 JavaThread "Unconstrained build operations Thread 17" [_thread_blocked, id=19000, stack(0x0000007de8100000,0x0000007de8200000)]
  0x000001e26147d500 JavaThread "Unconstrained build operations Thread 18" [_thread_blocked, id=20752, stack(0x0000007de8200000,0x0000007de8300000)]
  0x000001e261476650 JavaThread "Unconstrained build operations Thread 19" [_thread_blocked, id=1460, stack(0x0000007de8300000,0x0000007de8400000)]
  0x000001e26147d9d0 JavaThread "Unconstrained build operations Thread 20" [_thread_blocked, id=18320, stack(0x0000007de8400000,0x0000007de8500000)]
  0x000001e26147dea0 JavaThread "Unconstrained build operations Thread 21" [_thread_blocked, id=17648, stack(0x0000007de8500000,0x0000007de8600000)]
  0x000001e261476b20 JavaThread "Unconstrained build operations Thread 22" [_thread_blocked, id=16684, stack(0x0000007de8600000,0x0000007de8700000)]
  0x000001e261476ff0 JavaThread "Unconstrained build operations Thread 23" [_thread_blocked, id=15472, stack(0x0000007de8700000,0x0000007de8800000)]
  0x000001e2614774c0 JavaThread "Memory manager" [_thread_blocked, id=3888, stack(0x0000007de8800000,0x0000007de8900000)]
  0x000001e265d4ee60 JavaThread "Unconstrained build operations Thread 24" [_thread_blocked, id=8916, stack(0x0000007de8e00000,0x0000007de8f00000)]
  0x000001e265d50b40 JavaThread "Unconstrained build operations Thread 25" [_thread_blocked, id=18372, stack(0x0000007de8f00000,0x0000007de9000000)]
  0x000001e265d531c0 JavaThread "Unconstrained build operations Thread 26" [_thread_blocked, id=21376, stack(0x0000007de9000000,0x0000007de9100000)]
  0x000001e265d501a0 JavaThread "Unconstrained build operations Thread 27" [_thread_blocked, id=20588, stack(0x0000007de9100000,0x0000007de9200000)]
  0x000001e265d4f330 JavaThread "Unconstrained build operations Thread 28" [_thread_blocked, id=19616, stack(0x0000007de9200000,0x0000007de9300000)]
  0x000001e265d50670 JavaThread "Unconstrained build operations Thread 29" [_thread_blocked, id=20536, stack(0x0000007de9300000,0x0000007de9400000)]
  0x000001e265d55840 JavaThread "Unconstrained build operations Thread 30" [_thread_blocked, id=11804, stack(0x0000007de9400000,0x0000007de9500000)]
  0x000001e265d54500 JavaThread "Unconstrained build operations Thread 31" [_thread_blocked, id=11836, stack(0x0000007de9500000,0x0000007de9600000)]
  0x000001e265d561e0 JavaThread "Unconstrained build operations Thread 32" [_thread_blocked, id=10760, stack(0x0000007de9600000,0x0000007de9700000)]
  0x000001e265d55d10 JavaThread "Unconstrained build operations Thread 33" [_thread_blocked, id=5624, stack(0x0000007de9700000,0x0000007de9800000)]
  0x000001e265d4f800 JavaThread "Unconstrained build operations Thread 34" [_thread_blocked, id=3748, stack(0x0000007de9800000,0x0000007de9900000)]
  0x000001e265d51010 JavaThread "Unconstrained build operations Thread 35" [_thread_blocked, id=3668, stack(0x0000007de9900000,0x0000007de9a00000)]
  0x000001e265d51e80 JavaThread "Unconstrained build operations Thread 36" [_thread_blocked, id=12488, stack(0x0000007de9a00000,0x0000007de9b00000)]
  0x000001e265d52820 JavaThread "Unconstrained build operations Thread 37" [_thread_blocked, id=8736, stack(0x0000007de9b00000,0x0000007de9c00000)]
  0x000001e265d53b60 JavaThread "Unconstrained build operations Thread 38" [_thread_blocked, id=3016, stack(0x0000007de9c00000,0x0000007de9d00000)]
  0x000001e265d54ea0 JavaThread "Unconstrained build operations Thread 39" [_thread_blocked, id=7472, stack(0x0000007de9d00000,0x0000007de9e00000)]
  0x000001e265d549d0 JavaThread "Unconstrained build operations Thread 40" [_thread_blocked, id=10404, stack(0x0000007de9e00000,0x0000007de9f00000)]
  0x000001e265d4fcd0 JavaThread "Unconstrained build operations Thread 41" [_thread_blocked, id=18848, stack(0x0000007de9f00000,0x0000007dea000000)]
  0x000001e265d514e0 JavaThread "Unconstrained build operations Thread 42" [_thread_blocked, id=5096, stack(0x0000007dea000000,0x0000007dea100000)]
  0x000001e265d519b0 JavaThread "Unconstrained build operations Thread 43" [_thread_blocked, id=18240, stack(0x0000007dea100000,0x0000007dea200000)]
  0x000001e265d52350 JavaThread "Unconstrained build operations Thread 44" [_thread_blocked, id=11120, stack(0x0000007dea200000,0x0000007dea300000)]
  0x000001e265d52cf0 JavaThread "Unconstrained build operations Thread 45" [_thread_blocked, id=14996, stack(0x0000007dea300000,0x0000007dea400000)]
  0x000001e265d54030 JavaThread "Unconstrained build operations Thread 46" [_thread_blocked, id=21124, stack(0x0000007dea400000,0x0000007dea500000)]
  0x000001e267570e70 JavaThread "Unconstrained build operations Thread 47" [_thread_blocked, id=7848, stack(0x0000007dea500000,0x0000007dea600000)]
  0x000001e2675704d0 JavaThread "Unconstrained build operations Thread 48" [_thread_blocked, id=21056, stack(0x0000007dea600000,0x0000007dea700000)]
  0x000001e267571810 JavaThread "Unconstrained build operations Thread 49" [_thread_blocked, id=17360, stack(0x0000007dea700000,0x0000007dea800000)]
  0x000001e26756f190 JavaThread "Unconstrained build operations Thread 50" [_thread_blocked, id=13016, stack(0x0000007dea800000,0x0000007dea900000)]
  0x000001e26756c170 JavaThread "Unconstrained build operations Thread 51" [_thread_blocked, id=13996, stack(0x0000007dea900000,0x0000007deaa00000)]
  0x000001e26756e7f0 JavaThread "Unconstrained build operations Thread 52" [_thread_blocked, id=12024, stack(0x0000007deaa00000,0x0000007deab00000)]
  0x000001e26756e320 JavaThread "Unconstrained build operations Thread 53" [_thread_blocked, id=20796, stack(0x0000007deab00000,0x0000007deac00000)]
  0x000001e26756ecc0 JavaThread "Unconstrained build operations Thread 54" [_thread_blocked, id=16120, stack(0x0000007deac00000,0x0000007dead00000)]
  0x000001e26756de50 JavaThread "Unconstrained build operations Thread 55" [_thread_blocked, id=10580, stack(0x0000007dead00000,0x0000007deae00000)]
  0x000001e26756f660 JavaThread "Unconstrained build operations Thread 56" [_thread_blocked, id=1176, stack(0x0000007deae00000,0x0000007deaf00000)]
  0x000001e26756ae30 JavaThread "Unconstrained build operations Thread 57" [_thread_blocked, id=4636, stack(0x0000007deaf00000,0x0000007deb000000)]
  0x000001e26756b7d0 JavaThread "Unconstrained build operations Thread 58" [_thread_blocked, id=20780, stack(0x0000007deb000000,0x0000007deb100000)]
  0x000001e267570000 JavaThread "Unconstrained build operations Thread 59" [_thread_blocked, id=11280, stack(0x0000007deb100000,0x0000007deb200000)]
  0x000001e26756c640 JavaThread "Unconstrained build operations Thread 60" [_thread_blocked, id=5704, stack(0x0000007deb200000,0x0000007deb300000)]
  0x000001e26756bca0 JavaThread "Unconstrained build operations Thread 61" [_thread_blocked, id=2216, stack(0x0000007deb300000,0x0000007deb400000)]
  0x000001e26756fb30 JavaThread "Unconstrained build operations Thread 62" [_thread_blocked, id=17212, stack(0x0000007deb400000,0x0000007deb500000)]
  0x000001e26756cb10 JavaThread "Unconstrained build operations Thread 63" [_thread_blocked, id=20076, stack(0x0000007deb500000,0x0000007deb600000)]
  0x000001e2675721b0 JavaThread "Unconstrained build operations Thread 64" [_thread_blocked, id=11176, stack(0x0000007deb600000,0x0000007deb700000)]
  0x000001e26756cfe0 JavaThread "Unconstrained build operations Thread 65" [_thread_blocked, id=14616, stack(0x0000007deb700000,0x0000007deb800000)]
  0x000001e2675709a0 JavaThread "Unconstrained build operations Thread 66" [_thread_blocked, id=10880, stack(0x0000007deb800000,0x0000007deb900000)]
  0x000001e26756d4b0 JavaThread "Unconstrained build operations Thread 67" [_thread_blocked, id=11912, stack(0x0000007deb900000,0x0000007deba00000)]
  0x000001e267572680 JavaThread "Unconstrained build operations Thread 68" [_thread_blocked, id=10168, stack(0x0000007deba00000,0x0000007debb00000)]
  0x000001e26756d980 JavaThread "Unconstrained build operations Thread 69" [_thread_blocked, id=19732, stack(0x0000007debb00000,0x0000007debc00000)]
  0x000001e267571340 JavaThread "Unconstrained build operations Thread 70" [_thread_blocked, id=20792, stack(0x0000007debc00000,0x0000007debd00000)]
  0x000001e267571ce0 JavaThread "Unconstrained build operations Thread 71" [_thread_blocked, id=6224, stack(0x0000007debd00000,0x0000007debe00000)]
  0x000001e26756b300 JavaThread "Unconstrained build operations Thread 72" [_thread_blocked, id=19564, stack(0x0000007debe00000,0x0000007debf00000)]
  0x000001e265e5ca60 JavaThread "Unconstrained build operations Thread 73" [_thread_blocked, id=2156, stack(0x0000007debf00000,0x0000007dec000000)]
  0x000001e265e5c590 JavaThread "Unconstrained build operations Thread 74" [_thread_blocked, id=13572, stack(0x0000007dec000000,0x0000007dec100000)]
  0x000001e265e5d400 JavaThread "Unconstrained build operations Thread 75" [_thread_blocked, id=19808, stack(0x0000007dec100000,0x0000007dec200000)]
  0x000001e265e5d8d0 JavaThread "Unconstrained build operations Thread 76" [_thread_blocked, id=12536, stack(0x0000007dec200000,0x0000007dec300000)]
  0x000001e265e5ad80 JavaThread "Unconstrained build operations Thread 77" [_thread_blocked, id=15144, stack(0x0000007dec300000,0x0000007dec400000)]
  0x000001e265d5d850 JavaThread "Exec process" daemon [_thread_in_native, id=5656, stack(0x0000007decb00000,0x0000007decc00000)]
  0x000001e265d5ceb0 JavaThread "Exec process Thread 2" daemon [_thread_in_native, id=20756, stack(0x0000007decc00000,0x0000007decd00000)]
  0x000001e265d5a830 JavaThread "Exec process Thread 3" daemon [_thread_blocked, id=8492, stack(0x0000007decd00000,0x0000007dece00000)]
  0x000001e265d5b6a0 JavaThread "included builds" [_thread_blocked, id=2088, stack(0x0000007dece00000,0x0000007decf00000)]
  0x000001e265d599c0 JavaThread "Execution worker" [_thread_blocked, id=2920, stack(0x0000007decf00000,0x0000007ded000000)]
  0x000001e265d56e70 JavaThread "Execution worker Thread 2" [_thread_blocked, id=12152, stack(0x0000007ded000000,0x0000007ded100000)]
  0x000001e265d57340 JavaThread "Execution worker Thread 3" [_thread_blocked, id=16744, stack(0x0000007ded100000,0x0000007ded200000)]
  0x000001e265d5d380 JavaThread "Execution worker Thread 4" [_thread_blocked, id=19320, stack(0x0000007ded200000,0x0000007ded300000)]
  0x000001e265d57810 JavaThread "Execution worker Thread 5" [_thread_blocked, id=21164, stack(0x0000007ded300000,0x0000007ded400000)]
  0x000001e265d5dd20 JavaThread "Execution worker Thread 6" [_thread_blocked, id=5452, stack(0x0000007ded400000,0x0000007ded500000)]
  0x000001e265d5bb70 JavaThread "Execution worker Thread 7" [_thread_blocked, id=18032, stack(0x0000007ded500000,0x0000007ded600000)]
  0x000001e265d5e1f0 JavaThread "Cache worker for execution history cache (C:\0909Project\be06-2nd-4TREES-0909\project\.gradle\8.8\executionHistory)" [_thread_blocked, id=11580, stack(0x0000007ded600000,0x0000007ded700000)]
  0x000001e265d57ce0 JavaThread "Unconstrained build operations Thread 78" [_thread_blocked, id=15096, stack(0x0000007ded700000,0x0000007ded800000)]
  0x000001e265d5c510 JavaThread "Unconstrained build operations Thread 79" [_thread_blocked, id=12944, stack(0x0000007ded800000,0x0000007ded900000)]
  0x000001e265d5b1d0 JavaThread "Unconstrained build operations Thread 80" [_thread_blocked, id=19648, stack(0x0000007ded900000,0x0000007deda00000)]
  0x000001e265d594f0 JavaThread "DisconnectableInputStream source reader" daemon [_thread_blocked, id=11304, stack(0x0000007deda00000,0x0000007dedb00000)]
  0x000001e265d59e90 JavaThread "Exec process Thread 4" daemon [_thread_in_native, id=19776, stack(0x0000007dedb00000,0x0000007dedc00000)]

Other Threads:
  0x000001e25f73ddc0 VMThread "VM Thread" [stack: 0x0000007de3d00000,0x0000007de3e00000] [id=17428]
  0x000001e244ed9f10 WatcherThread [stack: 0x0000007de4900000,0x0000007de4a00000] [id=17652]
  0x000001e244f00ac0 GCTaskThread "GC Thread#0" [stack: 0x0000007de3800000,0x0000007de3900000] [id=12412]
  0x000001e26115eb00 GCTaskThread "GC Thread#1" [stack: 0x0000007de4c00000,0x0000007de4d00000] [id=16548]
  0x000001e260ff8b80 GCTaskThread "GC Thread#2" [stack: 0x0000007de4d00000,0x0000007de4e00000] [id=18064]
  0x000001e260ccb0f0 GCTaskThread "GC Thread#3" [stack: 0x0000007de4e00000,0x0000007de4f00000] [id=11336]
  0x000001e261339210 GCTaskThread "GC Thread#4" [stack: 0x0000007de4f00000,0x0000007de5000000] [id=6600]
  0x000001e2613394c0 GCTaskThread "GC Thread#5" [stack: 0x0000007de5000000,0x0000007de5100000] [id=3148]
  0x000001e265a7ef00 GCTaskThread "GC Thread#6" [stack: 0x0000007de6000000,0x0000007de6100000] [id=21000]
  0x000001e2654308b0 GCTaskThread "GC Thread#7" [stack: 0x0000007de6100000,0x0000007de6200000] [id=21268]
  0x000001e244f05910 ConcurrentGCThread "G1 Main Marker" [stack: 0x0000007de3900000,0x0000007de3a00000] [id=8196]
  0x000001e244f07050 ConcurrentGCThread "G1 Conc#0" [stack: 0x0000007de3a00000,0x0000007de3b00000] [id=18480]
  0x000001e263eb94f0 ConcurrentGCThread "G1 Conc#1" [stack: 0x0000007de6300000,0x0000007de6400000] [id=14592]
  0x000001e244facff0 ConcurrentGCThread "G1 Refine#0" [stack: 0x0000007de3b00000,0x0000007de3c00000] [id=1852]
  0x000001e265a1b030 ConcurrentGCThread "G1 Refine#1" [stack: 0x0000007de8900000,0x0000007de8a00000] [id=11616]
  0x000001e265a1b5f0 ConcurrentGCThread "G1 Refine#2" [stack: 0x0000007de8a00000,0x0000007de8b00000] [id=11576]
  0x000001e265a1b310 ConcurrentGCThread "G1 Refine#3" [stack: 0x0000007de8b00000,0x0000007de8c00000] [id=15764]
  0x000001e265a1b8d0 ConcurrentGCThread "G1 Refine#4" [stack: 0x0000007de8c00000,0x0000007de8d00000] [id=7608]
  0x000001e265a19ef0 ConcurrentGCThread "G1 Refine#5" [stack: 0x0000007de8d00000,0x0000007de8e00000] [id=1388]
  0x000001e244fad920 ConcurrentGCThread "G1 Service" [stack: 0x0000007de3c00000,0x0000007de3d00000] [id=560]

Threads with active compile tasks:
C2 CompilerThread0  2893031 13004       4       org.gradle.launcher.daemon.context.DefaultDaemonContext$Serializer::read (219 bytes)

VM state: not at safepoint (normal execution)

VM Mutex/Monitor currently owned by a thread: None

Heap address: 0x00000000e0000000, size: 512 MB, Compressed Oops mode: 32-bit

CDS archive(s) mapped at: [0x0000000800000000-0x0000000800bc0000-0x0000000800bc0000), size 12320768, SharedBaseAddress: 0x0000000800000000, ArchiveRelocationMode: 0.
Compressed class space mapped at: 0x0000000800c00000-0x0000000814000000, reserved size: 322961408
Narrow klass base: 0x0000000800000000, Narrow klass shift: 0, Narrow klass range: 0x100000000

GC Precious Log:
 CPUs: 8 total, 8 available
 Memory: 16178M
 Large Page Support: Disabled
 NUMA Support: Disabled
 Compressed Oops: Enabled (32-bit)
 Heap Region Size: 1M
 Heap Min Capacity: 256M
 Heap Initial Capacity: 256M
 Heap Max Capacity: 512M
 Pre-touch: Disabled
 Parallel Workers: 8
 Concurrent Workers: 2
 Concurrent Refinement Workers: 8
 Periodic GC: Disabled

Heap:
 garbage-first heap   total 262144K, used 113918K [0x00000000e0000000, 0x0000000100000000)
  region size 1024K, 43 young (44032K), 6 survivors (6144K)
 Metaspace       used 64454K, committed 65152K, reserved 372736K
  class space    used 8897K, committed 9216K, reserved 315392K

Heap Regions: E=young(eden), S=young(survivor), O=old, HS=humongous(starts), HC=humongous(continues), CS=collection set, F=free, OA=open archive, CA=closed archive, TAMS=top-at-mark-start (previous, next)
|   0|0x00000000e0000000, 0x00000000e0100000, 0x00000000e0100000|100%|HS|  |TAMS 0x00000000e0100000, 0x00000000e0000000| Complete 
|   1|0x00000000e0100000, 0x00000000e0200000, 0x00000000e0200000|100%|HC|  |TAMS 0x00000000e0200000, 0x00000000e0100000| Complete 
|   2|0x00000000e0200000, 0x00000000e0300000, 0x00000000e0300000|100%|HC|  |TAMS 0x00000000e0300000, 0x00000000e0200000| Complete 
|   3|0x00000000e0300000, 0x00000000e0400000, 0x00000000e0400000|100%|HC|  |TAMS 0x00000000e0400000, 0x00000000e0300000| Complete 
|   4|0x00000000e0400000, 0x00000000e0500000, 0x00000000e0500000|100%| O|  |TAMS 0x00000000e0500000, 0x00000000e0400000| Untracked 
|   5|0x00000000e0500000, 0x00000000e0600000, 0x00000000e0600000|100%| O|  |TAMS 0x00000000e0600000, 0x00000000e0500000| Untracked 
|   6|0x00000000e0600000, 0x00000000e0700000, 0x00000000e0700000|100%| O|  |TAMS 0x00000000e0700000, 0x00000000e0600000| Untracked 
|   7|0x00000000e0700000, 0x00000000e0800000, 0x00000000e0800000|100%| O|  |TAMS 0x00000000e0800000, 0x00000000e0700000| Untracked 
|   8|0x00000000e0800000, 0x00000000e0900000, 0x00000000e0900000|100%| O|  |TAMS 0x00000000e0900000, 0x00000000e0800000| Untracked 
|   9|0x00000000e0900000, 0x00000000e0a00000, 0x00000000e0a00000|100%| O|  |TAMS 0x00000000e0a00000, 0x00000000e0900000| Untracked 
|  10|0x00000000e0a00000, 0x00000000e0b00000, 0x00000000e0b00000|100%| O|  |TAMS 0x00000000e0b00000, 0x00000000e0a00000| Untracked 
|  11|0x00000000e0b00000, 0x00000000e0c00000, 0x00000000e0c00000|100%|HS|  |TAMS 0x00000000e0c00000, 0x00000000e0b00000| Complete 
|  12|0x00000000e0c00000, 0x00000000e0d00000, 0x00000000e0d00000|100%| O|  |TAMS 0x00000000e0d00000, 0x00000000e0c00000| Untracked 
|  13|0x00000000e0d00000, 0x00000000e0e00000, 0x00000000e0e00000|100%| O|  |TAMS 0x00000000e0e00000, 0x00000000e0d00000| Untracked 
|  14|0x00000000e0e00000, 0x00000000e0f00000, 0x00000000e0f00000|100%| O|  |TAMS 0x00000000e0f00000, 0x00000000e0e00000| Untracked 
|  15|0x00000000e0f00000, 0x00000000e1000000, 0x00000000e1000000|100%| O|  |TAMS 0x00000000e1000000, 0x00000000e0f00000| Untracked 
|  16|0x00000000e1000000, 0x00000000e1100000, 0x00000000e1100000|100%| O|  |TAMS 0x00000000e1100000, 0x00000000e1000000| Untracked 
|  17|0x00000000e1100000, 0x00000000e1200000, 0x00000000e1200000|100%| O|  |TAMS 0x00000000e1200000, 0x00000000e1100000| Untracked 
|  18|0x00000000e1200000, 0x00000000e1300000, 0x00000000e1300000|100%| O|  |TAMS 0x00000000e1300000, 0x00000000e1200000| Untracked 
|  19|0x00000000e1300000, 0x00000000e1400000, 0x00000000e1400000|100%| O|  |TAMS 0x00000000e1400000, 0x00000000e1300000| Untracked 
|  20|0x00000000e1400000, 0x00000000e1500000, 0x00000000e1500000|100%| O|  |TAMS 0x00000000e1500000, 0x00000000e1400000| Untracked 
|  21|0x00000000e1500000, 0x00000000e1600000, 0x00000000e1600000|100%| O|  |TAMS 0x00000000e1600000, 0x00000000e1500000| Untracked 
|  22|0x00000000e1600000, 0x00000000e1700000, 0x00000000e1700000|100%| O|  |TAMS 0x00000000e1700000, 0x00000000e1600000| Untracked 
|  23|0x00000000e1700000, 0x00000000e1800000, 0x00000000e1800000|100%| O|  |TAMS 0x00000000e1800000, 0x00000000e1700000| Untracked 
|  24|0x00000000e1800000, 0x00000000e1900000, 0x00000000e1900000|100%| O|  |TAMS 0x00000000e1900000, 0x00000000e1800000| Untracked 
|  25|0x00000000e1900000, 0x00000000e1a00000, 0x00000000e1a00000|100%| O|  |TAMS 0x00000000e1a00000, 0x00000000e1900000| Untracked 
|  26|0x00000000e1a00000, 0x00000000e1b00000, 0x00000000e1b00000|100%| O|  |TAMS 0x00000000e1b00000, 0x00000000e1a00000| Untracked 
|  27|0x00000000e1b00000, 0x00000000e1c00000, 0x00000000e1c00000|100%| O|  |TAMS 0x00000000e1c00000, 0x00000000e1b00000| Untracked 
|  28|0x00000000e1c00000, 0x00000000e1d00000, 0x00000000e1d00000|100%| O|  |TAMS 0x00000000e1d00000, 0x00000000e1c00000| Untracked 
|  29|0x00000000e1d00000, 0x00000000e1e00000, 0x00000000e1e00000|100%| O|  |TAMS 0x00000000e1e00000, 0x00000000e1d00000| Untracked 
|  30|0x00000000e1e00000, 0x00000000e1f00000, 0x00000000e1f00000|100%| O|  |TAMS 0x00000000e1f00000, 0x00000000e1e00000| Untracked 
|  31|0x00000000e1f00000, 0x00000000e2000000, 0x00000000e2000000|100%| O|  |TAMS 0x00000000e1f00000, 0x00000000e1f00000| Untracked 
|  32|0x00000000e2000000, 0x00000000e2100000, 0x00000000e2100000|100%| O|  |TAMS 0x00000000e2000000, 0x00000000e2000000| Untracked 
|  33|0x00000000e2100000, 0x00000000e2200000, 0x00000000e2200000|100%| O|  |TAMS 0x00000000e2200000, 0x00000000e2100000| Untracked 
|  34|0x00000000e2200000, 0x00000000e2300000, 0x00000000e2300000|100%| O|  |TAMS 0x00000000e2300000, 0x00000000e2200000| Untracked 
|  35|0x00000000e2300000, 0x00000000e2400000, 0x00000000e2400000|100%| O|  |TAMS 0x00000000e2400000, 0x00000000e2300000| Untracked 
|  36|0x00000000e2400000, 0x00000000e2500000, 0x00000000e2500000|100%| O|  |TAMS 0x00000000e2500000, 0x00000000e2400000| Untracked 
|  37|0x00000000e2500000, 0x00000000e2600000, 0x00000000e2600000|100%| O|  |TAMS 0x00000000e2600000, 0x00000000e2500000| Untracked 
|  38|0x00000000e2600000, 0x00000000e2700000, 0x00000000e2700000|100%| O|  |TAMS 0x00000000e2700000, 0x00000000e2600000| Untracked 
|  39|0x00000000e2700000, 0x00000000e2800000, 0x00000000e2800000|100%| O|  |TAMS 0x00000000e2800000, 0x00000000e2700000| Untracked 
|  40|0x00000000e2800000, 0x00000000e2900000, 0x00000000e2900000|100%| O|  |TAMS 0x00000000e2800000, 0x00000000e2800000| Untracked 
|  41|0x00000000e2900000, 0x00000000e2a00000, 0x00000000e2a00000|100%| O|  |TAMS 0x00000000e2900000, 0x00000000e2900000| Untracked 
|  42|0x00000000e2a00000, 0x00000000e2b00000, 0x00000000e2b00000|100%| O|  |TAMS 0x00000000e2a00000, 0x00000000e2a00000| Untracked 
|  43|0x00000000e2b00000, 0x00000000e2c00000, 0x00000000e2c00000|100%| O|  |TAMS 0x00000000e2b00000, 0x00000000e2b00000| Untracked 
|  44|0x00000000e2c00000, 0x00000000e2d00000, 0x00000000e2d00000|100%| O|  |TAMS 0x00000000e2c00000, 0x00000000e2c00000| Untracked 
|  45|0x00000000e2d00000, 0x00000000e2e00000, 0x00000000e2e00000|100%| O|  |TAMS 0x00000000e2d00000, 0x00000000e2d00000| Untracked 
|  46|0x00000000e2e00000, 0x00000000e2f00000, 0x00000000e2f00000|100%| O|  |TAMS 0x00000000e2e00000, 0x00000000e2e00000| Untracked 
|  47|0x00000000e2f00000, 0x00000000e3000000, 0x00000000e3000000|100%| O|  |TAMS 0x00000000e2f00000, 0x00000000e2f00000| Untracked 
|  48|0x00000000e3000000, 0x00000000e3100000, 0x00000000e3100000|100%| O|  |TAMS 0x00000000e3000000, 0x00000000e3000000| Untracked 
|  49|0x00000000e3100000, 0x00000000e3200000, 0x00000000e3200000|100%| O|  |TAMS 0x00000000e3100000, 0x00000000e3100000| Untracked 
|  50|0x00000000e3200000, 0x00000000e3300000, 0x00000000e3300000|100%| O|  |TAMS 0x00000000e3200000, 0x00000000e3200000| Untracked 
|  51|0x00000000e3300000, 0x00000000e3400000, 0x00000000e3400000|100%| O|  |TAMS 0x00000000e3300000, 0x00000000e3300000| Untracked 
|  52|0x00000000e3400000, 0x00000000e3500000, 0x00000000e3500000|100%| O|  |TAMS 0x00000000e3400000, 0x00000000e3400000| Untracked 
|  53|0x00000000e3500000, 0x00000000e3600000, 0x00000000e3600000|100%| O|  |TAMS 0x00000000e3500000, 0x00000000e3500000| Untracked 
|  54|0x00000000e3600000, 0x00000000e3700000, 0x00000000e3700000|100%| O|  |TAMS 0x00000000e3600000, 0x00000000e3600000| Untracked 
|  55|0x00000000e3700000, 0x00000000e3800000, 0x00000000e3800000|100%| O|  |TAMS 0x00000000e3700000, 0x00000000e3700000| Untracked 
|  56|0x00000000e3800000, 0x00000000e3900000, 0x00000000e3900000|100%| O|  |TAMS 0x00000000e3800000, 0x00000000e3800000| Untracked 
|  57|0x00000000e3900000, 0x00000000e3a00000, 0x00000000e3a00000|100%| O|  |TAMS 0x00000000e3900000, 0x00000000e3900000| Untracked 
|  58|0x00000000e3a00000, 0x00000000e3b00000, 0x00000000e3b00000|100%| O|  |TAMS 0x00000000e3a00000, 0x00000000e3a00000| Untracked 
|  59|0x00000000e3b00000, 0x00000000e3c00000, 0x00000000e3c00000|100%| O|  |TAMS 0x00000000e3b00000, 0x00000000e3b00000| Untracked 
|  60|0x00000000e3c00000, 0x00000000e3d00000, 0x00000000e3d00000|100%| O|  |TAMS 0x00000000e3c00000, 0x00000000e3c00000| Untracked 
|  61|0x00000000e3d00000, 0x00000000e3e00000, 0x00000000e3e00000|100%| O|  |TAMS 0x00000000e3d00000, 0x00000000e3d00000| Untracked 
|  62|0x00000000e3e00000, 0x00000000e3f00000, 0x00000000e3f00000|100%| O|  |TAMS 0x00000000e3e00000, 0x00000000e3e00000| Untracked 
|  63|0x00000000e3f00000, 0x00000000e4000000, 0x00000000e4000000|100%| O|  |TAMS 0x00000000e3f00000, 0x00000000e3f00000| Untracked 
|  64|0x00000000e4000000, 0x00000000e4100000, 0x00000000e4100000|100%| O|  |TAMS 0x00000000e4000000, 0x00000000e4000000| Untracked 
|  65|0x00000000e4100000, 0x00000000e4200000, 0x00000000e4200000|100%| O|  |TAMS 0x00000000e4100000, 0x00000000e4100000| Untracked 
|  66|0x00000000e4200000, 0x00000000e4300000, 0x00000000e4300000|100%| O|  |TAMS 0x00000000e4200000, 0x00000000e4200000| Untracked 
|  67|0x00000000e4300000, 0x00000000e4400000, 0x00000000e4400000|100%| O|  |TAMS 0x00000000e4300000, 0x00000000e4300000| Untracked 
|  68|0x00000000e4400000, 0x00000000e4500000, 0x00000000e4500000|100%| O|  |TAMS 0x00000000e4400000, 0x00000000e4400000| Untracked 
|  69|0x00000000e4500000, 0x00000000e45cdc00, 0x00000000e4600000| 80%| O|  |TAMS 0x00000000e4500000, 0x00000000e4500000| Untracked 
|  70|0x00000000e4600000, 0x00000000e4600000, 0x00000000e4700000|  0%| F|  |TAMS 0x00000000e4600000, 0x00000000e4600000| Untracked 
|  71|0x00000000e4700000, 0x00000000e4700000, 0x00000000e4800000|  0%| F|  |TAMS 0x00000000e4700000, 0x00000000e4700000| Untracked 
|  72|0x00000000e4800000, 0x00000000e4800000, 0x00000000e4900000|  0%| F|  |TAMS 0x00000000e4800000, 0x00000000e4800000| Untracked 
|  73|0x00000000e4900000, 0x00000000e4900000, 0x00000000e4a00000|  0%| F|  |TAMS 0x00000000e4900000, 0x00000000e4900000| Untracked 
|  74|0x00000000e4a00000, 0x00000000e4a00000, 0x00000000e4b00000|  0%| F|  |TAMS 0x00000000e4a00000, 0x00000000e4a00000| Untracked 
|  75|0x00000000e4b00000, 0x00000000e4b00000, 0x00000000e4c00000|  0%| F|  |TAMS 0x00000000e4b00000, 0x00000000e4b00000| Untracked 
|  76|0x00000000e4c00000, 0x00000000e4c00000, 0x00000000e4d00000|  0%| F|  |TAMS 0x00000000e4c00000, 0x00000000e4c00000| Untracked 
|  77|0x00000000e4d00000, 0x00000000e4d00000, 0x00000000e4e00000|  0%| F|  |TAMS 0x00000000e4d00000, 0x00000000e4d00000| Untracked 
|  78|0x00000000e4e00000, 0x00000000e4e00000, 0x00000000e4f00000|  0%| F|  |TAMS 0x00000000e4e00000, 0x00000000e4e00000| Untracked 
|  79|0x00000000e4f00000, 0x00000000e4f00000, 0x00000000e5000000|  0%| F|  |TAMS 0x00000000e4f00000, 0x00000000e4f00000| Untracked 
|  80|0x00000000e5000000, 0x00000000e5000000, 0x00000000e5100000|  0%| F|  |TAMS 0x00000000e5000000, 0x00000000e5000000| Untracked 
|  81|0x00000000e5100000, 0x00000000e5100000, 0x00000000e5200000|  0%| F|  |TAMS 0x00000000e5100000, 0x00000000e5100000| Untracked 
|  82|0x00000000e5200000, 0x00000000e5200000, 0x00000000e5300000|  0%| F|  |TAMS 0x00000000e5200000, 0x00000000e5200000| Untracked 
|  83|0x00000000e5300000, 0x00000000e5300000, 0x00000000e5400000|  0%| F|  |TAMS 0x00000000e5300000, 0x00000000e5300000| Untracked 
|  84|0x00000000e5400000, 0x00000000e5400000, 0x00000000e5500000|  0%| F|  |TAMS 0x00000000e5400000, 0x00000000e5400000| Untracked 
|  85|0x00000000e5500000, 0x00000000e5500000, 0x00000000e5600000|  0%| F|  |TAMS 0x00000000e5500000, 0x00000000e5500000| Untracked 
|  86|0x00000000e5600000, 0x00000000e5600000, 0x00000000e5700000|  0%| F|  |TAMS 0x00000000e5600000, 0x00000000e5600000| Untracked 
|  87|0x00000000e5700000, 0x00000000e5700000, 0x00000000e5800000|  0%| F|  |TAMS 0x00000000e5700000, 0x00000000e5700000| Untracked 
|  88|0x00000000e5800000, 0x00000000e5800000, 0x00000000e5900000|  0%| F|  |TAMS 0x00000000e5800000, 0x00000000e5800000| Untracked 
|  89|0x00000000e5900000, 0x00000000e5900000, 0x00000000e5a00000|  0%| F|  |TAMS 0x00000000e5900000, 0x00000000e5900000| Untracked 
|  90|0x00000000e5a00000, 0x00000000e5a00000, 0x00000000e5b00000|  0%| F|  |TAMS 0x00000000e5a00000, 0x00000000e5a00000| Untracked 
|  91|0x00000000e5b00000, 0x00000000e5b00000, 0x00000000e5c00000|  0%| F|  |TAMS 0x00000000e5b00000, 0x00000000e5b00000| Untracked 
|  92|0x00000000e5c00000, 0x00000000e5c00000, 0x00000000e5d00000|  0%| F|  |TAMS 0x00000000e5c00000, 0x00000000e5c00000| Untracked 
|  93|0x00000000e5d00000, 0x00000000e5d00000, 0x00000000e5e00000|  0%| F|  |TAMS 0x00000000e5d00000, 0x00000000e5d00000| Untracked 
|  94|0x00000000e5e00000, 0x00000000e5e00000, 0x00000000e5f00000|  0%| F|  |TAMS 0x00000000e5e00000, 0x00000000e5e00000| Untracked 
|  95|0x00000000e5f00000, 0x00000000e5f00000, 0x00000000e6000000|  0%| F|  |TAMS 0x00000000e5f00000, 0x00000000e5f00000| Untracked 
|  96|0x00000000e6000000, 0x00000000e6000000, 0x00000000e6100000|  0%| F|  |TAMS 0x00000000e6000000, 0x00000000e6000000| Untracked 
|  97|0x00000000e6100000, 0x00000000e6100000, 0x00000000e6200000|  0%| F|  |TAMS 0x00000000e6100000, 0x00000000e6100000| Untracked 
|  98|0x00000000e6200000, 0x00000000e6200000, 0x00000000e6300000|  0%| F|  |TAMS 0x00000000e6200000, 0x00000000e6200000| Untracked 
|  99|0x00000000e6300000, 0x00000000e6300000, 0x00000000e6400000|  0%| F|  |TAMS 0x00000000e6300000, 0x00000000e6300000| Untracked 
| 100|0x00000000e6400000, 0x00000000e6400000, 0x00000000e6500000|  0%| F|  |TAMS 0x00000000e6400000, 0x00000000e6400000| Untracked 
| 101|0x00000000e6500000, 0x00000000e6500000, 0x00000000e6600000|  0%| F|  |TAMS 0x00000000e6500000, 0x00000000e6500000| Untracked 
| 102|0x00000000e6600000, 0x00000000e6600000, 0x00000000e6700000|  0%| F|  |TAMS 0x00000000e6600000, 0x00000000e6600000| Untracked 
| 103|0x00000000e6700000, 0x00000000e6700000, 0x00000000e6800000|  0%| F|  |TAMS 0x00000000e6700000, 0x00000000e6700000| Untracked 
| 104|0x00000000e6800000, 0x00000000e6800000, 0x00000000e6900000|  0%| F|  |TAMS 0x00000000e6800000, 0x00000000e6800000| Untracked 
| 105|0x00000000e6900000, 0x00000000e6900000, 0x00000000e6a00000|  0%| F|  |TAMS 0x00000000e6900000, 0x00000000e6900000| Untracked 
| 106|0x00000000e6a00000, 0x00000000e6a00000, 0x00000000e6b00000|  0%| F|  |TAMS 0x00000000e6a00000, 0x00000000e6a00000| Untracked 
| 107|0x00000000e6b00000, 0x00000000e6b00000, 0x00000000e6c00000|  0%| F|  |TAMS 0x00000000e6b00000, 0x00000000e6b00000| Untracked 
| 108|0x00000000e6c00000, 0x00000000e6c00000, 0x00000000e6d00000|  0%| F|  |TAMS 0x00000000e6c00000, 0x00000000e6c00000| Untracked 
| 109|0x00000000e6d00000, 0x00000000e6d00000, 0x00000000e6e00000|  0%| F|  |TAMS 0x00000000e6d00000, 0x00000000e6d00000| Untracked 
| 110|0x00000000e6e00000, 0x00000000e6e00000, 0x00000000e6f00000|  0%| F|  |TAMS 0x00000000e6e00000, 0x00000000e6e00000| Untracked 
| 111|0x00000000e6f00000, 0x00000000e6f00000, 0x00000000e7000000|  0%| F|  |TAMS 0x00000000e6f00000, 0x00000000e6f00000| Untracked 
| 112|0x00000000e7000000, 0x00000000e7000000, 0x00000000e7100000|  0%| F|  |TAMS 0x00000000e7000000, 0x00000000e7000000| Untracked 
| 113|0x00000000e7100000, 0x00000000e7100000, 0x00000000e7200000|  0%| F|  |TAMS 0x00000000e7100000, 0x00000000e7100000| Untracked 
| 114|0x00000000e7200000, 0x00000000e7200000, 0x00000000e7300000|  0%| F|  |TAMS 0x00000000e7200000, 0x00000000e7200000| Untracked 
| 115|0x00000000e7300000, 0x00000000e7300000, 0x00000000e7400000|  0%| F|  |TAMS 0x00000000e7300000, 0x00000000e7300000| Untracked 
| 116|0x00000000e7400000, 0x00000000e7400000, 0x00000000e7500000|  0%| F|  |TAMS 0x00000000e7400000, 0x00000000e7400000| Untracked 
| 117|0x00000000e7500000, 0x00000000e7500000, 0x00000000e7600000|  0%| F|  |TAMS 0x00000000e7500000, 0x00000000e7500000| Untracked 
| 118|0x00000000e7600000, 0x00000000e7600000, 0x00000000e7700000|  0%| F|  |TAMS 0x00000000e7600000, 0x00000000e7600000| Untracked 
| 119|0x00000000e7700000, 0x00000000e7700000, 0x00000000e7800000|  0%| F|  |TAMS 0x00000000e7700000, 0x00000000e7700000| Untracked 
| 120|0x00000000e7800000, 0x00000000e7800000, 0x00000000e7900000|  0%| F|  |TAMS 0x00000000e7800000, 0x00000000e7800000| Untracked 
| 121|0x00000000e7900000, 0x00000000e7900000, 0x00000000e7a00000|  0%| F|  |TAMS 0x00000000e7900000, 0x00000000e7900000| Untracked 
| 122|0x00000000e7a00000, 0x00000000e7a00000, 0x00000000e7b00000|  0%| F|  |TAMS 0x00000000e7a00000, 0x00000000e7a00000| Untracked 
| 123|0x00000000e7b00000, 0x00000000e7b00000, 0x00000000e7c00000|  0%| F|  |TAMS 0x00000000e7b00000, 0x00000000e7b00000| Untracked 
| 124|0x00000000e7c00000, 0x00000000e7c00000, 0x00000000e7d00000|  0%| F|  |TAMS 0x00000000e7c00000, 0x00000000e7c00000| Untracked 
| 125|0x00000000e7d00000, 0x00000000e7d71d18, 0x00000000e7e00000| 44%| S|CS|TAMS 0x00000000e7d00000, 0x00000000e7d00000| Complete 
| 126|0x00000000e7e00000, 0x00000000e7f00000, 0x00000000e7f00000|100%| S|CS|TAMS 0x00000000e7e00000, 0x00000000e7e00000| Complete 
| 127|0x00000000e7f00000, 0x00000000e8000000, 0x00000000e8000000|100%| S|CS|TAMS 0x00000000e7f00000, 0x00000000e7f00000| Complete 
| 128|0x00000000e8000000, 0x00000000e8100000, 0x00000000e8100000|100%| S|CS|TAMS 0x00000000e8000000, 0x00000000e8000000| Complete 
| 129|0x00000000e8100000, 0x00000000e8200000, 0x00000000e8200000|100%| S|CS|TAMS 0x00000000e8100000, 0x00000000e8100000| Complete 
| 130|0x00000000e8200000, 0x00000000e8300000, 0x00000000e8300000|100%| S|CS|TAMS 0x00000000e8200000, 0x00000000e8200000| Complete 
| 131|0x00000000e8300000, 0x00000000e8300000, 0x00000000e8400000|  0%| F|  |TAMS 0x00000000e8300000, 0x00000000e8300000| Untracked 
| 132|0x00000000e8400000, 0x00000000e8400000, 0x00000000e8500000|  0%| F|  |TAMS 0x00000000e8400000, 0x00000000e8400000| Untracked 
| 133|0x00000000e8500000, 0x00000000e8500000, 0x00000000e8600000|  0%| F|  |TAMS 0x00000000e8500000, 0x00000000e8500000| Untracked 
| 134|0x00000000e8600000, 0x00000000e8600000, 0x00000000e8700000|  0%| F|  |TAMS 0x00000000e8600000, 0x00000000e8600000| Untracked 
| 135|0x00000000e8700000, 0x00000000e8700000, 0x00000000e8800000|  0%| F|  |TAMS 0x00000000e8700000, 0x00000000e8700000| Untracked 
| 136|0x00000000e8800000, 0x00000000e8800000, 0x00000000e8900000|  0%| F|  |TAMS 0x00000000e8800000, 0x00000000e8800000| Untracked 
| 137|0x00000000e8900000, 0x00000000e8900000, 0x00000000e8a00000|  0%| F|  |TAMS 0x00000000e8900000, 0x00000000e8900000| Untracked 
| 138|0x00000000e8a00000, 0x00000000e8a00000, 0x00000000e8b00000|  0%| F|  |TAMS 0x00000000e8a00000, 0x00000000e8a00000| Untracked 
| 139|0x00000000e8b00000, 0x00000000e8b00000, 0x00000000e8c00000|  0%| F|  |TAMS 0x00000000e8b00000, 0x00000000e8b00000| Untracked 
| 140|0x00000000e8c00000, 0x00000000e8c00000, 0x00000000e8d00000|  0%| F|  |TAMS 0x00000000e8c00000, 0x00000000e8c00000| Untracked 
| 141|0x00000000e8d00000, 0x00000000e8d00000, 0x00000000e8e00000|  0%| F|  |TAMS 0x00000000e8d00000, 0x00000000e8d00000| Untracked 
| 142|0x00000000e8e00000, 0x00000000e8e00000, 0x00000000e8f00000|  0%| F|  |TAMS 0x00000000e8e00000, 0x00000000e8e00000| Untracked 
| 143|0x00000000e8f00000, 0x00000000e8f00000, 0x00000000e9000000|  0%| F|  |TAMS 0x00000000e8f00000, 0x00000000e8f00000| Untracked 
| 144|0x00000000e9000000, 0x00000000e9000000, 0x00000000e9100000|  0%| F|  |TAMS 0x00000000e9000000, 0x00000000e9000000| Untracked 
| 145|0x00000000e9100000, 0x00000000e9100000, 0x00000000e9200000|  0%| F|  |TAMS 0x00000000e9100000, 0x00000000e9100000| Untracked 
| 146|0x00000000e9200000, 0x00000000e9200000, 0x00000000e9300000|  0%| F|  |TAMS 0x00000000e9200000, 0x00000000e9200000| Untracked 
| 147|0x00000000e9300000, 0x00000000e9300000, 0x00000000e9400000|  0%| F|  |TAMS 0x00000000e9300000, 0x00000000e9300000| Untracked 
| 148|0x00000000e9400000, 0x00000000e9400000, 0x00000000e9500000|  0%| F|  |TAMS 0x00000000e9400000, 0x00000000e9400000| Untracked 
| 149|0x00000000e9500000, 0x00000000e9500000, 0x00000000e9600000|  0%| F|  |TAMS 0x00000000e9500000, 0x00000000e9500000| Untracked 
| 150|0x00000000e9600000, 0x00000000e9600000, 0x00000000e9700000|  0%| F|  |TAMS 0x00000000e9600000, 0x00000000e9600000| Untracked 
| 151|0x00000000e9700000, 0x00000000e9700000, 0x00000000e9800000|  0%| F|  |TAMS 0x00000000e9700000, 0x00000000e9700000| Untracked 
| 152|0x00000000e9800000, 0x00000000e9800000, 0x00000000e9900000|  0%| F|  |TAMS 0x00000000e9800000, 0x00000000e9800000| Untracked 
| 153|0x00000000e9900000, 0x00000000e9900000, 0x00000000e9a00000|  0%| F|  |TAMS 0x00000000e9900000, 0x00000000e9900000| Untracked 
| 154|0x00000000e9a00000, 0x00000000e9a00000, 0x00000000e9b00000|  0%| F|  |TAMS 0x00000000e9a00000, 0x00000000e9a00000| Untracked 
| 155|0x00000000e9b00000, 0x00000000e9b00000, 0x00000000e9c00000|  0%| F|  |TAMS 0x00000000e9b00000, 0x00000000e9b00000| Untracked 
| 156|0x00000000e9c00000, 0x00000000e9c00000, 0x00000000e9d00000|  0%| F|  |TAMS 0x00000000e9c00000, 0x00000000e9c00000| Untracked 
| 157|0x00000000e9d00000, 0x00000000e9d00000, 0x00000000e9e00000|  0%| F|  |TAMS 0x00000000e9d00000, 0x00000000e9d00000| Untracked 
| 158|0x00000000e9e00000, 0x00000000e9e00000, 0x00000000e9f00000|  0%| F|  |TAMS 0x00000000e9e00000, 0x00000000e9e00000| Untracked 
| 159|0x00000000e9f00000, 0x00000000e9f00000, 0x00000000ea000000|  0%| F|  |TAMS 0x00000000e9f00000, 0x00000000e9f00000| Untracked 
| 160|0x00000000ea000000, 0x00000000ea000000, 0x00000000ea100000|  0%| F|  |TAMS 0x00000000ea000000, 0x00000000ea000000| Untracked 
| 161|0x00000000ea100000, 0x00000000ea100000, 0x00000000ea200000|  0%| F|  |TAMS 0x00000000ea100000, 0x00000000ea100000| Untracked 
| 162|0x00000000ea200000, 0x00000000ea200000, 0x00000000ea300000|  0%| F|  |TAMS 0x00000000ea200000, 0x00000000ea200000| Untracked 
| 163|0x00000000ea300000, 0x00000000ea300000, 0x00000000ea400000|  0%| F|  |TAMS 0x00000000ea300000, 0x00000000ea300000| Untracked 
| 164|0x00000000ea400000, 0x00000000ea400000, 0x00000000ea500000|  0%| F|  |TAMS 0x00000000ea400000, 0x00000000ea400000| Untracked 
| 165|0x00000000ea500000, 0x00000000ea500000, 0x00000000ea600000|  0%| F|  |TAMS 0x00000000ea500000, 0x00000000ea500000| Untracked 
| 166|0x00000000ea600000, 0x00000000ea600000, 0x00000000ea700000|  0%| F|  |TAMS 0x00000000ea600000, 0x00000000ea600000| Untracked 
| 167|0x00000000ea700000, 0x00000000ea700000, 0x00000000ea800000|  0%| F|  |TAMS 0x00000000ea700000, 0x00000000ea700000| Untracked 
| 168|0x00000000ea800000, 0x00000000ea800000, 0x00000000ea900000|  0%| F|  |TAMS 0x00000000ea800000, 0x00000000ea800000| Untracked 
| 169|0x00000000ea900000, 0x00000000ea900000, 0x00000000eaa00000|  0%| F|  |TAMS 0x00000000ea900000, 0x00000000ea900000| Untracked 
| 170|0x00000000eaa00000, 0x00000000eaa00000, 0x00000000eab00000|  0%| F|  |TAMS 0x00000000eaa00000, 0x00000000eaa00000| Untracked 
| 171|0x00000000eab00000, 0x00000000eab00000, 0x00000000eac00000|  0%| F|  |TAMS 0x00000000eab00000, 0x00000000eab00000| Untracked 
| 172|0x00000000eac00000, 0x00000000eac00000, 0x00000000ead00000|  0%| F|  |TAMS 0x00000000eac00000, 0x00000000eac00000| Untracked 
| 173|0x00000000ead00000, 0x00000000ead00000, 0x00000000eae00000|  0%| F|  |TAMS 0x00000000ead00000, 0x00000000ead00000| Untracked 
| 174|0x00000000eae00000, 0x00000000eae00000, 0x00000000eaf00000|  0%| F|  |TAMS 0x00000000eae00000, 0x00000000eae00000| Untracked 
| 175|0x00000000eaf00000, 0x00000000eaf00000, 0x00000000eb000000|  0%| F|  |TAMS 0x00000000eaf00000, 0x00000000eaf00000| Untracked 
| 176|0x00000000eb000000, 0x00000000eb000000, 0x00000000eb100000|  0%| F|  |TAMS 0x00000000eb000000, 0x00000000eb000000| Untracked 
| 177|0x00000000eb100000, 0x00000000eb100000, 0x00000000eb200000|  0%| F|  |TAMS 0x00000000eb100000, 0x00000000eb100000| Untracked 
| 178|0x00000000eb200000, 0x00000000eb200000, 0x00000000eb300000|  0%| F|  |TAMS 0x00000000eb200000, 0x00000000eb200000| Untracked 
| 179|0x00000000eb300000, 0x00000000eb300000, 0x00000000eb400000|  0%| F|  |TAMS 0x00000000eb300000, 0x00000000eb300000| Untracked 
| 180|0x00000000eb400000, 0x00000000eb400000, 0x00000000eb500000|  0%| F|  |TAMS 0x00000000eb400000, 0x00000000eb400000| Untracked 
| 181|0x00000000eb500000, 0x00000000eb500000, 0x00000000eb600000|  0%| F|  |TAMS 0x00000000eb500000, 0x00000000eb500000| Untracked 
| 182|0x00000000eb600000, 0x00000000eb600000, 0x00000000eb700000|  0%| F|  |TAMS 0x00000000eb600000, 0x00000000eb600000| Untracked 
| 183|0x00000000eb700000, 0x00000000eb700000, 0x00000000eb800000|  0%| F|  |TAMS 0x00000000eb700000, 0x00000000eb700000| Untracked 
| 184|0x00000000eb800000, 0x00000000eb800000, 0x00000000eb900000|  0%| F|  |TAMS 0x00000000eb800000, 0x00000000eb800000| Untracked 
| 185|0x00000000eb900000, 0x00000000eb900000, 0x00000000eba00000|  0%| F|  |TAMS 0x00000000eb900000, 0x00000000eb900000| Untracked 
| 186|0x00000000eba00000, 0x00000000eba00000, 0x00000000ebb00000|  0%| F|  |TAMS 0x00000000eba00000, 0x00000000eba00000| Untracked 
| 187|0x00000000ebb00000, 0x00000000ebb00000, 0x00000000ebc00000|  0%| F|  |TAMS 0x00000000ebb00000, 0x00000000ebb00000| Untracked 
| 188|0x00000000ebc00000, 0x00000000ebc00000, 0x00000000ebd00000|  0%| F|  |TAMS 0x00000000ebc00000, 0x00000000ebc00000| Untracked 
| 189|0x00000000ebd00000, 0x00000000ebd00000, 0x00000000ebe00000|  0%| F|  |TAMS 0x00000000ebd00000, 0x00000000ebd00000| Untracked 
| 190|0x00000000ebe00000, 0x00000000ebe00000, 0x00000000ebf00000|  0%| F|  |TAMS 0x00000000ebe00000, 0x00000000ebe00000| Untracked 
| 191|0x00000000ebf00000, 0x00000000ebf00000, 0x00000000ec000000|  0%| F|  |TAMS 0x00000000ebf00000, 0x00000000ebf00000| Untracked 
| 192|0x00000000ec000000, 0x00000000ec000000, 0x00000000ec100000|  0%| F|  |TAMS 0x00000000ec000000, 0x00000000ec000000| Untracked 
| 193|0x00000000ec100000, 0x00000000ec100000, 0x00000000ec200000|  0%| F|  |TAMS 0x00000000ec100000, 0x00000000ec100000| Untracked 
| 194|0x00000000ec200000, 0x00000000ec200000, 0x00000000ec300000|  0%| F|  |TAMS 0x00000000ec200000, 0x00000000ec200000| Untracked 
| 195|0x00000000ec300000, 0x00000000ec300000, 0x00000000ec400000|  0%| F|  |TAMS 0x00000000ec300000, 0x00000000ec300000| Untracked 
| 196|0x00000000ec400000, 0x00000000ec400000, 0x00000000ec500000|  0%| F|  |TAMS 0x00000000ec400000, 0x00000000ec400000| Untracked 
| 197|0x00000000ec500000, 0x00000000ec500000, 0x00000000ec600000|  0%| F|  |TAMS 0x00000000ec500000, 0x00000000ec500000| Untracked 
| 198|0x00000000ec600000, 0x00000000ec600000, 0x00000000ec700000|  0%| F|  |TAMS 0x00000000ec600000, 0x00000000ec600000| Untracked 
| 199|0x00000000ec700000, 0x00000000ec700000, 0x00000000ec800000|  0%| F|  |TAMS 0x00000000ec700000, 0x00000000ec700000| Untracked 
| 200|0x00000000ec800000, 0x00000000ec800000, 0x00000000ec900000|  0%| F|  |TAMS 0x00000000ec800000, 0x00000000ec800000| Untracked 
| 201|0x00000000ec900000, 0x00000000ec900000, 0x00000000eca00000|  0%| F|  |TAMS 0x00000000ec900000, 0x00000000ec900000| Untracked 
| 202|0x00000000eca00000, 0x00000000eca00000, 0x00000000ecb00000|  0%| F|  |TAMS 0x00000000eca00000, 0x00000000eca00000| Untracked 
| 203|0x00000000ecb00000, 0x00000000ecb00000, 0x00000000ecc00000|  0%| F|  |TAMS 0x00000000ecb00000, 0x00000000ecb00000| Untracked 
| 204|0x00000000ecc00000, 0x00000000ecc00000, 0x00000000ecd00000|  0%| F|  |TAMS 0x00000000ecc00000, 0x00000000ecc00000| Untracked 
| 205|0x00000000ecd00000, 0x00000000ecd00000, 0x00000000ece00000|  0%| F|  |TAMS 0x00000000ecd00000, 0x00000000ecd00000| Untracked 
| 206|0x00000000ece00000, 0x00000000ece00000, 0x00000000ecf00000|  0%| F|  |TAMS 0x00000000ece00000, 0x00000000ece00000| Untracked 
| 207|0x00000000ecf00000, 0x00000000ecf00000, 0x00000000ed000000|  0%| F|  |TAMS 0x00000000ecf00000, 0x00000000ecf00000| Untracked 
| 208|0x00000000ed000000, 0x00000000ed000000, 0x00000000ed100000|  0%| F|  |TAMS 0x00000000ed000000, 0x00000000ed000000| Untracked 
| 209|0x00000000ed100000, 0x00000000ed100000, 0x00000000ed200000|  0%| F|  |TAMS 0x00000000ed100000, 0x00000000ed100000| Untracked 
| 210|0x00000000ed200000, 0x00000000ed200000, 0x00000000ed300000|  0%| F|  |TAMS 0x00000000ed200000, 0x00000000ed200000| Untracked 
| 211|0x00000000ed300000, 0x00000000ed300000, 0x00000000ed400000|  0%| F|  |TAMS 0x00000000ed300000, 0x00000000ed300000| Untracked 
| 212|0x00000000ed400000, 0x00000000ed400000, 0x00000000ed500000|  0%| F|  |TAMS 0x00000000ed400000, 0x00000000ed400000| Untracked 
| 213|0x00000000ed500000, 0x00000000ed500000, 0x00000000ed600000|  0%| F|  |TAMS 0x00000000ed500000, 0x00000000ed500000| Untracked 
| 214|0x00000000ed600000, 0x00000000ed600000, 0x00000000ed700000|  0%| F|  |TAMS 0x00000000ed600000, 0x00000000ed600000| Untracked 
| 215|0x00000000ed700000, 0x00000000ed700000, 0x00000000ed800000|  0%| F|  |TAMS 0x00000000ed700000, 0x00000000ed700000| Untracked 
| 216|0x00000000ed800000, 0x00000000ed800000, 0x00000000ed900000|  0%| F|  |TAMS 0x00000000ed800000, 0x00000000ed800000| Untracked 
| 217|0x00000000ed900000, 0x00000000ed900000, 0x00000000eda00000|  0%| F|  |TAMS 0x00000000ed900000, 0x00000000ed900000| Untracked 
| 218|0x00000000eda00000, 0x00000000eda00000, 0x00000000edb00000|  0%| F|  |TAMS 0x00000000eda00000, 0x00000000eda00000| Untracked 
| 219|0x00000000edb00000, 0x00000000edbdb778, 0x00000000edc00000| 85%| E|  |TAMS 0x00000000edb00000, 0x00000000edb00000| Complete 
| 220|0x00000000edc00000, 0x00000000edd00000, 0x00000000edd00000|100%| E|CS|TAMS 0x00000000edc00000, 0x00000000edc00000| Complete 
| 221|0x00000000edd00000, 0x00000000ede00000, 0x00000000ede00000|100%| E|CS|TAMS 0x00000000edd00000, 0x00000000edd00000| Complete 
| 222|0x00000000ede00000, 0x00000000edf00000, 0x00000000edf00000|100%| E|CS|TAMS 0x00000000ede00000, 0x00000000ede00000| Complete 
| 223|0x00000000edf00000, 0x00000000ee000000, 0x00000000ee000000|100%| E|CS|TAMS 0x00000000edf00000, 0x00000000edf00000| Complete 
| 224|0x00000000ee000000, 0x00000000ee100000, 0x00000000ee100000|100%| E|CS|TAMS 0x00000000ee000000, 0x00000000ee000000| Complete 
| 225|0x00000000ee100000, 0x00000000ee200000, 0x00000000ee200000|100%| E|CS|TAMS 0x00000000ee100000, 0x00000000ee100000| Complete 
| 226|0x00000000ee200000, 0x00000000ee300000, 0x00000000ee300000|100%| E|CS|TAMS 0x00000000ee200000, 0x00000000ee200000| Complete 
| 227|0x00000000ee300000, 0x00000000ee400000, 0x00000000ee400000|100%| E|CS|TAMS 0x00000000ee300000, 0x00000000ee300000| Complete 
| 228|0x00000000ee400000, 0x00000000ee500000, 0x00000000ee500000|100%| E|CS|TAMS 0x00000000ee400000, 0x00000000ee400000| Complete 
| 229|0x00000000ee500000, 0x00000000ee600000, 0x00000000ee600000|100%| E|CS|TAMS 0x00000000ee500000, 0x00000000ee500000| Complete 
| 230|0x00000000ee600000, 0x00000000ee700000, 0x00000000ee700000|100%| E|CS|TAMS 0x00000000ee600000, 0x00000000ee600000| Complete 
| 231|0x00000000ee700000, 0x00000000ee800000, 0x00000000ee800000|100%| E|CS|TAMS 0x00000000ee700000, 0x00000000ee700000| Complete 
| 232|0x00000000ee800000, 0x00000000ee900000, 0x00000000ee900000|100%| E|CS|TAMS 0x00000000ee800000, 0x00000000ee800000| Complete 
| 233|0x00000000ee900000, 0x00000000eea00000, 0x00000000eea00000|100%| E|CS|TAMS 0x00000000ee900000, 0x00000000ee900000| Complete 
| 234|0x00000000eea00000, 0x00000000eeb00000, 0x00000000eeb00000|100%| E|CS|TAMS 0x00000000eea00000, 0x00000000eea00000| Complete 
| 235|0x00000000eeb00000, 0x00000000eec00000, 0x00000000eec00000|100%| E|CS|TAMS 0x00000000eeb00000, 0x00000000eeb00000| Complete 
| 236|0x00000000eec00000, 0x00000000eed00000, 0x00000000eed00000|100%| E|CS|TAMS 0x00000000eec00000, 0x00000000eec00000| Complete 
| 237|0x00000000eed00000, 0x00000000eee00000, 0x00000000eee00000|100%| E|CS|TAMS 0x00000000eed00000, 0x00000000eed00000| Complete 
| 238|0x00000000eee00000, 0x00000000eef00000, 0x00000000eef00000|100%| E|CS|TAMS 0x00000000eee00000, 0x00000000eee00000| Complete 
| 239|0x00000000eef00000, 0x00000000ef000000, 0x00000000ef000000|100%| E|CS|TAMS 0x00000000eef00000, 0x00000000eef00000| Complete 
| 240|0x00000000ef000000, 0x00000000ef100000, 0x00000000ef100000|100%| E|CS|TAMS 0x00000000ef000000, 0x00000000ef000000| Complete 
| 241|0x00000000ef100000, 0x00000000ef200000, 0x00000000ef200000|100%| E|CS|TAMS 0x00000000ef100000, 0x00000000ef100000| Complete 
| 242|0x00000000ef200000, 0x00000000ef300000, 0x00000000ef300000|100%| E|CS|TAMS 0x00000000ef200000, 0x00000000ef200000| Complete 
| 243|0x00000000ef300000, 0x00000000ef400000, 0x00000000ef400000|100%| E|CS|TAMS 0x00000000ef300000, 0x00000000ef300000| Complete 
| 244|0x00000000ef400000, 0x00000000ef500000, 0x00000000ef500000|100%| E|CS|TAMS 0x00000000ef400000, 0x00000000ef400000| Complete 
| 245|0x00000000ef500000, 0x00000000ef600000, 0x00000000ef600000|100%| E|CS|TAMS 0x00000000ef500000, 0x00000000ef500000| Complete 
| 246|0x00000000ef600000, 0x00000000ef700000, 0x00000000ef700000|100%| E|CS|TAMS 0x00000000ef600000, 0x00000000ef600000| Complete 
| 247|0x00000000ef700000, 0x00000000ef800000, 0x00000000ef800000|100%| E|CS|TAMS 0x00000000ef700000, 0x00000000ef700000| Complete 
| 248|0x00000000ef800000, 0x00000000ef900000, 0x00000000ef900000|100%| E|CS|TAMS 0x00000000ef800000, 0x00000000ef800000| Complete 
| 249|0x00000000ef900000, 0x00000000efa00000, 0x00000000efa00000|100%| E|CS|TAMS 0x00000000ef900000, 0x00000000ef900000| Complete 
| 250|0x00000000efa00000, 0x00000000efb00000, 0x00000000efb00000|100%| E|CS|TAMS 0x00000000efa00000, 0x00000000efa00000| Complete 
| 251|0x00000000efb00000, 0x00000000efc00000, 0x00000000efc00000|100%| E|CS|TAMS 0x00000000efb00000, 0x00000000efb00000| Complete 
| 252|0x00000000efc00000, 0x00000000efd00000, 0x00000000efd00000|100%| E|CS|TAMS 0x00000000efc00000, 0x00000000efc00000| Complete 
| 253|0x00000000efd00000, 0x00000000efe00000, 0x00000000efe00000|100%| E|CS|TAMS 0x00000000efd00000, 0x00000000efd00000| Complete 
| 254|0x00000000efe00000, 0x00000000eff00000, 0x00000000eff00000|100%| E|CS|TAMS 0x00000000efe00000, 0x00000000efe00000| Complete 
| 255|0x00000000eff00000, 0x00000000f0000000, 0x00000000f0000000|100%| E|CS|TAMS 0x00000000eff00000, 0x00000000eff00000| Complete 

Card table byte_map: [0x000001e25bb50000,0x000001e25bc50000] _byte_map_base: 0x000001e25b450000

Marking Bits (Prev, Next): (CMBitMap*) 0x000001e244f01020, (CMBitMap*) 0x000001e244f00fe0
 Prev Bits: [0x000001e25c550000, 0x000001e25cd50000)
 Next Bits: [0x000001e25bd50000, 0x000001e25c550000)

Polling page: 0x000001e243080000

Metaspace:

Usage:
  Non-class:     54.25 MB used.
      Class:      8.69 MB used.
       Both:     62.94 MB used.

Virtual space:
  Non-class space:       56.00 MB reserved,      54.62 MB ( 98%) committed,  7 nodes.
      Class space:      308.00 MB reserved,       9.00 MB (  3%) committed,  1 nodes.
             Both:      364.00 MB reserved,      63.62 MB ( 17%) committed. 

Chunk freelists:
   Non-Class:  1.22 MB
       Class:  2.98 MB
        Both:  4.20 MB

MaxMetaspaceSize: 384.00 MB
CompressedClassSpaceSize: 308.00 MB
Initial GC threshold: 21.00 MB
Current GC threshold: 99.19 MB
CDS: on
MetaspaceReclaimPolicy: balanced
 - commit_granule_bytes: 65536.
 - commit_granule_words: 8192.
 - virtual_space_node_default_size: 1048576.
 - enlarge_chunks_in_place: 1.
 - new_chunks_are_fully_committed: 0.
 - uncommit_free_chunks: 1.
 - use_allocation_guard: 0.
 - handle_deallocations: 1.


Internal statistics:

num_allocs_failed_limit: 9.
num_arena_births: 744.
num_arena_deaths: 0.
num_vsnodes_births: 8.
num_vsnodes_deaths: 0.
num_space_committed: 1018.
num_space_uncommitted: 0.
num_chunks_returned_to_freelist: 9.
num_chunks_taken_from_freelist: 3464.
num_chunk_merges: 9.
num_chunk_splits: 2240.
num_chunks_enlarged: 1459.
num_purges: 0.
num_inconsistent_stats: 0.

CodeHeap 'non-profiled nmethods': size=120000Kb used=7172Kb max_used=7172Kb free=112827Kb
 bounds [0x000001e2541f0000, 0x000001e254900000, 0x000001e25b720000]
CodeHeap 'profiled nmethods': size=120000Kb used=22994Kb max_used=22994Kb free=97005Kb
 bounds [0x000001e24ccc0000, 0x000001e24e340000, 0x000001e2541f0000]
CodeHeap 'non-nmethods': size=5760Kb used=2353Kb max_used=2454Kb free=3406Kb
 bounds [0x000001e24c720000, 0x000001e24c9a0000, 0x000001e24ccc0000]
 total_blobs=12337 nmethods=11465 adapters=783
 compilation: enabled
              stopped_count=0, restarted_count=0
 full_count=0

Compilation events (20 events):
Event: 2851.004 Thread 0x000001e25f7734f0 nmethod 12994 0x000001e24e32dd90 code [0x000001e24e32df40, 0x000001e24e32e188]
Event: 2851.004 Thread 0x000001e25f7734f0 12995       3       org.gradle.internal.watch.vfs.impl.WatchingVirtualFileSystem::lambda$withWatcherChangeErrorHandling$9 (8 bytes)
Event: 2851.005 Thread 0x000001e25f7734f0 nmethod 12995 0x000001e24e32e290 code [0x000001e24e32e440, 0x000001e24e32e608]
Event: 2851.005 Thread 0x000001e25f7734f0 12996       3       org.gradle.internal.watch.vfs.impl.WatchingVirtualFileSystem$$Lambda$458/0x0000000800ff4400::run (16 bytes)
Event: 2851.007 Thread 0x000001e25f7734f0 nmethod 12996 0x000001e24e32e710 code [0x000001e24e32e920, 0x000001e24e32f038]
Event: 2851.008 Thread 0x000001e25f7734f0 12997       3       org.gradle.internal.watch.vfs.impl.WatchingVirtualFileSystem::lambda$updateNotifyingListeners$1 (12 bytes)
Event: 2851.009 Thread 0x000001e25f7734f0 nmethod 12997 0x000001e24e32f310 code [0x000001e24e32f520, 0x000001e24e32fbb8]
Event: 2851.010 Thread 0x000001e25f7734f0 12998       3       org.gradle.internal.watch.vfs.impl.WatchingVirtualFileSystem$$Lambda$460/0x0000000800ff8220::<init> (15 bytes)
Event: 2851.010 Thread 0x000001e25f7734f0 nmethod 12998 0x000001e24e32fe10 code [0x000001e24e32ffc0, 0x000001e24e3301d8]
Event: 2851.010 Thread 0x000001e25f7734f0 12999       3       org.gradle.internal.watch.registry.impl.SnapshotCollectingDiffListener::publishSnapshotDiff (39 bytes)
Event: 2851.012 Thread 0x000001e25f7734f0 nmethod 12999 0x000001e24e330290 code [0x000001e24e330480, 0x000001e24e330aa8]
Event: 2851.657 Thread 0x000001e25f7734f0 13000       3       org.gradle.internal.snapshot.AbstractInvalidateChildHandler::handleAsDescendantOfChild (7 bytes)
Event: 2851.658 Thread 0x000001e25f7734f0 nmethod 13000 0x000001e24e330d90 code [0x000001e24e3310a0, 0x000001e24e3325b8]
Event: 2851.658 Thread 0x000001e25f7734f0 13001       3       org.gradle.internal.snapshot.AbstractInvalidateChildHandler::handleAsDescendantOfChild (35 bytes)
Event: 2851.660 Thread 0x000001e25f7734f0 nmethod 13001 0x000001e24e332c10 code [0x000001e24e332f20, 0x000001e24e334218]
Event: 2851.660 Thread 0x000001e25f7734f0 13002       3       org.gradle.internal.snapshot.AbstractInvalidateChildHandler$$Lambda$609/0x00000008010be208::<init> (10 bytes)
Event: 2851.660 Thread 0x000001e25f7734f0 nmethod 13002 0x000001e24e334810 code [0x000001e24e3349a0, 0x000001e24e334b58]
Event: 2865.514 Thread 0x000001e25f7734f0 13003       3       java.lang.Math::floorDiv (31 bytes)
Event: 2865.515 Thread 0x000001e25f7734f0 nmethod 13003 0x000001e24e334c10 code [0x000001e24e334da0, 0x000001e24e334f78]
Event: 2892.933 Thread 0x000001e25f771440 13004       4       org.gradle.launcher.daemon.context.DefaultDaemonContext$Serializer::read (219 bytes)

GC Heap History (20 events):
Event: 1.724 GC heap before
{Heap before GC invocations=1 (full 0):
 garbage-first heap   total 262144K, used 38386K [0x00000000e0000000, 0x0000000100000000)
  region size 1024K, 30 young (30720K), 3 survivors (3072K)
 Metaspace       used 4062K, committed 4224K, reserved 323584K
  class space    used 507K, committed 640K, reserved 315392K
}
Event: 1.728 GC heap after
{Heap after GC invocations=2 (full 0):
 garbage-first heap   total 262144K, used 12524K [0x00000000e0000000, 0x0000000100000000)
  region size 1024K, 2 young (2048K), 2 survivors (2048K)
 Metaspace       used 4062K, committed 4224K, reserved 323584K
  class space    used 507K, committed 640K, reserved 315392K
}
Event: 4.493 GC heap before
{Heap before GC invocations=2 (full 0):
 garbage-first heap   total 262144K, used 142572K [0x00000000e0000000, 0x0000000100000000)
  region size 1024K, 127 young (130048K), 2 survivors (2048K)
 Metaspace       used 20828K, committed 21120K, reserved 339968K
  class space    used 3075K, committed 3200K, reserved 315392K
}
Event: 4.502 GC heap after
{Heap after GC invocations=3 (full 0):
 garbage-first heap   total 262144K, used 23855K [0x00000000e0000000, 0x0000000100000000)
  region size 1024K, 12 young (12288K), 12 survivors (12288K)
 Metaspace       used 20828K, committed 21120K, reserved 339968K
  class space    used 3075K, committed 3200K, reserved 315392K
}
Event: 4.543 GC heap before
{Heap before GC invocations=3 (full 0):
 garbage-first heap   total 262144K, used 26927K [0x00000000e0000000, 0x0000000100000000)
  region size 1024K, 16 young (16384K), 12 survivors (12288K)
 Metaspace       used 21207K, committed 21504K, reserved 339968K
  class space    used 3129K, committed 3264K, reserved 315392K
}
Event: 4.551 GC heap after
{Heap after GC invocations=4 (full 0):
 garbage-first heap   total 262144K, used 25261K [0x00000000e0000000, 0x0000000100000000)
  region size 1024K, 2 young (2048K), 2 survivors (2048K)
 Metaspace       used 21207K, committed 21504K, reserved 339968K
  class space    used 3129K, committed 3264K, reserved 315392K
}
Event: 6.579 GC heap before
{Heap before GC invocations=5 (full 0):
 garbage-first heap   total 262144K, used 141997K [0x00000000e0000000, 0x0000000100000000)
  region size 1024K, 113 young (115712K), 2 survivors (2048K)
 Metaspace       used 35729K, committed 36160K, reserved 348160K
  class space    used 5083K, committed 5248K, reserved 315392K
}
Event: 6.588 GC heap after
{Heap after GC invocations=6 (full 0):
 garbage-first heap   total 262144K, used 32549K [0x00000000e0000000, 0x0000000100000000)
  region size 1024K, 9 young (9216K), 9 survivors (9216K)
 Metaspace       used 35729K, committed 36160K, reserved 348160K
  class space    used 5083K, committed 5248K, reserved 315392K
}
Event: 8.364 GC heap before
{Heap before GC invocations=7 (full 0):
 garbage-first heap   total 262144K, used 180005K [0x00000000e0000000, 0x0000000100000000)
  region size 1024K, 153 young (156672K), 9 survivors (9216K)
 Metaspace       used 37550K, committed 37888K, reserved 348160K
  class space    used 5305K, committed 5440K, reserved 315392K
}
Event: 8.381 GC heap after
{Heap after GC invocations=8 (full 0):
 garbage-first heap   total 262144K, used 40245K [0x00000000e0000000, 0x0000000100000000)
  region size 1024K, 16 young (16384K), 16 survivors (16384K)
 Metaspace       used 37550K, committed 37888K, reserved 348160K
  class space    used 5305K, committed 5440K, reserved 315392K
}
Event: 10.276 GC heap before
{Heap before GC invocations=8 (full 0):
 garbage-first heap   total 262144K, used 180533K [0x00000000e0000000, 0x0000000100000000)
  region size 1024K, 153 young (156672K), 16 survivors (16384K)
 Metaspace       used 45528K, committed 46016K, reserved 356352K
  class space    used 6406K, committed 6656K, reserved 315392K
}
Event: 10.295 GC heap after
{Heap after GC invocations=9 (full 0):
 garbage-first heap   total 262144K, used 46833K [0x00000000e0000000, 0x0000000100000000)
  region size 1024K, 15 young (15360K), 15 survivors (15360K)
 Metaspace       used 45528K, committed 46016K, reserved 356352K
  class space    used 6406K, committed 6656K, reserved 315392K
}
Event: 12.732 GC heap before
{Heap before GC invocations=9 (full 0):
 garbage-first heap   total 262144K, used 189169K [0x00000000e0000000, 0x0000000100000000)
  region size 1024K, 153 young (156672K), 15 survivors (15360K)
 Metaspace       used 55990K, committed 56576K, reserved 364544K
  class space    used 7901K, committed 8128K, reserved 315392K
}
Event: 12.755 GC heap after
{Heap after GC invocations=10 (full 0):
 garbage-first heap   total 262144K, used 57010K [0x00000000e0000000, 0x0000000100000000)
  region size 1024K, 18 young (18432K), 18 survivors (18432K)
 Metaspace       used 55990K, committed 56576K, reserved 364544K
  class space    used 7901K, committed 8128K, reserved 315392K
}
Event: 14.397 GC heap before
{Heap before GC invocations=10 (full 0):
 garbage-first heap   total 262144K, used 146098K [0x00000000e0000000, 0x0000000100000000)
  region size 1024K, 106 young (108544K), 18 survivors (18432K)
 Metaspace       used 60186K, committed 60736K, reserved 372736K
  class space    used 8433K, committed 8704K, reserved 315392K
}
Event: 14.415 GC heap after
{Heap after GC invocations=11 (full 0):
 garbage-first heap   total 262144K, used 62464K [0x00000000e0000000, 0x0000000100000000)
  region size 1024K, 16 young (16384K), 16 survivors (16384K)
 Metaspace       used 60186K, committed 60736K, reserved 372736K
  class space    used 8433K, committed 8704K, reserved 315392K
}
Event: 16.415 GC heap before
{Heap before GC invocations=12 (full 0):
 garbage-first heap   total 262144K, used 201728K [0x00000000e0000000, 0x0000000100000000)
  region size 1024K, 153 young (156672K), 16 survivors (16384K)
 Metaspace       used 62821K, committed 63488K, reserved 372736K
  class space    used 8745K, committed 9024K, reserved 315392K
}
Event: 16.437 GC heap after
{Heap after GC invocations=13 (full 0):
 garbage-first heap   total 262144K, used 76437K [0x00000000e0000000, 0x0000000100000000)
  region size 1024K, 20 young (20480K), 20 survivors (20480K)
 Metaspace       used 62821K, committed 63488K, reserved 372736K
  class space    used 8745K, committed 9024K, reserved 315392K
}
Event: 956.368 GC heap before
{Heap before GC invocations=13 (full 0):
 garbage-first heap   total 262144K, used 204437K [0x00000000e0000000, 0x0000000100000000)
  region size 1024K, 145 young (148480K), 20 survivors (20480K)
 Metaspace       used 64281K, committed 64960K, reserved 372736K
  class space    used 8893K, committed 9216K, reserved 315392K
}
Event: 956.426 GC heap after
{Heap after GC invocations=14 (full 0):
 garbage-first heap   total 262144K, used 77054K [0x00000000e0000000, 0x0000000100000000)
  region size 1024K, 6 young (6144K), 6 survivors (6144K)
 Metaspace       used 64281K, committed 64960K, reserved 372736K
  class space    used 8893K, committed 9216K, reserved 315392K
}

Deoptimization events (20 events):
Event: 2542.939 Thread 0x000001e26072bca0 Uncommon trap: trap_request=0xffffff45 fr.pc=0x000001e254238568 relative=0x0000000000000648
Event: 2542.939 Thread 0x000001e26072bca0 Uncommon trap: reason=unstable_if action=reinterpret pc=0x000001e254238568 method=java.lang.AbstractStringBuilder.append(Ljava/lang/String;)Ljava/lang/AbstractStringBuilder; @ 1 c2
Event: 2542.939 Thread 0x000001e26072bca0 DEOPT PACKING pc=0x000001e254238568 sp=0x0000007de51fe6c0
Event: 2542.939 Thread 0x000001e26072bca0 DEOPT UNPACKING pc=0x000001e24c7723a3 sp=0x0000007de51fe698 mode 2
Event: 2676.151 Thread 0x000001e265d59e90 Uncommon trap: trap_request=0xffffff45 fr.pc=0x000001e25420b504 relative=0x0000000000000264
Event: 2676.151 Thread 0x000001e265d59e90 Uncommon trap: reason=unstable_if action=reinterpret pc=0x000001e25420b504 method=java.lang.String.getChars(II[CI)V @ 23 c2
Event: 2676.151 Thread 0x000001e265d59e90 DEOPT PACKING pc=0x000001e25420b504 sp=0x0000007dedbfddd0
Event: 2676.151 Thread 0x000001e265d59e90 DEOPT UNPACKING pc=0x000001e24c7723a3 sp=0x0000007dedbfdd68 mode 2
Event: 2676.151 Thread 0x000001e265d59e90 Uncommon trap: trap_request=0xffffff45 fr.pc=0x000001e2542dfba0 relative=0x00000000000003a0
Event: 2676.151 Thread 0x000001e265d59e90 Uncommon trap: reason=unstable_if action=reinterpret pc=0x000001e2542dfba0 method=java.lang.StringCoding.implEncodeAsciiArray([CI[BII)I @ 23 c2
Event: 2676.151 Thread 0x000001e265d59e90 DEOPT PACKING pc=0x000001e2542dfba0 sp=0x0000007dedbfd9b0
Event: 2676.151 Thread 0x000001e265d59e90 DEOPT UNPACKING pc=0x000001e24c7723a3 sp=0x0000007dedbfd930 mode 2
Event: 2676.157 Thread 0x000001e261db4450 Uncommon trap: trap_request=0xffffff54 fr.pc=0x000001e25466d370 relative=0x0000000000000590
Event: 2676.157 Thread 0x000001e261db4450 Uncommon trap: reason=speculate_null_assert action=make_not_entrant pc=0x000001e25466d370 method=org.gradle.launcher.daemon.server.exec.LogToClient$AsynchronousLogDispatcher.run()V @ 21 c2
Event: 2676.157 Thread 0x000001e261db4450 DEOPT PACKING pc=0x000001e25466d370 sp=0x0000007de56ff640
Event: 2676.157 Thread 0x000001e261db4450 DEOPT UNPACKING pc=0x000001e24c7723a3 sp=0x0000007de56ff618 mode 2
Event: 2676.157 Thread 0x000001e261db4450 Uncommon trap: trap_request=0xffffff45 fr.pc=0x000001e2545f704c relative=0x000000000000020c
Event: 2676.157 Thread 0x000001e261db4450 Uncommon trap: reason=unstable_if action=reinterpret pc=0x000001e2545f704c method=com.esotericsoftware.kryo.io.Output.writeString(Ljava/lang/CharSequence;)V @ 83 c2
Event: 2676.157 Thread 0x000001e261db4450 DEOPT PACKING pc=0x000001e2545f704c sp=0x0000007de56feec0
Event: 2676.157 Thread 0x000001e261db4450 DEOPT UNPACKING pc=0x000001e24c7723a3 sp=0x0000007de56fee40 mode 2

Classes unloaded (0 events):
No events

Classes redefined (0 events):
No events

Internal exceptions (20 events):
Event: 14.785 Thread 0x000001e261cec030 Exception <a 'java/lang/NoSuchMethodError'{0x00000000ee1615d0}: static Lorg/gradle/internal/build/event/types/DefaultBinaryPluginIdentifier;.<clinit>()V> (0x00000000ee1615d0) 
thrown [t:\workspace\open\src\hotspot\share\prims\jni.cpp, line 1107]
Event: 14.983 Thread 0x000001e265d5b6a0 Exception <a 'java/lang/NoSuchMethodError'{0x00000000edaa5780}: static Ljava/lang/Object;.<clinit>()V> (0x00000000edaa5780) 
thrown [t:\workspace\open\src\hotspot\share\prims\jni.cpp, line 1107]
Event: 17.112 Thread 0x000001e265d5b6a0 Exception <a 'java/lang/NoSuchMethodError'{0x00000000eaf696e0}: 'void java.lang.invoke.DirectMethodHandle$Holder.invokeVirtual(java.lang.Object, java.lang.Object, java.lang.Object, java.lang.Object)'> (0x00000000eaf696e0) 
thrown [t:\workspace\open\src\hotspot\share\interpreter\linkResolver.cpp, line 766]
Event: 17.289 Thread 0x000001e265d5b6a0 Exception <a 'java/lang/NoSuchMethodError'{0x00000000ea24db20}: 'int java.lang.invoke.DirectMethodHandle$Holder.invokeStaticInit(java.lang.Object, java.lang.Object, java.lang.Object, java.lang.Object, java.lang.Object)'> (0x00000000ea24db20) 
thrown [t:\workspace\open\src\hotspot\share\interpreter\linkResolver.cpp, line 766]
Event: 17.315 Thread 0x000001e261cec030 Exception <a 'java/lang/NoSuchMethodError'{0x00000000ea003118}: static Lorg/gradle/internal/build/event/types/DefaultTaskFinishedProgressEvent;.<clinit>()V> (0x00000000ea003118) 
thrown [t:\workspace\open\src\hotspot\share\prims\jni.cpp, line 1107]
Event: 17.318 Thread 0x000001e261cec030 Exception <a 'java/lang/NoSuchMethodError'{0x00000000ea0198c0}: static Lorg/gradle/internal/build/event/types/DefaultTaskSuccessResult;.<clinit>()V> (0x00000000ea0198c0) 
thrown [t:\workspace\open\src\hotspot\share\prims\jni.cpp, line 1107]
Event: 17.319 Thread 0x000001e261cec030 Exception <a 'java/lang/NoSuchMethodError'{0x00000000ea01ab30}: static Lorg/gradle/internal/build/event/types/AbstractTaskResult;.<clinit>()V> (0x00000000ea01ab30) 
thrown [t:\workspace\open\src\hotspot\share\prims\jni.cpp, line 1107]
Event: 17.319 Thread 0x000001e261cec030 Exception <a 'java/lang/NoSuchMethodError'{0x00000000ea01c2f8}: static Lorg/gradle/internal/build/event/types/AbstractResult;.<clinit>()V> (0x00000000ea01c2f8) 
thrown [t:\workspace\open\src\hotspot\share\prims\jni.cpp, line 1107]
Event: 17.438 Thread 0x000001e265d5bb70 Exception <a 'java/lang/ClassNotFoundException'{0x00000000e9805648}: com/intellij/openapi/externalSystem/rt/execution/ForkedDebuggerHelperBeanInfo> (0x00000000e9805648) 
thrown [t:\workspace\open\src\hotspot\share\classfile\systemDictionary.cpp, line 256]
Event: 17.439 Thread 0x000001e265d5bb70 Exception <a 'java/lang/ClassNotFoundException'{0x00000000e980e608}: com/intellij/openapi/externalSystem/rt/execution/ForkedDebuggerHelperCustomizer> (0x00000000e980e608) 
thrown [t:\workspace\open\src\hotspot\share\classfile\systemDictionary.cpp, line 256]
Event: 17.444 Thread 0x000001e265d5bb70 Exception <a 'java/net/SocketException'{0x00000000e982ae10}: Socket is not connected: shutdown> (0x00000000e982ae10) 
thrown [t:\workspace\open\src\hotspot\share\prims\jni.cpp, line 535]
Event: 17.501 Thread 0x000001e265d5bb70 Exception <a 'java/lang/ClassNotFoundException'{0x00000000e98e64f8}: java/util/CollectionsBeanInfo> (0x00000000e98e64f8) 
thrown [t:\workspace\open\src\hotspot\share\classfile\systemDictionary.cpp, line 256]
Event: 17.501 Thread 0x000001e265d5bb70 Exception <a 'java/lang/ClassNotFoundException'{0x00000000e98ecc18}: java/util/CollectionsCustomizer> (0x00000000e98ecc18) 
thrown [t:\workspace\open\src\hotspot\share\classfile\systemDictionary.cpp, line 256]
Event: 17.511 Thread 0x000001e265d5bb70 Exception <a 'java/lang/ClassNotFoundException'{0x00000000e963af08}: org/gradle/api/internal/file/collections/DefaultConfigurableFileCollectionBeanInfo> (0x00000000e963af08) 
thrown [t:\workspace\open\src\hotspot\share\classfile\systemDictionary.cpp, line 256]
Event: 17.511 Thread 0x000001e265d5bb70 Exception <a 'java/lang/ClassNotFoundException'{0x00000000e9646db0}: org/gradle/api/internal/file/CompositeFileCollectionBeanInfo> (0x00000000e9646db0) 
thrown [t:\workspace\open\src\hotspot\share\classfile\systemDictionary.cpp, line 256]
Event: 17.512 Thread 0x000001e265d5bb70 Exception <a 'java/lang/ClassNotFoundException'{0x00000000e9652c60}: org/gradle/api/internal/file/AbstractFileCollectionBeanInfo> (0x00000000e9652c60) 
thrown [t:\workspace\open\src\hotspot\share\classfile\systemDictionary.cpp, line 256]
Event: 17.512 Thread 0x000001e265d5bb70 Exception <a 'java/lang/ClassNotFoundException'{0x00000000e965ef30}: org/gradle/api/internal/file/AbstractFileCollectionCustomizer> (0x00000000e965ef30) 
thrown [t:\workspace\open\src\hotspot\share\classfile\systemDictionary.cpp, line 256]
Event: 17.513 Thread 0x000001e265d5bb70 Exception <a 'java/lang/ClassNotFoundException'{0x00000000e967bb08}: org/gradle/api/internal/file/CompositeFileCollectionCustomizer> (0x00000000e967bb08) 
thrown [t:\workspace\open\src\hotspot\share\classfile\systemDictionary.cpp, line 256]
Event: 17.514 Thread 0x000001e265d5bb70 Exception <a 'java/lang/ClassNotFoundException'{0x00000000e968f848}: org/gradle/api/internal/file/collections/DefaultConfigurableFileCollectionCustomizer> (0x00000000e968f848) 
thrown [t:\workspace\open\src\hotspot\share\classfile\systemDictionary.cpp, line 256]
Event: 2542.939 Thread 0x000001e26072bca0 Implicit null exception at 0x000001e254237f52 to 0x000001e254238550

VM Operations (20 events):
Event: 2453.546 Executing VM operation: Cleanup
Event: 2453.546 Executing VM operation: Cleanup done
Event: 2573.058 Executing VM operation: Cleanup
Event: 2573.058 Executing VM operation: Cleanup done
Event: 2602.381 Executing VM operation: Cleanup
Event: 2602.381 Executing VM operation: Cleanup done
Event: 2676.249 Executing VM operation: Cleanup
Event: 2676.249 Executing VM operation: Cleanup done
Event: 2688.423 Executing VM operation: Cleanup
Event: 2688.423 Executing VM operation: Cleanup done
Event: 2693.493 Executing VM operation: Cleanup
Event: 2693.493 Executing VM operation: Cleanup done
Event: 2836.225 Executing VM operation: Cleanup
Event: 2836.225 Executing VM operation: Cleanup done
Event: 2844.341 Executing VM operation: Cleanup
Event: 2844.341 Executing VM operation: Cleanup done
Event: 2851.413 Executing VM operation: Cleanup
Event: 2851.423 Executing VM operation: Cleanup done
Event: 2852.428 Executing VM operation: Cleanup
Event: 2852.428 Executing VM operation: Cleanup done

Events (20 events):
Event: 17.501 loading class java/util/CollectionsBeanInfo done
Event: 17.501 loading class java/util/CollectionsCustomizer
Event: 17.501 loading class java/util/CollectionsCustomizer done
Event: 17.501 loading class java/util/CollectionsCustomizer
Event: 17.501 loading class java/util/CollectionsCustomizer done
Event: 17.537 Thread 0x000001e265d594f0 Thread added: 0x000001e265d594f0
Event: 17.538 Thread 0x000001e265d59e90 Thread added: 0x000001e265d59e90
Event: 18.360 Thread 0x000001e2645374e0 Thread exited: 0x000001e2645374e0
Event: 18.360 Thread 0x000001e261df4040 Thread exited: 0x000001e261df4040
Event: 44.679 loading class java/time/Instant$1
Event: 44.679 loading class java/time/Instant$1 done
Event: 74.260 Thread 0x000001e265e5cf30 Thread exited: 0x000001e265e5cf30
Event: 134.274 Thread 0x000001e265e5a8b0 Thread exited: 0x000001e265e5a8b0
Event: 194.278 Thread 0x000001e265e5a3e0 Thread exited: 0x000001e265e5a3e0
Event: 254.288 Thread 0x000001e265e5b720 Thread exited: 0x000001e265e5b720
Event: 314.295 Thread 0x000001e265d5c040 Thread exited: 0x000001e265d5c040
Event: 374.301 Thread 0x000001e265e5c0c0 Thread exited: 0x000001e265e5c0c0
Event: 434.316 Thread 0x000001e265e5b250 Thread exited: 0x000001e265e5b250
Event: 1322.984 Thread 0x000001e25f777e20 flushing nmethod 0x000001e25466cc10
Event: 1323.000 Thread 0x000001e25f777e20 flushing nmethod 0x000001e24d3a4710


Dynamic libraries:
0x00007ff67d630000 - 0x00007ff67d63e000 	C:\jdk-17.0.2\bin\java.exe
0x00007ff890890000 - 0x00007ff890a88000 	C:\WINDOWS\SYSTEM32\ntdll.dll
0x00007ff88fbc0000 - 0x00007ff88fc81000 	C:\WINDOWS\System32\KERNEL32.DLL
0x00007ff88e5c0000 - 0x00007ff88e8b6000 	C:\WINDOWS\System32\KERNELBASE.dll
0x00007ff88e410000 - 0x00007ff88e510000 	C:\WINDOWS\System32\ucrtbase.dll
0x00007ff864410000 - 0x00007ff86442a000 	C:\jdk-17.0.2\bin\VCRUNTIME140.dll
0x00007ff866ac0000 - 0x00007ff866ad8000 	C:\jdk-17.0.2\bin\jli.dll
0x00007ff88e9f0000 - 0x00007ff88eb8f000 	C:\WINDOWS\System32\USER32.dll
0x00007ff88df40000 - 0x00007ff88df62000 	C:\WINDOWS\System32\win32u.dll
0x00007ff8758d0000 - 0x00007ff875b6a000 	C:\WINDOWS\WinSxS\amd64_microsoft.windows.common-controls_6595b64144ccf1df_6.0.19041.4355_none_60b8b9eb71f62e16\COMCTL32.dll
0x00007ff88f850000 - 0x00007ff88f87b000 	C:\WINDOWS\System32\GDI32.dll
0x00007ff88fdc0000 - 0x00007ff88fe5e000 	C:\WINDOWS\System32\msvcrt.dll
0x00007ff88e0d0000 - 0x00007ff88e1e7000 	C:\WINDOWS\System32\gdi32full.dll
0x00007ff88e030000 - 0x00007ff88e0cd000 	C:\WINDOWS\System32\msvcp_win.dll
0x00007ff88ff30000 - 0x00007ff88ff5f000 	C:\WINDOWS\System32\IMM32.DLL
0x00007ff867480000 - 0x00007ff86748c000 	C:\jdk-17.0.2\bin\vcruntime140_1.dll
0x00007ff857480000 - 0x00007ff85750d000 	C:\jdk-17.0.2\bin\msvcp140.dll
0x00007ff802cc0000 - 0x00007ff803881000 	C:\jdk-17.0.2\bin\server\jvm.dll
0x00007ff88fa60000 - 0x00007ff88fb10000 	C:\WINDOWS\System32\ADVAPI32.dll
0x00007ff88fb20000 - 0x00007ff88fbc0000 	C:\WINDOWS\System32\sechost.dll
0x00007ff88fc90000 - 0x00007ff88fdb3000 	C:\WINDOWS\System32\RPCRT4.dll
0x00007ff88e1f0000 - 0x00007ff88e217000 	C:\WINDOWS\System32\bcrypt.dll
0x00007ff88fb10000 - 0x00007ff88fb18000 	C:\WINDOWS\System32\PSAPI.DLL
0x00007ff87a6f0000 - 0x00007ff87a717000 	C:\WINDOWS\SYSTEM32\WINMM.dll
0x00007ff885d70000 - 0x00007ff885d7a000 	C:\WINDOWS\SYSTEM32\VERSION.dll
0x00007ff889fc0000 - 0x00007ff889fc9000 	C:\WINDOWS\SYSTEM32\WSOCK32.dll
0x00007ff88f8e0000 - 0x00007ff88f94b000 	C:\WINDOWS\System32\WS2_32.dll
0x00007ff88c750000 - 0x00007ff88c762000 	C:\WINDOWS\SYSTEM32\kernel.appcore.dll
0x00007ff865040000 - 0x00007ff86504a000 	C:\jdk-17.0.2\bin\jimage.dll
0x00007ff88bb20000 - 0x00007ff88bd04000 	C:\WINDOWS\SYSTEM32\DBGHELP.DLL
0x00007ff88bae0000 - 0x00007ff88bb14000 	C:\WINDOWS\SYSTEM32\dbgcore.DLL
0x00007ff88e220000 - 0x00007ff88e2a2000 	C:\WINDOWS\System32\bcryptPrimitives.dll
0x00007ff8619c0000 - 0x00007ff8619ce000 	C:\jdk-17.0.2\bin\instrument.dll
0x00007ff857450000 - 0x00007ff857475000 	C:\jdk-17.0.2\bin\java.dll
0x00007ff83cd70000 - 0x00007ff83ce46000 	C:\jdk-17.0.2\bin\jsvml.dll
0x00007ff890050000 - 0x00007ff8907bc000 	C:\WINDOWS\System32\SHELL32.dll
0x00007ff88bfa0000 - 0x00007ff88c73e000 	C:\WINDOWS\SYSTEM32\windows.storage.dll
0x00007ff88f470000 - 0x00007ff88f7c3000 	C:\WINDOWS\System32\combase.dll
0x00007ff88d890000 - 0x00007ff88d8be000 	C:\WINDOWS\SYSTEM32\Wldp.dll
0x00007ff88ff60000 - 0x00007ff89002d000 	C:\WINDOWS\System32\OLEAUT32.dll
0x00007ff88f0f0000 - 0x00007ff88f19d000 	C:\WINDOWS\System32\SHCORE.dll
0x00007ff88f880000 - 0x00007ff88f8d5000 	C:\WINDOWS\System32\shlwapi.dll
0x00007ff88de70000 - 0x00007ff88de94000 	C:\WINDOWS\SYSTEM32\profapi.dll
0x00007ff858d00000 - 0x00007ff858d18000 	C:\jdk-17.0.2\bin\zip.dll
0x00007ff857430000 - 0x00007ff857449000 	C:\jdk-17.0.2\bin\net.dll
0x00007ff88b710000 - 0x00007ff88b81a000 	C:\WINDOWS\SYSTEM32\WINHTTP.dll
0x00007ff88d5f0000 - 0x00007ff88d65a000 	C:\WINDOWS\system32\mswsock.dll
0x00007ff857410000 - 0x00007ff857426000 	C:\jdk-17.0.2\bin\nio.dll
0x00007ff8617b0000 - 0x00007ff8617c0000 	C:\jdk-17.0.2\bin\verify.dll
0x00007ff865050000 - 0x00007ff865077000 	C:\Users\COM\.gradle\native\c067742578af261105cb4f569cf0c3c89f3d7b1fecec35dd04571415982c5e48\windows-amd64\native-platform.dll
0x00007ff8301e0000 - 0x00007ff830324000 	C:\Users\COM\.gradle\native\100fb08df4bc3b14c8652ba06237920a3bd2aa13389f12d3474272988ae205f9\windows-amd64\native-platform-file-events.dll
0x00007ff85fe30000 - 0x00007ff85fe39000 	C:\jdk-17.0.2\bin\management.dll
0x00007ff85f7a0000 - 0x00007ff85f7ab000 	C:\jdk-17.0.2\bin\management_ext.dll
0x00007ff88d7e0000 - 0x00007ff88d7f8000 	C:\WINDOWS\SYSTEM32\CRYPTSP.dll
0x00007ff88cf10000 - 0x00007ff88cf44000 	C:\WINDOWS\system32\rsaenh.dll
0x00007ff88de20000 - 0x00007ff88de4e000 	C:\WINDOWS\SYSTEM32\USERENV.dll
0x00007ff88d800000 - 0x00007ff88d80c000 	C:\WINDOWS\SYSTEM32\CRYPTBASE.dll
0x00007ff88d2d0000 - 0x00007ff88d30b000 	C:\WINDOWS\SYSTEM32\IPHLPAPI.DLL
0x00007ff88fe60000 - 0x00007ff88fe68000 	C:\WINDOWS\System32\NSI.dll
0x00007ff8860a0000 - 0x00007ff8860b7000 	C:\WINDOWS\SYSTEM32\dhcpcsvc6.DLL
0x00007ff886080000 - 0x00007ff88609d000 	C:\WINDOWS\SYSTEM32\dhcpcsvc.DLL
0x00007ff88d310000 - 0x00007ff88d3da000 	C:\WINDOWS\SYSTEM32\DNSAPI.dll
0x00007ff85edf0000 - 0x00007ff85edfe000 	C:\jdk-17.0.2\bin\sunmscapi.dll
0x00007ff88e2b0000 - 0x00007ff88e40e000 	C:\WINDOWS\System32\CRYPT32.dll
0x00007ff88d900000 - 0x00007ff88d929000 	C:\WINDOWS\SYSTEM32\ncrypt.dll
0x00007ff88d8c0000 - 0x00007ff88d8fb000 	C:\WINDOWS\SYSTEM32\NTASN1.dll
0x00007ff8898b0000 - 0x00007ff8898b7000 	C:\WINDOWS\system32\wshunix.dll

dbghelp: loaded successfully - version: 4.0.5 - missing functions: none
symbol engine: initialized successfully - sym options: 0x614 - pdb path: .;C:\jdk-17.0.2\bin;C:\WINDOWS\SYSTEM32;C:\WINDOWS\WinSxS\amd64_microsoft.windows.common-controls_6595b64144ccf1df_6.0.19041.4355_none_60b8b9eb71f62e16;C:\jdk-17.0.2\bin\server;C:\Users\COM\.gradle\native\c067742578af261105cb4f569cf0c3c89f3d7b1fecec35dd04571415982c5e48\windows-amd64;C:\Users\COM\.gradle\native\100fb08df4bc3b14c8652ba06237920a3bd2aa13389f12d3474272988ae205f9\windows-amd64

VM Arguments:
jvm_args: --add-opens=java.base/java.util.concurrent.atomic=ALL-UNNAMED -XX:MaxMetaspaceSize=384m -XX:+HeapDumpOnOutOfMemoryError --add-opens=java.base/java.util=ALL-UNNAMED --add-opens=java.base/java.lang=ALL-UNNAMED --add-opens=java.base/java.lang.invoke=ALL-UNNAMED --add-opens=java.prefs/java.util.prefs=ALL-UNNAMED --add-opens=java.base/java.nio.charset=ALL-UNNAMED --add-opens=java.base/java.net=ALL-UNNAMED --add-opens=java.base/java.util.concurrent.atomic=ALL-UNNAMED -Xms256m -Xmx512m -Dfile.encoding=UTF-8 -Duser.country=KR -Duser.language=ko -Duser.variant -javaagent:C:\Users\COM\.gradle\wrapper\dists\gradle-8.8-bin\dl7vupf4psengwqhwktix4v1\gradle-8.8\lib\agents\gradle-instrumentation-agent-8.8.jar 
java_command: org.gradle.launcher.daemon.bootstrap.GradleDaemon 8.8
java_class_path (initial): C:\Users\COM\.gradle\wrapper\dists\gradle-8.8-bin\dl7vupf4psengwqhwktix4v1\gradle-8.8\lib\gradle-launcher-8.8.jar
Launcher Type: SUN_STANDARD

[Global flags]
     intx CICompilerCount                          = 4                                         {product} {ergonomic}
   size_t CompressedClassSpaceSize                 = 322961408                                 {product} {ergonomic}
     uint ConcGCThreads                            = 2                                         {product} {ergonomic}
     uint G1ConcRefinementThreads                  = 8                                         {product} {ergonomic}
   size_t G1HeapRegionSize                         = 1048576                                   {product} {ergonomic}
    uintx GCDrainStackTargetSize                   = 64                                        {product} {ergonomic}
     bool HeapDumpOnOutOfMemoryError               = true                                   {manageable} {command line}
   size_t InitialHeapSize                          = 268435456                                 {product} {command line}
   size_t MarkStackSize                            = 4194304                                   {product} {ergonomic}
   size_t MaxHeapSize                              = 536870912                                 {product} {command line}
   size_t MaxMetaspaceSize                         = 402653184                                 {product} {command line}
   size_t MaxNewSize                               = 321912832                                 {product} {ergonomic}
   size_t MinHeapDeltaBytes                        = 1048576                                   {product} {ergonomic}
   size_t MinHeapSize                              = 268435456                                 {product} {command line}
    uintx NonNMethodCodeHeapSize                   = 5839372                                {pd product} {ergonomic}
    uintx NonProfiledCodeHeapSize                  = 122909434                              {pd product} {ergonomic}
    uintx ProfiledCodeHeapSize                     = 122909434                              {pd product} {ergonomic}
    uintx ReservedCodeCacheSize                    = 251658240                              {pd product} {ergonomic}
     bool SegmentedCodeCache                       = true                                      {product} {ergonomic}
   size_t SoftMaxHeapSize                          = 536870912                              {manageable} {ergonomic}
     bool UseCompressedClassPointers               = true                           {product lp64_product} {ergonomic}
     bool UseCompressedOops                        = true                           {product lp64_product} {ergonomic}
     bool UseG1GC                                  = true                                      {product} {ergonomic}
     bool UseLargePagesIndividualAllocation        = false                                  {pd product} {ergonomic}

Logging:
Log output configuration:
 #0: stdout all=warning uptime,level,tags
 #1: stderr all=off uptime,level,tags

Environment Variables:
JAVA_HOME=C:\jdk-17.0.2
PATH=C:\Program Files (x86)\VMware\VMware Workstation\bin\;C:\WINDOWS\system32;C:\WINDOWS;C:\WINDOWS\System32\Wbem;C:\WINDOWS\System32\WindowsPowerShell\v1.0\;C:\WINDOWS\System32\OpenSSH\;C:\jdk-17.0.2\bin;C:\Program Files\Git\cmd;C:\Program Files\nodejs\;C:\Users\COM\AppData\Local\Programs\Python\Python312\Scripts\;C:\Users\COM\AppData\Local\Programs\Python\Python312\;C:\Users\COM\AppData\Local\Microsoft\WindowsApps;C:\Users\COM\Desktop\WEB\Microsoft VS Code\bin;C:\Users\COM\AppData\Roaming\npm
USERNAME=COM
OS=Windows_NT
PROCESSOR_IDENTIFIER=Intel64 Family 6 Model 142 Stepping 12, GenuineIntel



---------------  S Y S T E M  ---------------

OS:
 Windows 10 , 64 bit Build 19041 (10.0.19041.4597)
OS uptime: 2 days 17:13 hours

CPU: total 8 (initial active 8) (4 cores per cpu, 2 threads per core) family 6 model 142 stepping 12 microcode 0xb8, cx8, cmov, fxsr, ht, mmx, 3dnowpref, sse, sse2, sse3, ssse3, sse4.1, sse4.2, popcnt, lzcnt, tsc, tscinvbit, avx, avx2, aes, erms, clmul, bmi1, bmi2, adx, fma, vzeroupper, clflush, clflushopt

Memory: 4k page, system-wide physical 16178M (3372M free)
TotalPageFile size 17714M (AvailPageFile size 4M)
current process WorkingSet (physical memory assigned to process): 216M, peak: 464M
current process commit charge ("private bytes"): 498M, peak: 538M

vm_info: OpenJDK 64-Bit Server VM (17.0.2+8-86) for windows-amd64 JRE (17.0.2+8-86), built on Dec  7 2021 21:49:10 by "mach5one" with MS VC++ 16.8 / 16.9 (VS2019)

END.
