#
# There is insufficient memory for the Java Runtime Environment to continue.
# Native memory allocation (mmap) failed to map 102760448 bytes for G1 virtual space
# Possible reasons:
#   The system is out of physical RAM or swap space
#   The process is running with CompressedOops enabled, and the Java Heap may be blocking the growth of the native heap
# Possible solutions:
#   Reduce memory load on the system
#   Increase physical memory or swap space
#   Check if swap backing store is full
#   Decrease Java heap size (-Xmx/-Xms)
#   Decrease number of Java threads
#   Decrease Java thread stack sizes (-Xss)
#   Set larger code cache with -XX:ReservedCodeCacheSize=
#   JVM is running with Zero Based Compressed Oops mode in which the Java heap is
#     placed in the first 32GB address space. The Java Heap base address is the
#     maximum limit for the native heap growth. Please use -XX:HeapBaseMinAddress
#     to set the Java Heap base and to place the Java Heap above 32GB virtual address.
# This output file may be truncated or incomplete.
#
#  Out of Memory Error (os_windows.cpp:3532), pid=19300, tid=13828
#
# JRE version: OpenJDK Runtime Environment (17.0.2+8) (build 17.0.2+8-86)
# Java VM: OpenJDK 64-Bit Server VM (17.0.2+8-86, mixed mode, sharing, tiered, compressed oops, compressed class ptrs, g1 gc, windows-amd64)
# No core dump will be written. Minidumps are not enabled by default on client versions of Windows
#

---------------  S U M M A R Y ------------

Command Line: -Dfile.encoding=UTF-8 -Duser.country=KR -Duser.language=ko -Duser.variant org.example.fourtreesproject.ProjectApplication

Host: Intel(R) Core(TM) i7-8565U CPU @ 1.80GHz, 8 cores, 15G,  Windows 10 , 64 bit Build 19041 (10.0.19041.4597)
Time: Tue Jul 23 17:08:59 2024  Windows 10 , 64 bit Build 19041 (10.0.19041.4597) elapsed time: 14.561071 seconds (0d 0h 0m 14s)

---------------  T H R E A D  ---------------

Current thread (0x00000208ff26b560):  VMThread "VM Thread" [stack: 0x00000049eec00000,0x00000049eed00000] [id=13828]

Stack: [0x00000049eec00000,0x00000049eed00000]
Native frames: (J=compiled Java code, j=interpreted, Vv=VM code, C=native code)
V  [jvm.dll+0x670baa]
V  [jvm.dll+0x7cfcb4]
V  [jvm.dll+0x7d145e]
V  [jvm.dll+0x7d1ac3]
V  [jvm.dll+0x242bc5]
V  [jvm.dll+0x66dac9]
V  [jvm.dll+0x662412]
V  [jvm.dll+0x300c0b]
V  [jvm.dll+0x3081a6]
V  [jvm.dll+0x357d0e]
V  [jvm.dll+0x357f3f]
V  [jvm.dll+0x2d7ec8]
V  [jvm.dll+0x2d6194]
V  [jvm.dll+0x2d579c]
V  [jvm.dll+0x3190eb]
V  [jvm.dll+0x7d5f9b]
V  [jvm.dll+0x7d6cd4]
V  [jvm.dll+0x7d71ec]
V  [jvm.dll+0x7d75c4]
V  [jvm.dll+0x7d7690]
V  [jvm.dll+0x77ff7a]
V  [jvm.dll+0x66fa35]
C  [ucrtbase.dll+0x21bb2]
C  [KERNEL32.DLL+0x17374]
C  [ntdll.dll+0x4cc91]

VM_Operation (0x00000049f0afdb10): G1CollectForAllocation, mode: safepoint, requested by thread 0x00000208946d1f80


---------------  P R O C E S S  ---------------

Threads class SMR info:
_java_thread_list=0x000002089893e110, length=33, elements={
0x00000208ef5a9ed0, 0x00000208ff270470, 0x00000208ff2711f0, 0x00000208ff2861a0,
0x00000208ff288a70, 0x00000208ff289330, 0x00000208ff296110, 0x00000208ff296db0,
0x00000208ff297760, 0x00000208ffc13860, 0x00000208ffd9b4d0, 0x00000208ffda79e0,
0x0000020895a90240, 0x00000208ffd5c450, 0x00000208952cd040, 0x00000208946cdc20,
0x00000208946cd750, 0x00000208946ce0f0, 0x00000208946cbf40, 0x00000208946d0770,
0x00000208946d1f80, 0x00000208946ccdb0, 0x00000208946d1ab0, 0x00000208946cb5a0,
0x00000208946cf430, 0x00000208946cac00, 0x00000208946ce5c0, 0x00000208946cb0d0,
0x00000208946cba70, 0x00000208946cc410, 0x00000208946cc8e0, 0x00000208946cd280,
0x00000208946d1110
}

Java Threads: ( => current thread )
  0x00000208ef5a9ed0 JavaThread "main" [_thread_blocked, id=21648, stack(0x00000049ee600000,0x00000049ee700000)]
  0x00000208ff270470 JavaThread "Reference Handler" daemon [_thread_blocked, id=17412, stack(0x00000049eed00000,0x00000049eee00000)]
  0x00000208ff2711f0 JavaThread "Finalizer" daemon [_thread_blocked, id=5832, stack(0x00000049eee00000,0x00000049eef00000)]
  0x00000208ff2861a0 JavaThread "Signal Dispatcher" daemon [_thread_blocked, id=21764, stack(0x00000049eef00000,0x00000049ef000000)]
  0x00000208ff288a70 JavaThread "Attach Listener" daemon [_thread_blocked, id=15632, stack(0x00000049ef000000,0x00000049ef100000)]
  0x00000208ff289330 JavaThread "Service Thread" daemon [_thread_blocked, id=18884, stack(0x00000049ef100000,0x00000049ef200000)]
  0x00000208ff296110 JavaThread "Monitor Deflation Thread" daemon [_thread_blocked, id=16320, stack(0x00000049ef200000,0x00000049ef300000)]
  0x00000208ff296db0 JavaThread "C2 CompilerThread0" daemon [_thread_blocked, id=15240, stack(0x00000049ef300000,0x00000049ef400000)]
  0x00000208ff297760 JavaThread "C1 CompilerThread0" daemon [_thread_blocked, id=10664, stack(0x00000049ef400000,0x00000049ef500000)]
  0x00000208ffc13860 JavaThread "Sweeper thread" daemon [_thread_blocked, id=20636, stack(0x00000049ef500000,0x00000049ef600000)]
  0x00000208ffd9b4d0 JavaThread "Notification Thread" daemon [_thread_blocked, id=15416, stack(0x00000049ef600000,0x00000049ef700000)]
  0x00000208ffda79e0 JavaThread "Common-Cleaner" daemon [_thread_blocked, id=19480, stack(0x00000049ef800000,0x00000049ef900000)]
  0x0000020895a90240 JavaThread "HikariPool-1 housekeeper" daemon [_thread_blocked, id=21960, stack(0x00000049eff00000,0x00000049f0000000)]
  0x00000208ffd5c450 JavaThread "C2 CompilerThread1" daemon [_thread_blocked, id=20352, stack(0x00000049ef900000,0x00000049efa00000)]
  0x00000208952cd040 JavaThread "C2 CompilerThread2" daemon [_thread_blocked, id=18828, stack(0x00000049f0500000,0x00000049f0600000)]
  0x00000208946cdc20 JavaThread "Catalina-utility-1" [_thread_blocked, id=14276, stack(0x00000049f0600000,0x00000049f0700000)]
  0x00000208946cd750 JavaThread "Catalina-utility-2" [_thread_blocked, id=19384, stack(0x00000049f0700000,0x00000049f0800000)]
  0x00000208946ce0f0 JavaThread "container-0" [_thread_blocked, id=17444, stack(0x00000049f0800000,0x00000049f0900000)]
  0x00000208946cbf40 JavaThread "java-sdk-http-connection-reaper" daemon [_thread_blocked, id=18356, stack(0x00000049f0400000,0x00000049f0500000)]
  0x00000208946d0770 JavaThread "ClassGraph-worker-56" daemon [_thread_blocked, id=15612, stack(0x00000049f0900000,0x00000049f0a00000)]
  0x00000208946d1f80 JavaThread "ClassGraph-worker-57" daemon [_thread_blocked, id=12984, stack(0x00000049f0a00000,0x00000049f0b00000)]
  0x00000208946ccdb0 JavaThread "ClassGraph-worker-58" daemon [_thread_blocked, id=3076, stack(0x00000049f0b00000,0x00000049f0c00000)]
  0x00000208946d1ab0 JavaThread "ClassGraph-worker-59" daemon [_thread_blocked, id=14260, stack(0x00000049f0c00000,0x00000049f0d00000)]
  0x00000208946cb5a0 JavaThread "ClassGraph-worker-60" daemon [_thread_blocked, id=12408, stack(0x00000049f0d00000,0x00000049f0e00000)]
  0x00000208946cf430 JavaThread "ClassGraph-worker-61" daemon [_thread_blocked, id=3800, stack(0x00000049f0e00000,0x00000049f0f00000)]
  0x00000208946cac00 JavaThread "ClassGraph-worker-62" daemon [_thread_blocked, id=8696, stack(0x00000049f0f00000,0x00000049f1000000)]
  0x00000208946ce5c0 JavaThread "ClassGraph-worker-63" daemon [_thread_blocked, id=13068, stack(0x00000049f1000000,0x00000049f1100000)]
  0x00000208946cb0d0 JavaThread "ClassGraph-worker-64" daemon [_thread_blocked, id=5232, stack(0x00000049f1100000,0x00000049f1200000)]
  0x00000208946cba70 JavaThread "ClassGraph-worker-65" daemon [_thread_blocked, id=20328, stack(0x00000049f1200000,0x00000049f1300000)]
  0x00000208946cc410 JavaThread "ClassGraph-worker-66" daemon [_thread_blocked, id=21528, stack(0x00000049f1300000,0x00000049f1400000)]
  0x00000208946cc8e0 JavaThread "ClassGraph-worker-67" daemon [_thread_blocked, id=5316, stack(0x00000049f1400000,0x00000049f1500000)]
  0x00000208946cd280 JavaThread "ClassGraph-worker-68" daemon [_thread_blocked, id=1352, stack(0x00000049f1500000,0x00000049f1600000)]
  0x00000208946d1110 JavaThread "ClassGraph-worker-69" daemon [_thread_blocked, id=12636, stack(0x00000049f1600000,0x00000049f1700000)]

Other Threads:
=>0x00000208ff26b560 VMThread "VM Thread" [stack: 0x00000049eec00000,0x00000049eed00000] [id=13828]
  0x00000208ef61fe20 WatcherThread [stack: 0x00000049ef700000,0x00000049ef800000] [id=17680]
  0x00000208ef5f9150 GCTaskThread "GC Thread#0" [stack: 0x00000049ee700000,0x00000049ee800000] [id=13668]
  0x000002089380cc50 GCTaskThread "GC Thread#1" [stack: 0x00000049efa00000,0x00000049efb00000] [id=5064]
  0x000002089380cf00 GCTaskThread "GC Thread#2" [stack: 0x00000049efb00000,0x00000049efc00000] [id=11756]
  0x000002089380d1b0 GCTaskThread "GC Thread#3" [stack: 0x00000049efc00000,0x00000049efd00000] [id=11076]
  0x000002089374c2b0 GCTaskThread "GC Thread#4" [stack: 0x00000049efd00000,0x00000049efe00000] [id=7232]
  0x000002089374c560 GCTaskThread "GC Thread#5" [stack: 0x00000049efe00000,0x00000049eff00000] [id=22224]
  0x00000208940807f0 GCTaskThread "GC Thread#6" [stack: 0x00000049f0100000,0x00000049f0200000] [id=8656]
  0x0000020894582480 GCTaskThread "GC Thread#7" [stack: 0x00000049f0000000,0x00000049f0100000] [id=21780]
  0x00000208ef60ac80 ConcurrentGCThread "G1 Main Marker" [stack: 0x00000049ee800000,0x00000049ee900000] [id=22020]
  0x00000208ef60cd50 ConcurrentGCThread "G1 Conc#0" [stack: 0x00000049ee900000,0x00000049eea00000] [id=14008]
  0x0000020895c40310 ConcurrentGCThread "G1 Conc#1" [stack: 0x00000049f0200000,0x00000049f0300000] [id=5796]
  0x00000208ef65d990 ConcurrentGCThread "G1 Refine#0" [stack: 0x00000049eea00000,0x00000049eeb00000] [id=12392]
  0x00000208ef65e2c0 ConcurrentGCThread "G1 Service" [stack: 0x00000049eeb00000,0x00000049eec00000] [id=8844]

Threads with active compile tasks:
C2 CompilerThread0    14586 9197 % !   4       io.github.classgraph.ClasspathElementZip::open @ 548 (1079 bytes)
C2 CompilerThread1    14586 9201   !   4       nonapi.io.github.classgraph.fastzipfilereader.LogicalZipFile::readCentralDirectory (3373 bytes)

VM state: at safepoint (normal execution)

VM Mutex/Monitor currently owned by a thread:  ([mutex/lock_event])
[0x00000208ef5a3d80] Threads_lock - owner thread: 0x00000208ff26b560
[0x00000208ef5a4710] Heap_lock - owner thread: 0x00000208946d1f80

Heap address: 0x0000000703200000, size: 4046 MB, Compressed Oops mode: Zero based, Oop shift amount: 3

CDS archive(s) mapped at: [0x0000000800000000-0x0000000800bc0000-0x0000000800bc0000), size 12320768, SharedBaseAddress: 0x0000000800000000, ArchiveRelocationMode: 0.
Compressed class space mapped at: 0x0000000800c00000-0x0000000840c00000, reserved size: 1073741824
Narrow klass base: 0x0000000800000000, Narrow klass shift: 0, Narrow klass range: 0x100000000

GC Precious Log:
 CPUs: 8 total, 8 available
 Memory: 16178M
 Large Page Support: Disabled
 NUMA Support: Disabled
 Compressed Oops: Enabled (Zero based)
 Heap Region Size: 2M
 Heap Min Capacity: 8M
 Heap Initial Capacity: 254M
 Heap Max Capacity: 4046M
 Pre-touch: Disabled
 Parallel Workers: 8
 Concurrent Workers: 2
 Concurrent Refinement Workers: 8
 Periodic GC: Disabled

Heap:
 garbage-first heap   total 260096K, used 82557K [0x0000000703200000, 0x0000000800000000)
  region size 2048K, 2 young (4096K), 2 survivors (4096K)
 Metaspace       used 85548K, committed 86144K, reserved 1130496K
  class space    used 11545K, committed 11840K, reserved 1048576K

Heap Regions: E=young(eden), S=young(survivor), O=old, HS=humongous(starts), HC=humongous(continues), CS=collection set, F=free, OA=open archive, CA=closed archive, TAMS=top-at-mark-start (previous, next)
|   0|0x0000000703200000, 0x0000000703400000, 0x0000000703400000|100%| O|  |TAMS 0x0000000703400000, 0x0000000703200000| Untracked 
|   1|0x0000000703400000, 0x0000000703600000, 0x0000000703600000|100%| O|  |TAMS 0x0000000703600000, 0x0000000703400000| Untracked 
|   2|0x0000000703600000, 0x0000000703800000, 0x0000000703800000|100%| O|  |TAMS 0x0000000703800000, 0x0000000703600000| Untracked 
|   3|0x0000000703800000, 0x0000000703a00000, 0x0000000703a00000|100%| O|  |TAMS 0x0000000703a00000, 0x0000000703800000| Untracked 
|   4|0x0000000703a00000, 0x0000000703c00000, 0x0000000703c00000|100%| O|  |TAMS 0x0000000703c00000, 0x0000000703a00000| Untracked 
|   5|0x0000000703c00000, 0x0000000703e00000, 0x0000000703e00000|100%| O|  |TAMS 0x0000000703e00000, 0x0000000703c00000| Untracked 
|   6|0x0000000703e00000, 0x0000000704000000, 0x0000000704000000|100%| O|  |TAMS 0x0000000704000000, 0x0000000703e00000| Untracked 
|   7|0x0000000704000000, 0x0000000704200000, 0x0000000704200000|100%| O|  |TAMS 0x0000000704200000, 0x0000000704000000| Untracked 
|   8|0x0000000704200000, 0x0000000704400000, 0x0000000704400000|100%| O|  |TAMS 0x0000000704400000, 0x0000000704200000| Untracked 
|   9|0x0000000704400000, 0x0000000704600000, 0x0000000704600000|100%| O|  |TAMS 0x0000000704600000, 0x0000000704400000| Updating 
|  10|0x0000000704600000, 0x0000000704678e00, 0x0000000704800000| 23%| O|  |TAMS 0x0000000704678e00, 0x0000000704600000| Updating 
|  11|0x0000000704800000, 0x0000000704a00000, 0x0000000704a00000|100%| O|  |TAMS 0x0000000704a00000, 0x0000000704800000| Untracked 
|  12|0x0000000704a00000, 0x0000000704c00000, 0x0000000704c00000|100%| O|  |TAMS 0x0000000704c00000, 0x0000000704a00000| Untracked 
|  13|0x0000000704c00000, 0x0000000704e00000, 0x0000000704e00000|100%| O|  |TAMS 0x0000000704e00000, 0x0000000704c00000| Untracked 
|  14|0x0000000704e00000, 0x0000000705000000, 0x0000000705000000|100%| O|  |TAMS 0x0000000705000000, 0x0000000704e00000| Untracked 
|  15|0x0000000705000000, 0x0000000705200000, 0x0000000705200000|100%| O|  |TAMS 0x0000000705200000, 0x0000000705000000| Untracked 
|  16|0x0000000705200000, 0x0000000705400000, 0x0000000705400000|100%| O|  |TAMS 0x0000000705400000, 0x0000000705200000| Updating 
|  17|0x0000000705400000, 0x0000000705600000, 0x0000000705600000|100%| O|  |TAMS 0x0000000705600000, 0x0000000705400000| Untracked 
|  18|0x0000000705600000, 0x0000000705800000, 0x0000000705800000|100%| O|  |TAMS 0x0000000705800000, 0x0000000705600000| Untracked 
|  19|0x0000000705800000, 0x0000000705a00000, 0x0000000705a00000|100%| O|  |TAMS 0x0000000705a00000, 0x0000000705800000| Untracked 
|  20|0x0000000705a00000, 0x0000000705c00000, 0x0000000705c00000|100%| O|  |TAMS 0x0000000705c00000, 0x0000000705a00000| Updating 
|  21|0x0000000705c00000, 0x0000000705e00000, 0x0000000705e00000|100%| O|  |TAMS 0x0000000705e00000, 0x0000000705c00000| Untracked 
|  22|0x0000000705e00000, 0x0000000706000000, 0x0000000706000000|100%| O|  |TAMS 0x0000000706000000, 0x0000000705e00000| Untracked 
|  23|0x0000000706000000, 0x0000000706200000, 0x0000000706200000|100%| O|  |TAMS 0x0000000706200000, 0x0000000706000000| Updating 
|  24|0x0000000706200000, 0x0000000706400000, 0x0000000706400000|100%| O|  |TAMS 0x0000000706200000, 0x0000000706200000| Untracked 
|  25|0x0000000706400000, 0x0000000706600000, 0x0000000706600000|100%| O|  |TAMS 0x0000000706600000, 0x0000000706400000| Updating 
|  26|0x0000000706600000, 0x0000000706800000, 0x0000000706800000|100%| O|  |TAMS 0x0000000706800000, 0x0000000706600000| Updating 
|  27|0x0000000706800000, 0x0000000706a00000, 0x0000000706a00000|100%| O|  |TAMS 0x0000000706a00000, 0x0000000706800000| Updating 
|  28|0x0000000706a00000, 0x0000000706c00000, 0x0000000706c00000|100%| O|  |TAMS 0x0000000706c00000, 0x0000000706a00000| Updating 
|  29|0x0000000706c00000, 0x0000000706e00000, 0x0000000706e00000|100%| O|  |TAMS 0x0000000706e00000, 0x0000000706c00000| Updating 
|  30|0x0000000706e00000, 0x0000000707000000, 0x0000000707000000|100%| O|  |TAMS 0x0000000707000000, 0x0000000706e00000| Updating 
|  31|0x0000000707000000, 0x0000000707200000, 0x0000000707200000|100%| O|  |TAMS 0x0000000707200000, 0x0000000707000000| Updating 
|  32|0x0000000707200000, 0x0000000707400000, 0x0000000707400000|100%| O|  |TAMS 0x0000000707400000, 0x0000000707200000| Updating 
|  33|0x0000000707400000, 0x0000000707600000, 0x0000000707600000|100%| O|  |TAMS 0x00000007074b5800, 0x0000000707400000| Updating 
|  34|0x0000000707600000, 0x0000000707800000, 0x0000000707800000|100%| O|  |TAMS 0x0000000707600000, 0x0000000707600000| Untracked 
|  35|0x0000000707800000, 0x0000000707a00000, 0x0000000707a00000|100%| O|  |TAMS 0x0000000707800000, 0x0000000707800000| Untracked 
|  36|0x0000000707a00000, 0x0000000707c00000, 0x0000000707c00000|100%| O|  |TAMS 0x0000000707a00000, 0x0000000707a00000| Updating 
|  37|0x0000000707c00000, 0x0000000707e00000, 0x0000000707e00000|100%| O|  |TAMS 0x0000000707c00000, 0x0000000707c00000| Untracked 
|  38|0x0000000707e00000, 0x0000000708000000, 0x0000000708000000|100%| O|  |TAMS 0x0000000707e00000, 0x0000000707e00000| Untracked 
|  39|0x0000000708000000, 0x0000000708026800, 0x0000000708200000|  7%| O|  |TAMS 0x0000000708000000, 0x0000000708000000| Untracked 
|  40|0x0000000708200000, 0x0000000708200000, 0x0000000708400000|  0%| F|  |TAMS 0x0000000708200000, 0x0000000708200000| Untracked 
|  41|0x0000000708400000, 0x0000000708400000, 0x0000000708600000|  0%| F|  |TAMS 0x0000000708400000, 0x0000000708400000| Untracked 
|  42|0x0000000708600000, 0x0000000708600000, 0x0000000708800000|  0%| F|  |TAMS 0x0000000708600000, 0x0000000708600000| Untracked 
|  43|0x0000000708800000, 0x0000000708800000, 0x0000000708a00000|  0%| F|  |TAMS 0x0000000708800000, 0x0000000708800000| Untracked 
|  44|0x0000000708a00000, 0x0000000708a00000, 0x0000000708c00000|  0%| F|  |TAMS 0x0000000708a00000, 0x0000000708a00000| Untracked 
|  45|0x0000000708c00000, 0x0000000708c00000, 0x0000000708e00000|  0%| F|  |TAMS 0x0000000708c00000, 0x0000000708c00000| Untracked 
|  46|0x0000000708e00000, 0x0000000708e00000, 0x0000000709000000|  0%| F|  |TAMS 0x0000000708e00000, 0x0000000708e00000| Untracked 
|  47|0x0000000709000000, 0x0000000709000000, 0x0000000709200000|  0%| F|  |TAMS 0x0000000709000000, 0x0000000709000000| Untracked 
|  48|0x0000000709200000, 0x0000000709200000, 0x0000000709400000|  0%| F|  |TAMS 0x0000000709200000, 0x0000000709200000| Untracked 
|  49|0x0000000709400000, 0x0000000709400000, 0x0000000709600000|  0%| F|  |TAMS 0x0000000709400000, 0x0000000709400000| Untracked 
|  50|0x0000000709600000, 0x0000000709600000, 0x0000000709800000|  0%| F|  |TAMS 0x0000000709600000, 0x0000000709600000| Untracked 
|  51|0x0000000709800000, 0x0000000709800000, 0x0000000709a00000|  0%| F|  |TAMS 0x0000000709800000, 0x0000000709800000| Untracked 
|  52|0x0000000709a00000, 0x0000000709a00000, 0x0000000709c00000|  0%| F|  |TAMS 0x0000000709a00000, 0x0000000709a00000| Untracked 
|  53|0x0000000709c00000, 0x0000000709c00000, 0x0000000709e00000|  0%| F|  |TAMS 0x0000000709c00000, 0x0000000709c00000| Untracked 
|  54|0x0000000709e00000, 0x0000000709e00000, 0x000000070a000000|  0%| F|  |TAMS 0x0000000709e00000, 0x0000000709e00000| Untracked 
|  55|0x000000070a000000, 0x000000070a000000, 0x000000070a200000|  0%| F|  |TAMS 0x000000070a000000, 0x000000070a000000| Untracked 
|  56|0x000000070a200000, 0x000000070a200000, 0x000000070a400000|  0%| F|  |TAMS 0x000000070a200000, 0x000000070a200000| Untracked 
|  57|0x000000070a400000, 0x000000070a400000, 0x000000070a600000|  0%| F|  |TAMS 0x000000070a400000, 0x000000070a400000| Untracked 
|  58|0x000000070a600000, 0x000000070a600000, 0x000000070a800000|  0%| F|  |TAMS 0x000000070a600000, 0x000000070a600000| Untracked 
|  59|0x000000070a800000, 0x000000070a800000, 0x000000070aa00000|  0%| F|  |TAMS 0x000000070a800000, 0x000000070a800000| Untracked 
|  60|0x000000070aa00000, 0x000000070aa00000, 0x000000070ac00000|  0%| F|  |TAMS 0x000000070aa00000, 0x000000070aa00000| Untracked 
|  61|0x000000070ac00000, 0x000000070ac00000, 0x000000070ae00000|  0%| F|  |TAMS 0x000000070ac00000, 0x000000070ac00000| Untracked 
|  62|0x000000070ae00000, 0x000000070ae00000, 0x000000070b000000|  0%| F|  |TAMS 0x000000070ae00000, 0x000000070ae00000| Untracked 
|  63|0x000000070b000000, 0x000000070b200000, 0x000000070b200000|100%| S|CS|TAMS 0x000000070b000000, 0x000000070b000000| Complete 
|  64|0x000000070b200000, 0x000000070b400000, 0x000000070b400000|100%| S|CS|TAMS 0x000000070b200000, 0x000000070b200000| Complete 
|  65|0x000000070b400000, 0x000000070b400000, 0x000000070b600000|  0%| F|  |TAMS 0x000000070b400000, 0x000000070b400000| Untracked 
|  66|0x000000070b600000, 0x000000070b600000, 0x000000070b800000|  0%| F|  |TAMS 0x000000070b600000, 0x000000070b600000| Untracked 
|  67|0x000000070b800000, 0x000000070b800000, 0x000000070ba00000|  0%| F|  |TAMS 0x000000070b800000, 0x000000070b800000| Untracked 
|  68|0x000000070ba00000, 0x000000070ba00000, 0x000000070bc00000|  0%| F|  |TAMS 0x000000070ba00000, 0x000000070ba00000| Untracked 
|  69|0x000000070bc00000, 0x000000070bc00000, 0x000000070be00000|  0%| F|  |TAMS 0x000000070bc00000, 0x000000070bc00000| Untracked 
|  70|0x000000070be00000, 0x000000070be00000, 0x000000070c000000|  0%| F|  |TAMS 0x000000070be00000, 0x000000070be00000| Untracked 
|  71|0x000000070c000000, 0x000000070c000000, 0x000000070c200000|  0%| F|  |TAMS 0x000000070c000000, 0x000000070c000000| Untracked 
|  72|0x000000070c200000, 0x000000070c200000, 0x000000070c400000|  0%| F|  |TAMS 0x000000070c200000, 0x000000070c200000| Untracked 
|  73|0x000000070c400000, 0x000000070c400000, 0x000000070c600000|  0%| F|  |TAMS 0x000000070c400000, 0x000000070c400000| Untracked 
|  74|0x000000070c600000, 0x000000070c600000, 0x000000070c800000|  0%| F|  |TAMS 0x000000070c600000, 0x000000070c600000| Untracked 
|  75|0x000000070c800000, 0x000000070c800000, 0x000000070ca00000|  0%| F|  |TAMS 0x000000070c800000, 0x000000070c800000| Untracked 
|  76|0x000000070ca00000, 0x000000070ca00000, 0x000000070cc00000|  0%| F|  |TAMS 0x000000070ca00000, 0x000000070ca00000| Untracked 
|  77|0x000000070cc00000, 0x000000070cc00000, 0x000000070ce00000|  0%| F|  |TAMS 0x000000070cc00000, 0x000000070cc00000| Untracked 
|  78|0x000000070ce00000, 0x000000070ce00000, 0x000000070d000000|  0%| F|  |TAMS 0x000000070ce00000, 0x000000070ce00000| Untracked 
|  79|0x000000070d000000, 0x000000070d000000, 0x000000070d200000|  0%| F|  |TAMS 0x000000070d000000, 0x000000070d000000| Untracked 
|  80|0x000000070d200000, 0x000000070d200000, 0x000000070d400000|  0%| F|  |TAMS 0x000000070d200000, 0x000000070d200000| Untracked 
|  81|0x000000070d400000, 0x000000070d400000, 0x000000070d600000|  0%| F|  |TAMS 0x000000070d400000, 0x000000070d400000| Untracked 
|  82|0x000000070d600000, 0x000000070d600000, 0x000000070d800000|  0%| F|  |TAMS 0x000000070d600000, 0x000000070d600000| Untracked 
|  83|0x000000070d800000, 0x000000070d800000, 0x000000070da00000|  0%| F|  |TAMS 0x000000070d800000, 0x000000070d800000| Untracked 
|  84|0x000000070da00000, 0x000000070da00000, 0x000000070dc00000|  0%| F|  |TAMS 0x000000070da00000, 0x000000070da00000| Untracked 
|  85|0x000000070dc00000, 0x000000070dc00000, 0x000000070de00000|  0%| F|  |TAMS 0x000000070dc00000, 0x000000070dc00000| Untracked 
|  86|0x000000070de00000, 0x000000070de00000, 0x000000070e000000|  0%| F|  |TAMS 0x000000070de00000, 0x000000070de00000| Untracked 
|  87|0x000000070e000000, 0x000000070e000000, 0x000000070e200000|  0%| F|  |TAMS 0x000000070e000000, 0x000000070e000000| Untracked 
|  88|0x000000070e200000, 0x000000070e200000, 0x000000070e400000|  0%| F|  |TAMS 0x000000070e200000, 0x000000070e200000| Untracked 
|  89|0x000000070e400000, 0x000000070e400000, 0x000000070e600000|  0%| F|  |TAMS 0x000000070e400000, 0x000000070e400000| Untracked 
|  90|0x000000070e600000, 0x000000070e600000, 0x000000070e800000|  0%| F|  |TAMS 0x000000070e600000, 0x000000070e600000| Untracked 
|  91|0x000000070e800000, 0x000000070e800000, 0x000000070ea00000|  0%| F|  |TAMS 0x000000070e800000, 0x000000070e800000| Untracked 
|  92|0x000000070ea00000, 0x000000070ea00000, 0x000000070ec00000|  0%| F|  |TAMS 0x000000070ea00000, 0x000000070ea00000| Untracked 
|  93|0x000000070ec00000, 0x000000070ec00000, 0x000000070ee00000|  0%| F|  |TAMS 0x000000070ec00000, 0x000000070ec00000| Untracked 
|  94|0x000000070ee00000, 0x000000070ee00000, 0x000000070f000000|  0%| F|  |TAMS 0x000000070ee00000, 0x000000070ee00000| Untracked 
|  95|0x000000070f000000, 0x000000070f000000, 0x000000070f200000|  0%| F|  |TAMS 0x000000070f000000, 0x000000070f000000| Untracked 
|  96|0x000000070f200000, 0x000000070f200000, 0x000000070f400000|  0%| F|  |TAMS 0x000000070f200000, 0x000000070f200000| Untracked 
|  97|0x000000070f400000, 0x000000070f400000, 0x000000070f600000|  0%| F|  |TAMS 0x000000070f400000, 0x000000070f400000| Untracked 
|  98|0x000000070f600000, 0x000000070f600000, 0x000000070f800000|  0%| F|  |TAMS 0x000000070f600000, 0x000000070f600000| Untracked 
|  99|0x000000070f800000, 0x000000070f800000, 0x000000070fa00000|  0%| F|  |TAMS 0x000000070f800000, 0x000000070f800000| Untracked 
| 100|0x000000070fa00000, 0x000000070fa00000, 0x000000070fc00000|  0%| F|  |TAMS 0x000000070fa00000, 0x000000070fa00000| Untracked 
| 101|0x000000070fc00000, 0x000000070fc00000, 0x000000070fe00000|  0%| F|  |TAMS 0x000000070fc00000, 0x000000070fc00000| Untracked 
| 102|0x000000070fe00000, 0x000000070fe00000, 0x0000000710000000|  0%| F|  |TAMS 0x000000070fe00000, 0x000000070fe00000| Untracked 
| 103|0x0000000710000000, 0x0000000710000000, 0x0000000710200000|  0%| F|  |TAMS 0x0000000710000000, 0x0000000710000000| Untracked 
| 104|0x0000000710200000, 0x0000000710200000, 0x0000000710400000|  0%| F|  |TAMS 0x0000000710200000, 0x0000000710200000| Untracked 
| 105|0x0000000710400000, 0x0000000710400000, 0x0000000710600000|  0%| F|  |TAMS 0x0000000710400000, 0x0000000710400000| Untracked 
| 106|0x0000000710600000, 0x0000000710600000, 0x0000000710800000|  0%| F|  |TAMS 0x0000000710600000, 0x0000000710600000| Untracked 
| 107|0x0000000710800000, 0x0000000710800000, 0x0000000710a00000|  0%| F|  |TAMS 0x0000000710800000, 0x0000000710800000| Untracked 
| 108|0x0000000710a00000, 0x0000000710a00000, 0x0000000710c00000|  0%| F|  |TAMS 0x0000000710a00000, 0x0000000710a00000| Untracked 
| 109|0x0000000710c00000, 0x0000000710c00000, 0x0000000710e00000|  0%| F|  |TAMS 0x0000000710c00000, 0x0000000710c00000| Untracked 
| 110|0x0000000710e00000, 0x0000000710e00000, 0x0000000711000000|  0%| F|  |TAMS 0x0000000710e00000, 0x0000000710e00000| Untracked 
| 111|0x0000000711000000, 0x0000000711000000, 0x0000000711200000|  0%| F|  |TAMS 0x0000000711000000, 0x0000000711000000| Untracked 
| 112|0x0000000711200000, 0x0000000711200000, 0x0000000711400000|  0%| F|  |TAMS 0x0000000711200000, 0x0000000711200000| Untracked 
| 113|0x0000000711400000, 0x0000000711400000, 0x0000000711600000|  0%| F|  |TAMS 0x0000000711400000, 0x0000000711400000| Untracked 
| 114|0x0000000711600000, 0x0000000711600000, 0x0000000711800000|  0%| F|  |TAMS 0x0000000711600000, 0x0000000711600000| Untracked 
| 115|0x0000000711800000, 0x0000000711800000, 0x0000000711a00000|  0%| F|  |TAMS 0x0000000711800000, 0x0000000711800000| Untracked 
| 116|0x0000000711a00000, 0x0000000711a00000, 0x0000000711c00000|  0%| F|  |TAMS 0x0000000711a00000, 0x0000000711a00000| Untracked 
| 117|0x0000000711c00000, 0x0000000711c00000, 0x0000000711e00000|  0%| F|  |TAMS 0x0000000711c00000, 0x0000000711c00000| Untracked 
| 118|0x0000000711e00000, 0x0000000711e00000, 0x0000000712000000|  0%| F|  |TAMS 0x0000000711e00000, 0x0000000711e00000| Untracked 
| 119|0x0000000712000000, 0x0000000712000000, 0x0000000712200000|  0%| F|  |TAMS 0x0000000712000000, 0x0000000712000000| Untracked 
| 120|0x0000000712200000, 0x0000000712200000, 0x0000000712400000|  0%| F|  |TAMS 0x0000000712200000, 0x0000000712200000| Untracked 
| 121|0x0000000712400000, 0x0000000712400000, 0x0000000712600000|  0%| F|  |TAMS 0x0000000712400000, 0x0000000712400000| Untracked 
| 122|0x0000000712600000, 0x0000000712600000, 0x0000000712800000|  0%| F|  |TAMS 0x0000000712600000, 0x0000000712600000| Untracked 
| 123|0x0000000712800000, 0x0000000712800000, 0x0000000712a00000|  0%| F|  |TAMS 0x0000000712800000, 0x0000000712800000| Untracked 
| 124|0x0000000712a00000, 0x0000000712a00000, 0x0000000712c00000|  0%| F|  |TAMS 0x0000000712a00000, 0x0000000712a00000| Untracked 
| 125|0x0000000712c00000, 0x0000000712c00000, 0x0000000712e00000|  0%| F|  |TAMS 0x0000000712c00000, 0x0000000712c00000| Untracked 
| 126|0x0000000712e00000, 0x0000000712e00000, 0x0000000713000000|  0%| F|  |TAMS 0x0000000712e00000, 0x0000000712e00000| Untracked 

Card table byte_map: [0x00000208f78f0000,0x00000208f80e0000] _byte_map_base: 0x00000208f40d7000

Marking Bits (Prev, Next): (CMBitMap*) 0x00000208ef5fa6c0, (CMBitMap*) 0x00000208ef5fa680
 Prev Bits: [0x000002088f000000, 0x0000020892f38000)
 Next Bits: [0x00000208f88d0000, 0x00000208fc808000)

Polling page: 0x00000208ed570000

Metaspace:

Usage:
  Non-class:     72.27 MB used.
      Class:     11.27 MB used.
       Both:     83.54 MB used.

Virtual space:
  Non-class space:       80.00 MB reserved,      72.56 MB ( 91%) committed,  10 nodes.
      Class space:        1.00 GB reserved,      11.56 MB (  1%) committed,  1 nodes.
             Both:        1.08 GB reserved,      84.12 MB (  8%) committed. 

Chunk freelists:
   Non-Class:  2.58 MB
       Class:  391.00 KB
        Both:  2.96 MB

MaxMetaspaceSize: unlimited
CompressedClassSpaceSize: 1.00 GB
Initial GC threshold: 21.00 MB
Current GC threshold: 140.25 MB
CDS: on
MetaspaceReclaimPolicy: balanced
 - commit_granule_bytes: 65536.
 - commit_granule_words: 8192.
 - virtual_space_node_default_size: 1048576.
 - enlarge_chunks_in_place: 1.
 - new_chunks_are_fully_committed: 0.
 - uncommit_free_chunks: 1.
 - use_allocation_guard: 0.
 - handle_deallocations: 1.


Internal statistics:

num_allocs_failed_limit: 9.
num_arena_births: 962.
num_arena_deaths: 0.
num_vsnodes_births: 11.
num_vsnodes_deaths: 0.
num_space_committed: 1346.
num_space_uncommitted: 0.
num_chunks_returned_to_freelist: 9.
num_chunks_taken_from_freelist: 4156.
num_chunk_merges: 9.
num_chunk_splits: 2995.
num_chunks_enlarged: 2304.
num_purges: 0.
num_inconsistent_stats: 0.

CodeHeap 'non-profiled nmethods': size=120000Kb used=5313Kb max_used=5738Kb free=114686Kb
 bounds [0x0000020887ad0000, 0x0000020888070000, 0x000002088f000000]
CodeHeap 'profiled nmethods': size=120000Kb used=15388Kb max_used=15388Kb free=104611Kb
 bounds [0x00000208805a0000, 0x0000020881510000, 0x0000020887ad0000]
CodeHeap 'non-nmethods': size=5760Kb used=1395Kb max_used=1510Kb free=4364Kb
 bounds [0x0000020880000000, 0x0000020880270000, 0x00000208805a0000]
 total_blobs=8480 nmethods=7752 adapters=639
 compilation: enabled
              stopped_count=0, restarted_count=0
 full_count=0

Compilation events (20 events):
Event: 14.444 Thread 0x00000208ff297760 9193       3       jdk.internal.misc.Unsafe::allocateMemoryChecks (6 bytes)
Event: 14.444 Thread 0x00000208ff297760 nmethod 9193 0x0000020881260e10 code [0x0000020881260fc0, 0x00000208812612a8]
Event: 14.447 Thread 0x00000208ff297760 9194       3       java.util.ComparableTimSort::mergeHi (729 bytes)
Event: 14.450 Thread 0x00000208ff297760 nmethod 9194 0x00000208810a1f10 code [0x00000208810a22c0, 0x00000208810a4bb8]
Event: 14.461 Thread 0x00000208ff296db0 9195 %     4       sun.nio.fs.WindowsPath::hashCode @ 11 (52 bytes)
Event: 14.466 Thread 0x00000208ffd5c450 nmethod 9183 0x0000020887b08190 code [0x0000020887b08380, 0x0000020887b09398]
Event: 14.467 Thread 0x00000208ff297760 9196       3       nonapi.io.github.classgraph.fastzipfilereader.ZipFileSlice::appendPath (39 bytes)
Event: 14.467 Thread 0x00000208ff297760 nmethod 9196 0x0000020880eb2090 code [0x0000020880eb2280, 0x0000020880eb2628]
Event: 14.477 Thread 0x00000208ff296db0 nmethod 9195% 0x0000020887b07510 code [0x0000020887b076c0, 0x0000020887b07e58]
Event: 14.483 Thread 0x00000208ff296db0 9197 % !   4       io.github.classgraph.ClasspathElementZip::open @ 548 (1079 bytes)
Event: 14.494 Thread 0x00000208ff297760 9198       3       nonapi.io.github.classgraph.recycler.Recycler::recycle (67 bytes)
Event: 14.495 Thread 0x00000208ff297760 nmethod 9198 0x0000020880eb1390 code [0x0000020880eb15c0, 0x0000020880eb1e08]
Event: 14.497 Thread 0x00000208ff297760 9199       3       nonapi.io.github.classgraph.fastzipfilereader.FastZipEntry::getSlice (181 bytes)
Event: 14.499 Thread 0x00000208ff297760 nmethod 9199 0x00000208811e2a10 code [0x00000208811e2d40, 0x00000208811e3ec8]
Event: 14.512 Thread 0x00000208ffd5c450 9200       4       sun.nio.fs.WindowsNativeDispatcher::asNativeBuffer (103 bytes)
Event: 14.526 Thread 0x00000208952cd040 nmethod 9104% 0x0000020887d46b90 code [0x0000020887d46f20, 0x0000020887d4bdd0]
Event: 14.527 Thread 0x00000208ffd5c450 nmethod 9200 0x0000020887d45b10 code [0x0000020887d45ce0, 0x0000020887d465a8]
Event: 14.531 Thread 0x00000208ffd5c450 9201   !   4       nonapi.io.github.classgraph.fastzipfilereader.LogicalZipFile::readCentralDirectory (3373 bytes)
Event: 14.535 Thread 0x00000208ff297760 9202       3       java.util.ComparableTimSort::mergeAt (356 bytes)
Event: 14.535 Thread 0x00000208ff297760 nmethod 9202 0x000002088077f010 code [0x000002088077f240, 0x000002088077fa78]

GC Heap History (20 events):
Event: 8.190 GC heap after
{Heap after GC invocations=14 (full 0):
 garbage-first heap   total 96256K, used 29215K [0x0000000703200000, 0x0000000800000000)
  region size 2048K, 3 young (6144K), 3 survivors (6144K)
 Metaspace       used 59751K, committed 60288K, reserved 1105920K
  class space    used 8082K, committed 8384K, reserved 1048576K
}
Event: 9.346 GC heap before
{Heap before GC invocations=15 (full 0):
 garbage-first heap   total 96256K, used 70175K [0x0000000703200000, 0x0000000800000000)
  region size 2048K, 24 young (49152K), 3 survivors (6144K)
 Metaspace       used 65918K, committed 66432K, reserved 1105920K
  class space    used 9056K, committed 9344K, reserved 1048576K
}
Event: 9.364 GC heap after
{Heap after GC invocations=16 (full 0):
 garbage-first heap   total 96256K, used 33401K [0x0000000703200000, 0x0000000800000000)
  region size 2048K, 3 young (6144K), 3 survivors (6144K)
 Metaspace       used 65918K, committed 66432K, reserved 1105920K
  class space    used 9056K, committed 9344K, reserved 1048576K
}
Event: 10.376 GC heap before
{Heap before GC invocations=16 (full 0):
 garbage-first heap   total 96256K, used 70265K [0x0000000703200000, 0x0000000800000000)
  region size 2048K, 22 young (45056K), 3 survivors (6144K)
 Metaspace       used 70057K, committed 70592K, reserved 1114112K
  class space    used 9731K, committed 9984K, reserved 1048576K
}
Event: 10.384 GC heap after
{Heap after GC invocations=17 (full 0):
 garbage-first heap   total 116736K, used 36738K [0x0000000703200000, 0x0000000800000000)
  region size 2048K, 2 young (4096K), 2 survivors (4096K)
 Metaspace       used 70057K, committed 70592K, reserved 1114112K
  class space    used 9731K, committed 9984K, reserved 1048576K
}
Event: 11.615 GC heap before
{Heap before GC invocations=17 (full 0):
 garbage-first heap   total 116736K, used 89986K [0x0000000703200000, 0x0000000800000000)
  region size 2048K, 28 young (57344K), 2 survivors (4096K)
 Metaspace       used 76405K, committed 76992K, reserved 1122304K
  class space    used 10533K, committed 10816K, reserved 1048576K
}
Event: 11.623 GC heap after
{Heap after GC invocations=18 (full 0):
 garbage-first heap   total 116736K, used 40192K [0x0000000703200000, 0x0000000800000000)
  region size 2048K, 4 young (8192K), 4 survivors (8192K)
 Metaspace       used 76405K, committed 76992K, reserved 1122304K
  class space    used 10533K, committed 10816K, reserved 1048576K
}
Event: 12.328 GC heap before
{Heap before GC invocations=18 (full 0):
 garbage-first heap   total 116736K, used 87296K [0x0000000703200000, 0x0000000800000000)
  region size 2048K, 28 young (57344K), 4 survivors (8192K)
 Metaspace       used 80005K, committed 80576K, reserved 1122304K
  class space    used 10863K, committed 11136K, reserved 1048576K
}
Event: 12.336 GC heap after
{Heap after GC invocations=19 (full 0):
 garbage-first heap   total 116736K, used 43303K [0x0000000703200000, 0x0000000800000000)
  region size 2048K, 2 young (4096K), 2 survivors (4096K)
 Metaspace       used 80005K, committed 80576K, reserved 1122304K
  class space    used 10863K, committed 11136K, reserved 1048576K
}
Event: 13.528 GC heap before
{Heap before GC invocations=19 (full 0):
 garbage-first heap   total 116736K, used 88359K [0x0000000703200000, 0x0000000800000000)
  region size 2048K, 24 young (49152K), 2 survivors (4096K)
 Metaspace       used 85013K, committed 85696K, reserved 1130496K
  class space    used 11513K, committed 11840K, reserved 1048576K
}
Event: 13.535 GC heap after
{Heap after GC invocations=20 (full 0):
 garbage-first heap   total 116736K, used 47277K [0x0000000703200000, 0x0000000800000000)
  region size 2048K, 3 young (6144K), 3 survivors (6144K)
 Metaspace       used 85013K, committed 85696K, reserved 1130496K
  class space    used 11513K, committed 11840K, reserved 1048576K
}
Event: 13.825 GC heap before
{Heap before GC invocations=20 (full 0):
 garbage-first heap   total 116736K, used 88237K [0x0000000703200000, 0x0000000800000000)
  region size 2048K, 24 young (49152K), 3 survivors (6144K)
 Metaspace       used 85327K, committed 85952K, reserved 1130496K
  class space    used 11531K, committed 11840K, reserved 1048576K
}
Event: 13.835 GC heap after
{Heap after GC invocations=21 (full 0):
 garbage-first heap   total 116736K, used 56190K [0x0000000703200000, 0x0000000800000000)
  region size 2048K, 3 young (6144K), 3 survivors (6144K)
 Metaspace       used 85327K, committed 85952K, reserved 1130496K
  class space    used 11531K, committed 11840K, reserved 1048576K
}
Event: 14.066 GC heap before
{Heap before GC invocations=21 (full 0):
 garbage-first heap   total 116736K, used 84862K [0x0000000703200000, 0x0000000800000000)
  region size 2048K, 18 young (36864K), 3 survivors (6144K)
 Metaspace       used 85507K, committed 86144K, reserved 1130496K
  class space    used 11545K, committed 11840K, reserved 1048576K
}
Event: 14.075 GC heap after
{Heap after GC invocations=22 (full 0):
 garbage-first heap   total 116736K, used 64312K [0x0000000703200000, 0x0000000800000000)
  region size 2048K, 3 young (6144K), 3 survivors (6144K)
 Metaspace       used 85507K, committed 86144K, reserved 1130496K
  class space    used 11545K, committed 11840K, reserved 1048576K
}
Event: 14.218 GC heap before
{Heap before GC invocations=23 (full 0):
 garbage-first heap   total 137216K, used 86840K [0x0000000703200000, 0x0000000800000000)
  region size 2048K, 14 young (28672K), 3 survivors (6144K)
 Metaspace       used 85523K, committed 86144K, reserved 1130496K
  class space    used 11545K, committed 11840K, reserved 1048576K
}
Event: 14.226 GC heap after
{Heap after GC invocations=24 (full 0):
 garbage-first heap   total 137216K, used 70841K [0x0000000703200000, 0x0000000800000000)
  region size 2048K, 2 young (4096K), 2 survivors (4096K)
 Metaspace       used 85523K, committed 86144K, reserved 1130496K
  class space    used 11545K, committed 11840K, reserved 1048576K
}
Event: 14.411 GC heap before
{Heap before GC invocations=24 (full 0):
 garbage-first heap   total 137216K, used 101561K [0x0000000703200000, 0x0000000800000000)
  region size 2048K, 17 young (34816K), 2 survivors (4096K)
 Metaspace       used 85543K, committed 86144K, reserved 1130496K
  class space    used 11545K, committed 11840K, reserved 1048576K
}
Event: 14.419 GC heap after
{Heap after GC invocations=25 (full 0):
 garbage-first heap   total 137216K, used 79426K [0x0000000703200000, 0x0000000800000000)
  region size 2048K, 3 young (6144K), 3 survivors (6144K)
 Metaspace       used 85543K, committed 86144K, reserved 1130496K
  class space    used 11545K, committed 11840K, reserved 1048576K
}
Event: 14.550 GC heap before
{Heap before GC invocations=25 (full 0):
 garbage-first heap   total 153600K, used 97858K [0x0000000703200000, 0x0000000800000000)
  region size 2048K, 14 young (28672K), 3 survivors (6144K)
 Metaspace       used 85548K, committed 86144K, reserved 1130496K
  class space    used 11545K, committed 11840K, reserved 1048576K
}

Deoptimization events (20 events):
Event: 14.257 Thread 0x00000208946ccdb0 DEOPT PACKING pc=0x0000020880c4d46f sp=0x00000049f13fe310
Event: 14.257 Thread 0x00000208946ccdb0 DEOPT UNPACKING pc=0x0000020880052b43 sp=0x00000049f13fd878 mode 0
Event: 14.301 Thread 0x00000208946d0c40 DEOPT PACKING pc=0x0000020880a747e8 sp=0x00000049f10fe500
Event: 14.301 Thread 0x00000208946d0c40 DEOPT UNPACKING pc=0x0000020880052b43 sp=0x00000049f10fd9f8 mode 0
Event: 14.310 Thread 0x00000208946d1ab0 Uncommon trap: trap_request=0xffffff45 fr.pc=0x0000020887b7536c relative=0x0000000000000ecc
Event: 14.310 Thread 0x00000208946d1ab0 Uncommon trap: reason=unstable_if action=reinterpret pc=0x0000020887b7536c method=io.github.classgraph.ClasspathElementZip.open(Lnonapi/io/github/classgraph/concurrency/WorkQueue;Lnonapi/io/github/classgraph/utils/LogNode;)V @ 906 c2
Event: 14.310 Thread 0x00000208946d1ab0 DEOPT PACKING pc=0x0000020887b7536c sp=0x00000049f09febd0
Event: 14.310 Thread 0x00000208946d1ab0 DEOPT UNPACKING pc=0x00000208800523a3 sp=0x00000049f09feb40 mode 2
Event: 14.368 Thread 0x00000208ef5a9ed0 Uncommon trap: trap_request=0xffffffde fr.pc=0x0000020887bfd808 relative=0x0000000000000fe8
Event: 14.368 Thread 0x00000208ef5a9ed0 Uncommon trap: reason=class_check action=maybe_recompile pc=0x0000020887bfd808 method=java.util.Properties$LineReader.readLine()I @ 479 c2
Event: 14.369 Thread 0x00000208ef5a9ed0 DEOPT PACKING pc=0x0000020887bfd808 sp=0x00000049ee6faa10
Event: 14.369 Thread 0x00000208ef5a9ed0 DEOPT UNPACKING pc=0x00000208800523a3 sp=0x00000049ee6fa9b0 mode 2
Event: 14.423 Thread 0x00000208946d1ab0 DEOPT PACKING pc=0x0000020881509e29 sp=0x00000049f0cfee20
Event: 14.423 Thread 0x00000208946d1ab0 DEOPT UNPACKING pc=0x0000020880052b43 sp=0x00000049f0cfe4b8 mode 0
Event: 14.451 Thread 0x00000208946cf430 DEOPT PACKING pc=0x0000020881509e29 sp=0x00000049f0efe890
Event: 14.451 Thread 0x00000208946cf430 DEOPT UNPACKING pc=0x0000020880052b43 sp=0x00000049f0efdf28 mode 0
Event: 14.475 Thread 0x00000208946ccdb0 DEOPT PACKING pc=0x0000020881509e29 sp=0x00000049f0bfe980
Event: 14.475 Thread 0x00000208946ccdb0 DEOPT UNPACKING pc=0x0000020880052b43 sp=0x00000049f0bfe018 mode 0
Event: 14.531 Thread 0x00000208946cac00 DEOPT PACKING pc=0x00000208814ba25a sp=0x00000049f0ffdc20
Event: 14.532 Thread 0x00000208946cac00 DEOPT UNPACKING pc=0x0000020880052b43 sp=0x00000049f0ffd458 mode 0

Classes unloaded (0 events):
No events

Classes redefined (0 events):
No events

Internal exceptions (20 events):
Event: 14.405 Thread 0x00000208946d1f80 Exception <a 'sun/nio/fs/WindowsException'{0x000000070976c9c8}> (0x000000070976c9c8) 
thrown [t:\workspace\open\src\hotspot\share\prims\jni.cpp, line 516]
Event: 14.405 Thread 0x00000208946ccdb0 Exception <a 'sun/nio/fs/WindowsException'{0x0000000709777040}> (0x0000000709777040) 
thrown [t:\workspace\open\src\hotspot\share\prims\jni.cpp, line 516]
Event: 14.405 Thread 0x00000208946d1f80 Exception <a 'sun/nio/fs/WindowsException'{0x000000070976d2d0}> (0x000000070976d2d0) 
thrown [t:\workspace\open\src\hotspot\share\prims\jni.cpp, line 516]
Event: 14.405 Thread 0x00000208946ccdb0 Exception <a 'sun/nio/fs/WindowsException'{0x0000000709777920}> (0x0000000709777920) 
thrown [t:\workspace\open\src\hotspot\share\prims\jni.cpp, line 516]
Event: 14.406 Thread 0x00000208946ccdb0 Exception <a 'sun/nio/fs/WindowsException'{0x0000000709777bc0}> (0x0000000709777bc0) 
thrown [t:\workspace\open\src\hotspot\share\prims\jni.cpp, line 516]
Event: 14.406 Thread 0x00000208946ccdb0 Exception <a 'sun/nio/fs/WindowsException'{0x00000007097784a0}> (0x00000007097784a0) 
thrown [t:\workspace\open\src\hotspot\share\prims\jni.cpp, line 516]
Event: 14.406 Thread 0x00000208946ccdb0 Exception <a 'sun/nio/fs/WindowsException'{0x0000000709778730}> (0x0000000709778730) 
thrown [t:\workspace\open\src\hotspot\share\prims\jni.cpp, line 516]
Event: 14.406 Thread 0x00000208946ccdb0 Exception <a 'sun/nio/fs/WindowsException'{0x0000000709779010}> (0x0000000709779010) 
thrown [t:\workspace\open\src\hotspot\share\prims\jni.cpp, line 516]
Event: 14.406 Thread 0x00000208946ccdb0 Exception <a 'sun/nio/fs/WindowsException'{0x00000007097792b0}> (0x00000007097792b0) 
thrown [t:\workspace\open\src\hotspot\share\prims\jni.cpp, line 516]
Event: 14.406 Thread 0x00000208946ccdb0 Exception <a 'sun/nio/fs/WindowsException'{0x0000000709779bb8}> (0x0000000709779bb8) 
thrown [t:\workspace\open\src\hotspot\share\prims\jni.cpp, line 516]
Event: 14.406 Thread 0x00000208946ccdb0 Exception <a 'sun/nio/fs/WindowsException'{0x0000000709779e78}> (0x0000000709779e78) 
thrown [t:\workspace\open\src\hotspot\share\prims\jni.cpp, line 516]
Event: 14.406 Thread 0x00000208946ccdb0 Exception <a 'sun/nio/fs/WindowsException'{0x000000070977a790}> (0x000000070977a790) 
thrown [t:\workspace\open\src\hotspot\share\prims\jni.cpp, line 516]
Event: 14.407 Thread 0x00000208946ccdb0 Exception <a 'sun/nio/fs/WindowsException'{0x000000070977aa60}> (0x000000070977aa60) 
thrown [t:\workspace\open\src\hotspot\share\prims\jni.cpp, line 516]
Event: 14.407 Thread 0x00000208946ccdb0 Exception <a 'sun/nio/fs/WindowsException'{0x000000070977b368}> (0x000000070977b368) 
thrown [t:\workspace\open\src\hotspot\share\prims\jni.cpp, line 516]
Event: 14.407 Thread 0x00000208946ccdb0 Exception <a 'sun/nio/fs/WindowsException'{0x000000070977b638}> (0x000000070977b638) 
thrown [t:\workspace\open\src\hotspot\share\prims\jni.cpp, line 516]
Event: 14.409 Thread 0x00000208946d1f80 Exception <a 'sun/nio/fs/WindowsException'{0x000000070976d5a0}> (0x000000070976d5a0) 
thrown [t:\workspace\open\src\hotspot\share\prims\jni.cpp, line 516]
Event: 14.410 Thread 0x00000208946d1f80 Exception <a 'sun/nio/fs/WindowsException'{0x000000070976deb8}> (0x000000070976deb8) 
thrown [t:\workspace\open\src\hotspot\share\prims\jni.cpp, line 516]
Event: 14.410 Thread 0x00000208946d1f80 Exception <a 'sun/nio/fs/WindowsException'{0x000000070976e1a0}> (0x000000070976e1a0) 
thrown [t:\workspace\open\src\hotspot\share\prims\jni.cpp, line 516]
Event: 14.410 Thread 0x00000208946d1f80 Exception <a 'sun/nio/fs/WindowsException'{0x000000070976eab0}> (0x000000070976eab0) 
thrown [t:\workspace\open\src\hotspot\share\prims\jni.cpp, line 516]
Event: 14.410 Thread 0x00000208946d1f80 Exception <a 'sun/nio/fs/WindowsException'{0x000000070976ed90}> (0x000000070976ed90) 
thrown [t:\workspace\open\src\hotspot\share\prims\jni.cpp, line 516]

VM Operations (20 events):
Event: 13.576 Executing VM operation: ICBufferFull done
Event: 13.824 Executing VM operation: G1CollectForAllocation
Event: 13.837 Executing VM operation: G1CollectForAllocation done
Event: 13.946 Executing VM operation: HandshakeAllThreads
Event: 13.946 Executing VM operation: HandshakeAllThreads done
Event: 14.066 Executing VM operation: G1CollectForAllocation
Event: 14.078 Executing VM operation: G1CollectForAllocation done
Event: 14.165 Executing VM operation: G1Concurrent
Event: 14.171 Executing VM operation: G1Concurrent done
Event: 14.212 Executing VM operation: G1Concurrent
Event: 14.215 Executing VM operation: G1Concurrent done
Event: 14.218 Executing VM operation: G1CollectForAllocation
Event: 14.218 Executing VM operation: G1CollectForAllocation done
Event: 14.218 Executing VM operation: G1CollectForAllocation
Event: 14.226 Executing VM operation: G1CollectForAllocation done
Event: 14.410 Executing VM operation: G1CollectForAllocation
Event: 14.420 Executing VM operation: G1CollectForAllocation done
Event: 14.506 Executing VM operation: G1Concurrent
Event: 14.515 Executing VM operation: G1Concurrent done
Event: 14.544 Executing VM operation: G1CollectForAllocation

Events (20 events):
Event: 14.368 Thread 0x00000208946d0770 Thread exited: 0x00000208946d0770
Event: 14.368 Thread 0x00000208946cb5a0 Thread exited: 0x00000208946cb5a0
Event: 14.368 Thread 0x00000208946d1f80 Thread exited: 0x00000208946d1f80
Event: 14.368 Thread 0x00000208946cf430 Thread exited: 0x00000208946cf430
Event: 14.368 Thread 0x00000208946ce5c0 Thread exited: 0x00000208946ce5c0
Event: 14.368 Thread 0x00000208946d15e0 Thread exited: 0x00000208946d15e0
Event: 14.399 Thread 0x00000208946d0770 Thread added: 0x00000208946d0770
Event: 14.400 Thread 0x00000208946d1f80 Thread added: 0x00000208946d1f80
Event: 14.400 Thread 0x00000208946ccdb0 Thread added: 0x00000208946ccdb0
Event: 14.400 Thread 0x00000208946d1ab0 Thread added: 0x00000208946d1ab0
Event: 14.400 Thread 0x00000208946cb5a0 Thread added: 0x00000208946cb5a0
Event: 14.400 Thread 0x00000208946cf430 Thread added: 0x00000208946cf430
Event: 14.401 Thread 0x00000208946cac00 Thread added: 0x00000208946cac00
Event: 14.401 Thread 0x00000208946ce5c0 Thread added: 0x00000208946ce5c0
Event: 14.401 Thread 0x00000208946cb0d0 Thread added: 0x00000208946cb0d0
Event: 14.401 Thread 0x00000208946cba70 Thread added: 0x00000208946cba70
Event: 14.401 Thread 0x00000208946cc410 Thread added: 0x00000208946cc410
Event: 14.401 Thread 0x00000208946cc8e0 Thread added: 0x00000208946cc8e0
Event: 14.401 Thread 0x00000208946cd280 Thread added: 0x00000208946cd280
Event: 14.402 Thread 0x00000208946d1110 Thread added: 0x00000208946d1110


Dynamic libraries:
0x00007ff620060000 - 0x00007ff62006e000 	C:\jdk-17.0.2\bin\java.exe
0x00007fffc5d50000 - 0x00007fffc5f48000 	C:\WINDOWS\SYSTEM32\ntdll.dll
0x00007fffc5a80000 - 0x00007fffc5b41000 	C:\WINDOWS\System32\KERNEL32.DLL
0x00007fffc3970000 - 0x00007fffc3c66000 	C:\WINDOWS\System32\KERNELBASE.dll
0x00007fffc3870000 - 0x00007fffc3970000 	C:\WINDOWS\System32\ucrtbase.dll
0x00007fffbc6c0000 - 0x00007fffbc6d8000 	C:\jdk-17.0.2\bin\jli.dll
0x00007fffbc6a0000 - 0x00007fffbc6ba000 	C:\jdk-17.0.2\bin\VCRUNTIME140.dll
0x00007fffc5130000 - 0x00007fffc52cf000 	C:\WINDOWS\System32\USER32.dll
0x00007fffc3840000 - 0x00007fffc3862000 	C:\WINDOWS\System32\win32u.dll
0x00007fffc3fc0000 - 0x00007fffc3feb000 	C:\WINDOWS\System32\GDI32.dll
0x00007fffa72d0000 - 0x00007fffa756a000 	C:\WINDOWS\WinSxS\amd64_microsoft.windows.common-controls_6595b64144ccf1df_6.0.19041.4355_none_60b8b9eb71f62e16\COMCTL32.dll
0x00007fffc3720000 - 0x00007fffc3837000 	C:\WINDOWS\System32\gdi32full.dll
0x00007fffc3680000 - 0x00007fffc371d000 	C:\WINDOWS\System32\msvcp_win.dll
0x00007fffc5750000 - 0x00007fffc57ee000 	C:\WINDOWS\System32\msvcrt.dll
0x00007fffc5030000 - 0x00007fffc505f000 	C:\WINDOWS\System32\IMM32.DLL
0x00007fffbf2e0000 - 0x00007fffbf2ec000 	C:\jdk-17.0.2\bin\vcruntime140_1.dll
0x00007fffbc610000 - 0x00007fffbc69d000 	C:\jdk-17.0.2\bin\msvcp140.dll
0x00007fff5aca0000 - 0x00007fff5b861000 	C:\jdk-17.0.2\bin\server\jvm.dll
0x00007fffc5b50000 - 0x00007fffc5c00000 	C:\WINDOWS\System32\ADVAPI32.dll
0x00007fffc3de0000 - 0x00007fffc3e80000 	C:\WINDOWS\System32\sechost.dll
0x00007fffc5950000 - 0x00007fffc5a73000 	C:\WINDOWS\System32\RPCRT4.dll
0x00007fffc3c70000 - 0x00007fffc3c97000 	C:\WINDOWS\System32\bcrypt.dll
0x00007fffc52d0000 - 0x00007fffc52d8000 	C:\WINDOWS\System32\PSAPI.DLL
0x00007fffbf380000 - 0x00007fffbf389000 	C:\WINDOWS\SYSTEM32\WSOCK32.dll
0x00007fffadaf0000 - 0x00007fffadb17000 	C:\WINDOWS\SYSTEM32\WINMM.dll
0x00007fffbb340000 - 0x00007fffbb34a000 	C:\WINDOWS\SYSTEM32\VERSION.dll
0x00007fffc4fc0000 - 0x00007fffc502b000 	C:\WINDOWS\System32\WS2_32.dll
0x00007fffc1c10000 - 0x00007fffc1c22000 	C:\WINDOWS\SYSTEM32\kernel.appcore.dll
0x00007fffbc750000 - 0x00007fffbc75a000 	C:\jdk-17.0.2\bin\jimage.dll
0x00007fffc0fe0000 - 0x00007fffc11c4000 	C:\WINDOWS\SYSTEM32\DBGHELP.DLL
0x00007fffc0fa0000 - 0x00007fffc0fd4000 	C:\WINDOWS\SYSTEM32\dbgcore.DLL
0x00007fffc3cf0000 - 0x00007fffc3d72000 	C:\WINDOWS\System32\bcryptPrimitives.dll
0x00007fffbc5e0000 - 0x00007fffbc605000 	C:\jdk-17.0.2\bin\java.dll
0x00007fff6e850000 - 0x00007fff6e926000 	C:\jdk-17.0.2\bin\jsvml.dll
0x00007fffc47d0000 - 0x00007fffc4f3c000 	C:\WINDOWS\System32\SHELL32.dll
0x00007fffc1460000 - 0x00007fffc1bfe000 	C:\WINDOWS\SYSTEM32\windows.storage.dll
0x00007fffc4180000 - 0x00007fffc44d3000 	C:\WINDOWS\System32\combase.dll
0x00007fffc2d50000 - 0x00007fffc2d7e000 	C:\WINDOWS\SYSTEM32\Wldp.dll
0x00007fffc5060000 - 0x00007fffc512d000 	C:\WINDOWS\System32\OLEAUT32.dll
0x00007fffc57f0000 - 0x00007fffc589d000 	C:\WINDOWS\System32\SHCORE.dll
0x00007fffc3f60000 - 0x00007fffc3fb5000 	C:\WINDOWS\System32\shlwapi.dll
0x00007fffc3330000 - 0x00007fffc3354000 	C:\WINDOWS\SYSTEM32\profapi.dll
0x00007fff9c550000 - 0x00007fff9c569000 	C:\jdk-17.0.2\bin\net.dll
0x00007fffc0bf0000 - 0x00007fffc0cfa000 	C:\WINDOWS\SYSTEM32\WINHTTP.dll
0x00007fffc2ab0000 - 0x00007fffc2b1a000 	C:\WINDOWS\system32\mswsock.dll
0x00007fff98ea0000 - 0x00007fff98eb6000 	C:\jdk-17.0.2\bin\nio.dll
0x00007fffb3d50000 - 0x00007fffb3d68000 	C:\jdk-17.0.2\bin\zip.dll
0x00007fff9e500000 - 0x00007fff9e510000 	C:\jdk-17.0.2\bin\verify.dll
0x00007fff9c490000 - 0x00007fff9c49e000 	C:\jdk-17.0.2\bin\sunmscapi.dll
0x00007fffc3470000 - 0x00007fffc35ce000 	C:\WINDOWS\System32\CRYPT32.dll
0x00007fffc2dc0000 - 0x00007fffc2de9000 	C:\WINDOWS\SYSTEM32\ncrypt.dll
0x00007fffc2d80000 - 0x00007fffc2dbb000 	C:\WINDOWS\SYSTEM32\NTASN1.dll
0x00007fffc2ca0000 - 0x00007fffc2cb8000 	C:\WINDOWS\SYSTEM32\CRYPTSP.dll
0x00007fffc23d0000 - 0x00007fffc2404000 	C:\WINDOWS\system32\rsaenh.dll
0x00007fffc32e0000 - 0x00007fffc330e000 	C:\WINDOWS\SYSTEM32\USERENV.dll
0x00007fffc2cc0000 - 0x00007fffc2ccc000 	C:\WINDOWS\SYSTEM32\CRYPTBASE.dll
0x00007fffc2790000 - 0x00007fffc27cb000 	C:\WINDOWS\SYSTEM32\IPHLPAPI.DLL
0x00007fffc47c0000 - 0x00007fffc47c8000 	C:\WINDOWS\System32\NSI.dll
0x00007fffbb920000 - 0x00007fffbb937000 	C:\WINDOWS\SYSTEM32\dhcpcsvc6.DLL
0x00007fffbb850000 - 0x00007fffbb86d000 	C:\WINDOWS\SYSTEM32\dhcpcsvc.DLL
0x00007fffc27d0000 - 0x00007fffc289a000 	C:\WINDOWS\SYSTEM32\DNSAPI.dll
0x00007fff9e1d0000 - 0x00007fff9e1d9000 	C:\jdk-17.0.2\bin\management.dll
0x00007fff9dca0000 - 0x00007fff9dcab000 	C:\jdk-17.0.2\bin\management_ext.dll

dbghelp: loaded successfully - version: 4.0.5 - missing functions: none
symbol engine: initialized successfully - sym options: 0x614 - pdb path: .;C:\jdk-17.0.2\bin;C:\WINDOWS\SYSTEM32;C:\WINDOWS\WinSxS\amd64_microsoft.windows.common-controls_6595b64144ccf1df_6.0.19041.4355_none_60b8b9eb71f62e16;C:\jdk-17.0.2\bin\server

VM Arguments:
jvm_args: -Dfile.encoding=UTF-8 -Duser.country=KR -Duser.language=ko -Duser.variant 
java_command: org.example.fourtreesproject.ProjectApplication
java_class_path (initial): C:\be06-2nd-4TREES-0909\project\build\classes\java\main;C:\be06-2nd-4TREES-0909\project\build\resources\main;C:\Users\COM\.gradle\caches\modules-2\files-2.1\org.springdoc\springdoc-openapi-starter-webmvc-ui\2.0.2\264da79c9d4a53feab8c5c6d0e0cb143bd099d4\springdoc-openapi-starter-webmvc-ui-2.0.2.jar;C:\Users\COM\.gradle\caches\modules-2\files-2.1\org.springframework.boot\spring-boot-starter-web\3.3.1\ec812e82a010d089438b6ac98ebe294f2e540f71\spring-boot-starter-web-3.3.1.jar;C:\Users\COM\.gradle\caches\modules-2\files-2.1\org.springframework.boot\spring-boot-starter-security\3.3.1\8bd079c5339fc519fce243858cb3db819a983e9b\spring-boot-starter-security-3.3.1.jar;C:\Users\COM\.gradle\caches\modules-2\files-2.1\org.springframework.boot\spring-boot-starter-mail\3.3.1\e7eb808264e0a80457766afb0c552806fc30918e\spring-boot-starter-mail-3.3.1.jar;C:\Users\COM\.gradle\caches\modules-2\files-2.1\org.springframework.boot\spring-boot-starter-json\3.3.1\b78d1ce67c3a44e8a2c2799b70e8c216166d0f5b\spring-boot-starter-json-3.3.1.jar;C:\Users\COM\.gradle\caches\modules-2\files-2.1\org.springframework.boot\spring-boot-starter-data-jpa\3.3.1\f12725d58a944eaf4d44334a6a7b0fe14ed08577\spring-boot-starter-data-jpa-3.3.1.jar;C:\Users\COM\.gradle\caches\modules-2\files-2.1\org.springframework.boot\spring-boot-starter-aop\3.3.1\19da2c8abacda5bed6fadfe3e76e4b61e9cc0f09\spring-boot-starter-aop-3.3.1.jar;C:\Users\COM\.gradle\caches\modules-2\files-2.1\org.springframework.boot\spring-boot-starter-jdbc\3.3.1\73e79247180d277b68801ff5f4f9e9ab66210335\spring-boot-starter-jdbc-3.3.1.jar;C:\Users\COM\.gradle\caches\modules-2\files-2.1\org.springframework.boot\spring-boot-starter\3.3.1\30e0ac13cfa51c77db60909ea28572a1e973f186\spring-boot-starter-3.3.1.jar;C:\Users\COM\.gradle\caches\modules-2\files-2.1\org.springframework.security\spring-security-oauth2-client\6.3.1\395023fa3fd09e51d39f36bcb60050f22ae4757d\spring-security-oauth2-client-6.3.1.jar;C:\Users\COM\.gradle\caches\modules-
Launcher Type: SUN_STANDARD

[Global flags]
     intx CICompilerCount                          = 4                                         {product} {ergonomic}
     uint ConcGCThreads                            = 2                                         {product} {ergonomic}
     uint G1ConcRefinementThreads                  = 8                                         {product} {ergonomic}
   size_t G1HeapRegionSize                         = 2097152                                   {product} {ergonomic}
    uintx GCDrainStackTargetSize                   = 64                                        {product} {ergonomic}
   size_t InitialHeapSize                          = 266338304                                 {product} {ergonomic}
   size_t MarkStackSize                            = 4194304                                   {product} {ergonomic}
   size_t MaxHeapSize                              = 4242538496                                {product} {ergonomic}
   size_t MaxNewSize                               = 2543845376                                {product} {ergonomic}
   size_t MinHeapDeltaBytes                        = 2097152                                   {product} {ergonomic}
   size_t MinHeapSize                              = 8388608                                   {product} {ergonomic}
    uintx NonNMethodCodeHeapSize                   = 5839372                                {pd product} {ergonomic}
    uintx NonProfiledCodeHeapSize                  = 122909434                              {pd product} {ergonomic}
    uintx ProfiledCodeHeapSize                     = 122909434                              {pd product} {ergonomic}
    uintx ReservedCodeCacheSize                    = 251658240                              {pd product} {ergonomic}
     bool SegmentedCodeCache                       = true                                      {product} {ergonomic}
   size_t SoftMaxHeapSize                          = 4242538496                             {manageable} {ergonomic}
     bool UseCompressedClassPointers               = true                           {product lp64_product} {ergonomic}
     bool UseCompressedOops                        = true                           {product lp64_product} {ergonomic}
     bool UseG1GC                                  = true                                      {product} {ergonomic}
     bool UseLargePagesIndividualAllocation        = false                                  {pd product} {ergonomic}

Logging:
Log output configuration:
 #0: stdout all=warning uptime,level,tags
 #1: stderr all=off uptime,level,tags

Environment Variables:
JAVA_HOME=C:\jdk-17.0.2
PATH=C:\Program Files (x86)\VMware\VMware Workstation\bin\;C:\WINDOWS\system32;C:\WINDOWS;C:\WINDOWS\System32\Wbem;C:\WINDOWS\System32\WindowsPowerShell\v1.0\;C:\WINDOWS\System32\OpenSSH\;C:\jdk-17.0.2\bin;C:\Program Files\Git\cmd;C:\Program Files\nodejs\;C:\Users\COM\AppData\Local\Programs\Python\Python312\Scripts\;C:\Users\COM\AppData\Local\Programs\Python\Python312\;C:\Users\COM\AppData\Local\Microsoft\WindowsApps;C:\Users\COM\Desktop\WEB\Microsoft VS Code\bin;C:\Users\COM\AppData\Roaming\npm
USERNAME=COM
OS=Windows_NT
PROCESSOR_IDENTIFIER=Intel64 Family 6 Model 142 Stepping 12, GenuineIntel



---------------  S Y S T E M  ---------------

OS:
 Windows 10 , 64 bit Build 19041 (10.0.19041.4597)
OS uptime: 7 days 17:20 hours

CPU: total 8 (initial active 8) (4 cores per cpu, 2 threads per core) family 6 model 142 stepping 12 microcode 0xb8, cx8, cmov, fxsr, ht, mmx, 3dnowpref, sse, sse2, sse3, ssse3, sse4.1, sse4.2, popcnt, lzcnt, tsc, tscinvbit, avx, avx2, aes, erms, clmul, bmi1, bmi2, adx, fma, vzeroupper, clflush, clflushopt

Memory: 4k page, system-wide physical 16178M (2159M free)
TotalPageFile size 17714M (AvailPageFile size 92M)
current process WorkingSet (physical memory assigned to process): 395M, peak: 395M
current process commit charge ("private bytes"): 547M, peak: 645M

vm_info: OpenJDK 64-Bit Server VM (17.0.2+8-86) for windows-amd64 JRE (17.0.2+8-86), built on Dec  7 2021 21:49:10 by "mach5one" with MS VC++ 16.8 / 16.9 (VS2019)

END.
